#
# A fatal error has been detected by the Java Runtime Environment:
#
#  EXCEPTION_ACCESS_VIOLATION (0xc0000005) at pc=0x00007ffbf26184fd, pid=7252, tid=28400
#
# JRE version: OpenJDK Runtime Environment Corretto-18.0.2.9.1 (18.0.2+9) (build 18.0.2+9-FR)
# Java VM: OpenJDK 64-Bit Server VM Corretto-18.0.2.9.1 (18.0.2+9-FR, mixed mode, sharing, tiered, compressed oops, compressed class ptrs, g1 gc, windows-amd64)
# Problematic frame:
# C  [d3d9.dll+0x184fd]
#
# No core dump will be written. Minidumps are not enabled by default on client versions of Windows
#
# If you would like to submit a bug report, please visit:
#   https://github.com/corretto/corretto-18/issues/
# The crash happened outside the Java Virtual Machine in native code.
# See problematic frame for where to report the bug.
#

---------------  S U M M A R Y ------------

Command Line: --module-path=lib\javaFX\lib --add-modules=javafx.controls,javafx.web,javafx.fxml -javaagent:F:\Program Files\JetBrains\IntelliJ IDEA 2024.1.1\lib\idea_rt.jar=50510:F:\Program Files\JetBrains\IntelliJ IDEA 2024.1.1\bin -Dfile.encoding=UTF-8 -Dsun.stdout.encoding=UTF-8 -Dsun.stderr.encoding=UTF-8 sample.Main

Host: AMD Ryzen 7 7800X3D 8-Core Processor           , 16 cores, 31G,  Windows 11 , 64 bit Build 26100 (10.0.26100.4484)
Time: Tue Jul 29 20:21:41 2025  Windows 11 , 64 bit Build 26100 (10.0.26100.4484) elapsed time: 3.330610 seconds (0d 0h 0m 3s)

---------------  T H R E A D  ---------------

Current thread (0x000001b7346d9d20):  JavaThread "QuantumRenderer-0" daemon [_thread_in_native, id=28400, stack(0x0000001669e00000,0x0000001669f00000)]

Stack: [0x0000001669e00000,0x0000001669f00000],  sp=0x0000001669efed80,  free space=1019k
Native frames: (J=compiled Java code, j=interpreted, Vv=VM code, C=native code)
C  [d3d9.dll+0x184fd]

Java frames: (J=compiled Java code, j=interpreted, Vv=VM code)
j  com.sun.prism.d3d.D3DSwapChain.nPresent(JJ)I+0 javafx.graphics@22
j  com.sun.prism.d3d.D3DSwapChain.present()Z+25 javafx.graphics@22
j  com.sun.javafx.tk.quantum.PresentingPainter.run()V+451 javafx.graphics@22
j  java.util.concurrent.Executors$RunnableAdapter.call()Ljava/lang/Object;+4 java.base@18.0.2
j  java.util.concurrent.FutureTask.runAndReset()Z+44 java.base@18.0.2
j  com.sun.javafx.tk.RenderJob.run()V+1 javafx.graphics@22
j  java.util.concurrent.ThreadPoolExecutor.runWorker(Ljava/util/concurrent/ThreadPoolExecutor$Worker;)V+92 java.base@18.0.2
j  java.util.concurrent.ThreadPoolExecutor$Worker.run()V+5 java.base@18.0.2
j  com.sun.javafx.tk.quantum.QuantumRenderer$PipelineRunnable.run()V+8 javafx.graphics@22
j  java.lang.Thread.run()V+11 java.base@18.0.2
v  ~StubRoutines::call_stub

siginfo: EXCEPTION_ACCESS_VIOLATION (0xc0000005), reading address 0x00000182000101f4


Register to memory mapping:

RIP=0x00007ffbf26184fd d3d9.dll
RAX=0x00000182000100e4 is an unknown value
RBX=0x000001b734b776c0 points into unknown readable memory: 0x000001b734b7bcb0 | b0 bc b7 34 b7 01 00 00
RCX=0x000001b734b776c0 points into unknown readable memory: 0x000001b734b7bcb0 | b0 bc b7 34 b7 01 00 00
RDX=0x0 is NULL
RSP=0x0000001669efed80 is pointing into the stack for thread: 0x000001b7346d9d20
RBP=0x0000001669eff180 is pointing into the stack for thread: 0x000001b7346d9d20
RSI=0x0 is NULL
RDI=0x000001b73c3e0518 points into unknown readable memory: 0x00000182000100e4 | e4 00 01 00 82 01 00 00
R8 =0x000001b73c3e0518 points into unknown readable memory: 0x00000182000100e4 | e4 00 01 00 82 01 00 00
R9 =0x000000007ffe8000 points into unknown readable memory: 0x0000000000000001 | 01 00 00 00 00 00 00 00
R10=0x0000000000000001 is an unknown value
R11=0xfffffffff7e369c1 is an unknown value
R12=0x0 is NULL
R13=0x000001b73086ffe0 is pointing into metadata
R14=0x0 is NULL
R15=0x000001b734b776c8 points into unknown readable memory: 0x0000000000000000 | 00 00 00 00 00 00 00 00


Registers:
RAX=0x00000182000100e4, RBX=0x000001b734b776c0, RCX=0x000001b734b776c0, RDX=0x0000000000000000
RSP=0x0000001669efed80, RBP=0x0000001669eff180, RSI=0x0000000000000000, RDI=0x000001b73c3e0518
R8 =0x000001b73c3e0518, R9 =0x000000007ffe8000, R10=0x0000000000000001, R11=0xfffffffff7e369c1
R12=0x0000000000000000, R13=0x000001b73086ffe0, R14=0x0000000000000000, R15=0x000001b734b776c8
RIP=0x00007ffbf26184fd, EFLAGS=0x0000000000010206

Top of Stack: (sp=0x0000001669efed80)
0x0000001669efed80:   000001b734b776c0 00007ffbf26329f7
0x0000001669efed90:   000001b73d7b3b78 00007ffbf264515e
0x0000001669efeda0:   000001b734b776c8 000001b700000000
0x0000001669efedb0:   0000abe4a2503991 0000058900000a00
0x0000001669efedc0:   0000000000000000 0000000000000000
0x0000001669efedd0:   0000000000000000 0000000000000000
0x0000001669efede0:   000001b73d66bcf8 000001b741d75bd4
0x0000001669efedf0:   000001b749d6dd60 0000000000000000
0x0000001669efee00:   0000bd626c844d99 0000000000000000
0x0000001669efee10:   0000000000000000 0000000000000000
0x0000001669efee20:   000001b73086ffe0 0000000000000000
0x0000001669efee30:   000001b73d66bcf8 0000000000000000
0x0000001669efee40:   0000000000001910 000001b741d86338
0x0000001669efee50:   0000000000001910 000001b73d7b5c74
0x0000001669efee60:   0000000000000004 0000000000000000
0x0000001669efee70:   000000000000001e 000001b734b776c8 

Instructions: (pc=0x00007ffbf26184fd)
0x00007ffbf26183fd:   3b c2 75 07 e8 7a dd 02 00 eb a6 e8 03 6c 13 00
0x00007ffbf261840d:   eb 9f 48 8b d3 48 8b cd e8 be b9 07 00 85 c0 0f
0x00007ffbf261841d:   84 5b ff ff ff 48 8b d3 48 8b cd e8 33 b6 07 00
0x00007ffbf261842d:   e9 4f ff ff ff e8 d9 6b 13 00 eb a0 cc cc cc cc
0x00007ffbf261843d:   cc cc cc 40 53 56 57 41 54 41 55 41 56 41 57 48
0x00007ffbf261844d:   81 ec 90 00 00 00 48 8b 05 a6 a1 18 00 48 33 c4
0x00007ffbf261845d:   48 89 84 24 80 00 00 00 49 8b f8 44 8b f2 48 8b
0x00007ffbf261846d:   d9 4c 8d 79 08 45 33 e4 48 85 c9 4d 0f 44 fc 4c
0x00007ffbf261847d:   89 7c 24 20 44 89 64 24 28 45 39 67 28 74 10 49
0x00007ffbf261848d:   8b cf 48 ff 15 22 f7 13 00 0f 1f 44 00 00 90 8b
0x00007ffbf261849d:   43 4c a8 02 74 33 48 8d 4c 24 20 e8 c3 43 00 00
0x00007ffbf26184ad:   b8 6c 08 76 88 48 8b 8c 24 80 00 00 00 48 33 cc
0x00007ffbf26184bd:   e8 4e 2f 13 00 48 81 c4 90 00 00 00 41 5f 41 5e
0x00007ffbf26184cd:   41 5d 41 5c 5f 5e 5b c3 cc 45 85 f6 75 09 48 85
0x00007ffbf26184dd:   ff 0f 84 11 07 00 00 44 3b b3 a0 02 00 00 0f 83
0x00007ffbf26184ed:   5e 08 00 00 48 85 ff 0f 84 ec 06 00 00 48 8b 07
0x00007ffbf26184fd:   48 8b 80 10 01 00 00 48 8d 0d 25 f8 ff ff 48 3b
0x00007ffbf261850d:   c1 0f 85 6e 08 00 00 48 8b 47 d8 48 3b c3 0f 85
0x00007ffbf261851d:   99 05 00 00 48 8b 07 48 8b 80 f0 00 00 00 4c 8d
0x00007ffbf261852d:   2d ae fd ff ff 49 3b c5 0f 85 96 02 00 00 0f 10
0x00007ffbf261853d:   47 10 0f 11 44 24 48 0f 10 4f 20 0f 11 4c 24 58
0x00007ffbf261854d:   8b 44 24 50 a8 01 0f 84 fd 01 00 00 a8 20 0f 85
0x00007ffbf261855d:   2e 08 00 00 41 8b cc 3b 8b a0 02 00 00 73 19 41
0x00007ffbf261856d:   3b ce 74 10 8b c1 48 3b bc c3 00 40 00 00 0f 84
0x00007ffbf261857d:   7d 07 00 00 ff c1 eb df 45 33 e4 0f ae e8 41 8b
0x00007ffbf261858d:   f4 48 8b cb e8 ba 42 00 00 3b f0 73 32 8b c6 4c
0x00007ffbf261859d:   8b bc c3 30 3f 00 00 41 83 bf d0 01 00 00 05 74
0x00007ffbf26185ad:   04 ff c6 eb dc 48 8b d7 49 8b cf e8 1b b8 07 00
0x00007ffbf26185bd:   85 c0 74 ed 48 8b d7 49 8b cf e8 94 b4 07 00 41
0x00007ffbf26185cd:   8b f4 44 8b bb f0 3f 00 00 41 3b f7 73 20 8b ce
0x00007ffbf26185dd:   48 8b 83 f8 3f 00 00 4c 8b 24 c8 41 83 bc 24 d0
0x00007ffbf26185ed:   01 00 00 05 0f 84 cb 07 00 00 ff c6 eb db 4a 8b 


Stack slot to memory mapping:
stack at sp + 0 slots: 0x000001b734b776c0 points into unknown readable memory: 0x000001b734b7bcb0 | b0 bc b7 34 b7 01 00 00
stack at sp + 1 slots: 0x00007ffbf26329f7 d3d9.dll
stack at sp + 2 slots: 0x000001b73d7b3b78 points into unknown readable memory: 0x000001b7348aaee0 | e0 ae 8a 34 b7 01 00 00
stack at sp + 3 slots: 0x00007ffbf264515e d3d9.dll
stack at sp + 4 slots: 0x000001b734b776c8 points into unknown readable memory: 0x0000000000000000 | 00 00 00 00 00 00 00 00
stack at sp + 5 slots: 0x000001b700000000 is an unknown value
stack at sp + 6 slots: 0x0000abe4a2503991 is an unknown value
stack at sp + 7 slots: 0x0000058900000a00 is an unknown value


---------------  P R O C E S S  ---------------

Threads class SMR info:
_java_thread_list=0x000001b734cfd2e0, length=27, elements={
0x000001b702a1ba80, 0x000001b72c81d270, 0x000001b72c81eb30, 0x000001b72c838c90,
0x000001b72c839540, 0x000001b72c839df0, 0x000001b72c83a6a0, 0x000001b72c8412b0,
0x000001b72c84d4b0, 0x000001b733810fe0, 0x000001b72c805b90, 0x000001b72c84b650,
0x000001b72c84bb60, 0x000001b72c84c070, 0x000001b733fb95e0, 0x000001b73407b340,
0x000001b7346d9d20, 0x000001b7344c1000, 0x000001b73449a080, 0x000001b734b846f0,
0x000001b734cad2d0, 0x000001b73ca747b0, 0x000001b73d41b9a0, 0x000001b73c812990,
0x000001b73c812ea0, 0x000001b73c811a60, 0x000001b73c8133b0
}

Java Threads: ( => current thread )
  0x000001b702a1ba80 JavaThread "main" [_thread_blocked, id=33592, stack(0x0000001668000000,0x0000001668100000)]
  0x000001b72c81d270 JavaThread "Reference Handler" daemon [_thread_blocked, id=5864, stack(0x0000001668700000,0x0000001668800000)]
  0x000001b72c81eb30 JavaThread "Finalizer" daemon [_thread_blocked, id=25144, stack(0x0000001668800000,0x0000001668900000)]
  0x000001b72c838c90 JavaThread "Signal Dispatcher" daemon [_thread_blocked, id=11572, stack(0x0000001668900000,0x0000001668a00000)]
  0x000001b72c839540 JavaThread "Attach Listener" daemon [_thread_blocked, id=21052, stack(0x0000001668a00000,0x0000001668b00000)]
  0x000001b72c839df0 JavaThread "Service Thread" daemon [_thread_blocked, id=30952, stack(0x0000001668b00000,0x0000001668c00000)]
  0x000001b72c83a6a0 JavaThread "Monitor Deflation Thread" daemon [_thread_blocked, id=24816, stack(0x0000001668c00000,0x0000001668d00000)]
  0x000001b72c8412b0 JavaThread "C2 CompilerThread0" daemon [_thread_blocked, id=5756, stack(0x0000001668d00000,0x0000001668e00000)]
  0x000001b72c84d4b0 JavaThread "C1 CompilerThread0" daemon [_thread_blocked, id=30748, stack(0x0000001668e00000,0x0000001668f00000)]
  0x000001b733810fe0 JavaThread "Sweeper thread" daemon [_thread_blocked, id=32308, stack(0x0000001668f00000,0x0000001669000000)]
  0x000001b72c805b90 JavaThread "Common-Cleaner" daemon [_thread_blocked, id=19304, stack(0x0000001669000000,0x0000001669100000)]
  0x000001b72c84b650 JavaThread "C1 CompilerThread1" daemon [_thread_blocked, id=32520, stack(0x0000001669100000,0x0000001669200000)]
  0x000001b72c84bb60 JavaThread "C1 CompilerThread2" daemon [_thread_blocked, id=30248, stack(0x0000001669200000,0x0000001669300000)]
  0x000001b72c84c070 JavaThread "C1 CompilerThread3" daemon [_thread_blocked, id=10836, stack(0x0000001669300000,0x0000001669400000)]
  0x000001b733fb95e0 JavaThread "Monitor Ctrl-Break" daemon [_thread_in_native, id=24828, stack(0x0000001669b00000,0x0000001669c00000)]
  0x000001b73407b340 JavaThread "Notification Thread" daemon [_thread_blocked, id=19276, stack(0x0000001669c00000,0x0000001669d00000)]
=>0x000001b7346d9d20 JavaThread "QuantumRenderer-0" daemon [_thread_in_native, id=28400, stack(0x0000001669e00000,0x0000001669f00000)]
  0x000001b7344c1000 JavaThread "InvokeLaterDispatcher" daemon [_thread_blocked, id=2072, stack(0x000000166a000000,0x000000166a100000)]
  0x000001b73449a080 JavaThread "JavaFX Application Thread" [_thread_blocked, id=29964, stack(0x000000166a100000,0x000000166a200000)]
  0x000001b734b846f0 JavaThread "JavaFX-Launcher" [_thread_blocked, id=5072, stack(0x0000001669a00000,0x0000001669b00000)]
  0x000001b734cad2d0 JavaThread "Thread-2" daemon [_thread_in_native, id=33032, stack(0x0000001669900000,0x0000001669a00000)]
  0x000001b73ca747b0 JavaThread "Prism Font Disposer" daemon [_thread_blocked, id=9844, stack(0x000000166b360000,0x000000166b460000)]
  0x000001b73d41b9a0 JavaThread "Cleaner-0" daemon [_thread_blocked, id=31212, stack(0x000000166b460000,0x000000166b560000)]
  0x000001b73c812990 JavaThread "C2 CompilerThread1" daemon [_thread_blocked, id=30892, stack(0x0000001669500000,0x0000001669600000)]
  0x000001b73c812ea0 JavaThread "C2 CompilerThread2" daemon [_thread_blocked, id=27764, stack(0x0000001669600000,0x0000001669700000)]
  0x000001b73c811a60 JavaThread "C2 CompilerThread3" daemon [_thread_blocked, id=22892, stack(0x0000001669700000,0x0000001669800000)]
  0x000001b73c8133b0 JavaThread "C2 CompilerThread4" daemon [_thread_blocked, id=33664, stack(0x000000166ad60000,0x000000166ae60000)]

Other Threads:
  0x000001b72c81b8d0 VMThread "VM Thread" [stack: 0x0000001668600000,0x0000001668700000] [id=24280]
  0x000001b73407bc80 WatcherThread "VM Periodic Task Thread" [stack: 0x0000001669d00000,0x0000001669e00000] [id=29836]
  0x000001b702acbd90 WorkerThread "GC Thread#0" [stack: 0x0000001668100000,0x0000001668200000] [id=13208]
  0x000001b734da5be0 WorkerThread "GC Thread#1" [stack: 0x0000001669800000,0x0000001669900000] [id=10344]
  0x000001b734d19ae0 WorkerThread "GC Thread#2" [stack: 0x000000166a360000,0x000000166a460000] [id=23444]
  0x000001b734d19d80 WorkerThread "GC Thread#3" [stack: 0x000000166a460000,0x000000166a560000] [id=24756]
  0x000001b734d1a020 WorkerThread "GC Thread#4" [stack: 0x000000166a560000,0x000000166a660000] [id=9528]
  0x000001b734d1bf10 WorkerThread "GC Thread#5" [stack: 0x000000166a660000,0x000000166a760000] [id=8032]
  0x000001b734d1c1b0 WorkerThread "GC Thread#6" [stack: 0x000000166a760000,0x000000166a860000] [id=10896]
  0x000001b734d1c450 WorkerThread "GC Thread#7" [stack: 0x000000166a860000,0x000000166a960000] [id=1088]
  0x000001b734d1d700 WorkerThread "GC Thread#8" [stack: 0x000000166a960000,0x000000166aa60000] [id=32316]
  0x000001b734d2d9b0 WorkerThread "GC Thread#9" [stack: 0x000000166aa60000,0x000000166ab60000] [id=17580]
  0x000001b734ddb680 WorkerThread "GC Thread#10" [stack: 0x000000166ab60000,0x000000166ac60000] [id=31588]
  0x000001b734ddb920 WorkerThread "GC Thread#11" [stack: 0x000000166ac60000,0x000000166ad60000] [id=33596]
  0x000001b702adc730 ConcurrentGCThread "G1 Main Marker" [stack: 0x0000001668200000,0x0000001668300000] [id=31792]
  0x000001b702adeb40 WorkerThread "G1 Conc#0" [stack: 0x0000001668300000,0x0000001668400000] [id=10860]
  0x000001b72c6d0c80 ConcurrentGCThread "G1 Refine#0" [stack: 0x0000001668400000,0x0000001668500000] [id=14704]
  0x000001b72c6d3360 ConcurrentGCThread "G1 Service" [stack: 0x0000001668500000,0x0000001668600000] [id=14356]

Threads with active compile tasks:

VM state: not at safepoint (normal execution)

VM Mutex/Monitor currently owned by a thread: None

Heap address: 0x000000060dc00000, size: 7972 MB, Compressed Oops mode: Zero based, Oop shift amount: 3

CDS archive(s) mapped at: [0x0000000800000000-0x0000000800ba0000-0x0000000800ba0000), size 12189696, SharedBaseAddress: 0x0000000800000000, ArchiveRelocationMode: 0.
Compressed class space mapped at: 0x0000000800c00000-0x0000000840c00000, reserved size: 1073741824
Narrow klass base: 0x0000000800000000, Narrow klass shift: 0, Narrow klass range: 0x100000000

GC Precious Log:
 CardTable entry size: 512
 Card Set container configuration: InlinePtr #cards 4 size 8 Array Of Cards #cards 32 size 80 Howl #buckets 8 coarsen threshold 7372 Howl Bitmap #cards 1024 size 144 coarsen threshold 921 Card regions per heap region 1 cards per card region 8192
 CPUs: 16 total, 16 available
 Memory: 31882M
 Large Page Support: Disabled
 NUMA Support: Disabled
 Compressed Oops: Enabled (Zero based)
 Heap Region Size: 4M
 Heap Min Capacity: 8M
 Heap Initial Capacity: 500M
 Heap Max Capacity: 7972M
 Pre-touch: Disabled
 Parallel Workers: 13
 Concurrent Workers: 3
 Concurrent Refinement Workers: 13
 Periodic GC: Disabled

Heap:
 garbage-first heap   total 512000K, used 78443K [0x000000060dc00000, 0x0000000800000000)
  region size 4096K, 19 young (77824K), 2 survivors (8192K)
 Metaspace       used 20932K, committed 21248K, reserved 1114112K
  class space    used 3074K, committed 3200K, reserved 1048576K

Heap Regions: E=young(eden), S=young(survivor), O=old, HS=humongous(starts), HC=humongous(continues), CS=collection set, F=free, OA=open archive, CA=closed archive, TAMS=top-at-mark-start (previous, next)
|   0|0x000000060dc00000, 0x000000060dc9ac00, 0x000000060e000000| 15%| O|  |TAMS 0x000000060dc00000, 0x000000060dc00000| Untracked 
|   1|0x000000060e000000, 0x000000060e400000, 0x000000060e400000|100%|HS|  |TAMS 0x000000060e000000, 0x000000060e000000| Complete 
|   2|0x000000060e400000, 0x000000060e800000, 0x000000060e800000|100%|HC|  |TAMS 0x000000060e400000, 0x000000060e400000| Complete 
|   3|0x000000060e800000, 0x000000060e800000, 0x000000060ec00000|  0%| F|  |TAMS 0x000000060e800000, 0x000000060e800000| Untracked 
|   4|0x000000060ec00000, 0x000000060ec00000, 0x000000060f000000|  0%| F|  |TAMS 0x000000060ec00000, 0x000000060ec00000| Untracked 
|   5|0x000000060f000000, 0x000000060f000000, 0x000000060f400000|  0%| F|  |TAMS 0x000000060f000000, 0x000000060f000000| Untracked 
|   6|0x000000060f400000, 0x000000060f400000, 0x000000060f800000|  0%| F|  |TAMS 0x000000060f400000, 0x000000060f400000| Untracked 
|   7|0x000000060f800000, 0x000000060f800000, 0x000000060fc00000|  0%| F|  |TAMS 0x000000060f800000, 0x000000060f800000| Untracked 
|   8|0x000000060fc00000, 0x000000060fc00000, 0x0000000610000000|  0%| F|  |TAMS 0x000000060fc00000, 0x000000060fc00000| Untracked 
|   9|0x0000000610000000, 0x0000000610000000, 0x0000000610400000|  0%| F|  |TAMS 0x0000000610000000, 0x0000000610000000| Untracked 
|  10|0x0000000610400000, 0x0000000610400000, 0x0000000610800000|  0%| F|  |TAMS 0x0000000610400000, 0x0000000610400000| Untracked 
|  11|0x0000000610800000, 0x0000000610800000, 0x0000000610c00000|  0%| F|  |TAMS 0x0000000610800000, 0x0000000610800000| Untracked 
|  12|0x0000000610c00000, 0x0000000610c00000, 0x0000000611000000|  0%| F|  |TAMS 0x0000000610c00000, 0x0000000610c00000| Untracked 
|  13|0x0000000611000000, 0x0000000611000000, 0x0000000611400000|  0%| F|  |TAMS 0x0000000611000000, 0x0000000611000000| Untracked 
|  14|0x0000000611400000, 0x0000000611400000, 0x0000000611800000|  0%| F|  |TAMS 0x0000000611400000, 0x0000000611400000| Untracked 
|  15|0x0000000611800000, 0x0000000611800000, 0x0000000611c00000|  0%| F|  |TAMS 0x0000000611800000, 0x0000000611800000| Untracked 
|  16|0x0000000611c00000, 0x0000000611c00000, 0x0000000612000000|  0%| F|  |TAMS 0x0000000611c00000, 0x0000000611c00000| Untracked 
|  17|0x0000000612000000, 0x0000000612000000, 0x0000000612400000|  0%| F|  |TAMS 0x0000000612000000, 0x0000000612000000| Untracked 
|  18|0x0000000612400000, 0x0000000612400000, 0x0000000612800000|  0%| F|  |TAMS 0x0000000612400000, 0x0000000612400000| Untracked 
|  19|0x0000000612800000, 0x0000000612800000, 0x0000000612c00000|  0%| F|  |TAMS 0x0000000612800000, 0x0000000612800000| Untracked 
|  20|0x0000000612c00000, 0x0000000612c00000, 0x0000000613000000|  0%| F|  |TAMS 0x0000000612c00000, 0x0000000612c00000| Untracked 
|  21|0x0000000613000000, 0x0000000613000000, 0x0000000613400000|  0%| F|  |TAMS 0x0000000613000000, 0x0000000613000000| Untracked 
|  22|0x0000000613400000, 0x0000000613400000, 0x0000000613800000|  0%| F|  |TAMS 0x0000000613400000, 0x0000000613400000| Untracked 
|  23|0x0000000613800000, 0x0000000613800000, 0x0000000613c00000|  0%| F|  |TAMS 0x0000000613800000, 0x0000000613800000| Untracked 
|  24|0x0000000613c00000, 0x0000000613c00000, 0x0000000614000000|  0%| F|  |TAMS 0x0000000613c00000, 0x0000000613c00000| Untracked 
|  25|0x0000000614000000, 0x0000000614000000, 0x0000000614400000|  0%| F|  |TAMS 0x0000000614000000, 0x0000000614000000| Untracked 
|  26|0x0000000614400000, 0x0000000614400000, 0x0000000614800000|  0%| F|  |TAMS 0x0000000614400000, 0x0000000614400000| Untracked 
|  27|0x0000000614800000, 0x0000000614800000, 0x0000000614c00000|  0%| F|  |TAMS 0x0000000614800000, 0x0000000614800000| Untracked 
|  28|0x0000000614c00000, 0x0000000614c00000, 0x0000000615000000|  0%| F|  |TAMS 0x0000000614c00000, 0x0000000614c00000| Untracked 
|  29|0x0000000615000000, 0x0000000615000000, 0x0000000615400000|  0%| F|  |TAMS 0x0000000615000000, 0x0000000615000000| Untracked 
|  30|0x0000000615400000, 0x0000000615400000, 0x0000000615800000|  0%| F|  |TAMS 0x0000000615400000, 0x0000000615400000| Untracked 
|  31|0x0000000615800000, 0x0000000615800000, 0x0000000615c00000|  0%| F|  |TAMS 0x0000000615800000, 0x0000000615800000| Untracked 
|  32|0x0000000615c00000, 0x0000000615c00000, 0x0000000616000000|  0%| F|  |TAMS 0x0000000615c00000, 0x0000000615c00000| Untracked 
|  33|0x0000000616000000, 0x0000000616000000, 0x0000000616400000|  0%| F|  |TAMS 0x0000000616000000, 0x0000000616000000| Untracked 
|  34|0x0000000616400000, 0x0000000616400000, 0x0000000616800000|  0%| F|  |TAMS 0x0000000616400000, 0x0000000616400000| Untracked 
|  35|0x0000000616800000, 0x0000000616800000, 0x0000000616c00000|  0%| F|  |TAMS 0x0000000616800000, 0x0000000616800000| Untracked 
|  36|0x0000000616c00000, 0x0000000616c00000, 0x0000000617000000|  0%| F|  |TAMS 0x0000000616c00000, 0x0000000616c00000| Untracked 
|  37|0x0000000617000000, 0x0000000617000000, 0x0000000617400000|  0%| F|  |TAMS 0x0000000617000000, 0x0000000617000000| Untracked 
|  38|0x0000000617400000, 0x0000000617400000, 0x0000000617800000|  0%| F|  |TAMS 0x0000000617400000, 0x0000000617400000| Untracked 
|  39|0x0000000617800000, 0x0000000617800000, 0x0000000617c00000|  0%| F|  |TAMS 0x0000000617800000, 0x0000000617800000| Untracked 
|  40|0x0000000617c00000, 0x0000000617c00000, 0x0000000618000000|  0%| F|  |TAMS 0x0000000617c00000, 0x0000000617c00000| Untracked 
|  41|0x0000000618000000, 0x0000000618000000, 0x0000000618400000|  0%| F|  |TAMS 0x0000000618000000, 0x0000000618000000| Untracked 
|  42|0x0000000618400000, 0x0000000618400000, 0x0000000618800000|  0%| F|  |TAMS 0x0000000618400000, 0x0000000618400000| Untracked 
|  43|0x0000000618800000, 0x0000000618800000, 0x0000000618c00000|  0%| F|  |TAMS 0x0000000618800000, 0x0000000618800000| Untracked 
|  44|0x0000000618c00000, 0x0000000618c00000, 0x0000000619000000|  0%| F|  |TAMS 0x0000000618c00000, 0x0000000618c00000| Untracked 
|  45|0x0000000619000000, 0x0000000619000000, 0x0000000619400000|  0%| F|  |TAMS 0x0000000619000000, 0x0000000619000000| Untracked 
|  46|0x0000000619400000, 0x0000000619400000, 0x0000000619800000|  0%| F|  |TAMS 0x0000000619400000, 0x0000000619400000| Untracked 
|  47|0x0000000619800000, 0x0000000619800000, 0x0000000619c00000|  0%| F|  |TAMS 0x0000000619800000, 0x0000000619800000| Untracked 
|  48|0x0000000619c00000, 0x0000000619c00000, 0x000000061a000000|  0%| F|  |TAMS 0x0000000619c00000, 0x0000000619c00000| Untracked 
|  49|0x000000061a000000, 0x000000061a000000, 0x000000061a400000|  0%| F|  |TAMS 0x000000061a000000, 0x000000061a000000| Untracked 
|  50|0x000000061a400000, 0x000000061a400000, 0x000000061a800000|  0%| F|  |TAMS 0x000000061a400000, 0x000000061a400000| Untracked 
|  51|0x000000061a800000, 0x000000061a800000, 0x000000061ac00000|  0%| F|  |TAMS 0x000000061a800000, 0x000000061a800000| Untracked 
|  52|0x000000061ac00000, 0x000000061ac00000, 0x000000061b000000|  0%| F|  |TAMS 0x000000061ac00000, 0x000000061ac00000| Untracked 
|  53|0x000000061b000000, 0x000000061b000000, 0x000000061b400000|  0%| F|  |TAMS 0x000000061b000000, 0x000000061b000000| Untracked 
|  54|0x000000061b400000, 0x000000061b400000, 0x000000061b800000|  0%| F|  |TAMS 0x000000061b400000, 0x000000061b400000| Untracked 
|  55|0x000000061b800000, 0x000000061b800000, 0x000000061bc00000|  0%| F|  |TAMS 0x000000061b800000, 0x000000061b800000| Untracked 
|  56|0x000000061bc00000, 0x000000061bc00000, 0x000000061c000000|  0%| F|  |TAMS 0x000000061bc00000, 0x000000061bc00000| Untracked 
|  57|0x000000061c000000, 0x000000061c000000, 0x000000061c400000|  0%| F|  |TAMS 0x000000061c000000, 0x000000061c000000| Untracked 
|  58|0x000000061c400000, 0x000000061c400000, 0x000000061c800000|  0%| F|  |TAMS 0x000000061c400000, 0x000000061c400000| Untracked 
|  59|0x000000061c800000, 0x000000061c800000, 0x000000061cc00000|  0%| F|  |TAMS 0x000000061c800000, 0x000000061c800000| Untracked 
|  60|0x000000061cc00000, 0x000000061cc00000, 0x000000061d000000|  0%| F|  |TAMS 0x000000061cc00000, 0x000000061cc00000| Untracked 
|  61|0x000000061d000000, 0x000000061d000000, 0x000000061d400000|  0%| F|  |TAMS 0x000000061d000000, 0x000000061d000000| Untracked 
|  62|0x000000061d400000, 0x000000061d400000, 0x000000061d800000|  0%| F|  |TAMS 0x000000061d400000, 0x000000061d400000| Untracked 
|  63|0x000000061d800000, 0x000000061d800000, 0x000000061dc00000|  0%| F|  |TAMS 0x000000061d800000, 0x000000061d800000| Untracked 
|  64|0x000000061dc00000, 0x000000061dc00000, 0x000000061e000000|  0%| F|  |TAMS 0x000000061dc00000, 0x000000061dc00000| Untracked 
|  65|0x000000061e000000, 0x000000061e000000, 0x000000061e400000|  0%| F|  |TAMS 0x000000061e000000, 0x000000061e000000| Untracked 
|  66|0x000000061e400000, 0x000000061e400000, 0x000000061e800000|  0%| F|  |TAMS 0x000000061e400000, 0x000000061e400000| Untracked 
|  67|0x000000061e800000, 0x000000061e800000, 0x000000061ec00000|  0%| F|  |TAMS 0x000000061e800000, 0x000000061e800000| Untracked 
|  68|0x000000061ec00000, 0x000000061ec00000, 0x000000061f000000|  0%| F|  |TAMS 0x000000061ec00000, 0x000000061ec00000| Untracked 
|  69|0x000000061f000000, 0x000000061f000000, 0x000000061f400000|  0%| F|  |TAMS 0x000000061f000000, 0x000000061f000000| Untracked 
|  70|0x000000061f400000, 0x000000061f400000, 0x000000061f800000|  0%| F|  |TAMS 0x000000061f400000, 0x000000061f400000| Untracked 
|  71|0x000000061f800000, 0x000000061f800000, 0x000000061fc00000|  0%| F|  |TAMS 0x000000061f800000, 0x000000061f800000| Untracked 
|  72|0x000000061fc00000, 0x000000061fc00000, 0x0000000620000000|  0%| F|  |TAMS 0x000000061fc00000, 0x000000061fc00000| Untracked 
|  73|0x0000000620000000, 0x0000000620000000, 0x0000000620400000|  0%| F|  |TAMS 0x0000000620000000, 0x0000000620000000| Untracked 
|  74|0x0000000620400000, 0x0000000620400000, 0x0000000620800000|  0%| F|  |TAMS 0x0000000620400000, 0x0000000620400000| Untracked 
|  75|0x0000000620800000, 0x0000000620800000, 0x0000000620c00000|  0%| F|  |TAMS 0x0000000620800000, 0x0000000620800000| Untracked 
|  76|0x0000000620c00000, 0x0000000620c00000, 0x0000000621000000|  0%| F|  |TAMS 0x0000000620c00000, 0x0000000620c00000| Untracked 
|  77|0x0000000621000000, 0x0000000621000000, 0x0000000621400000|  0%| F|  |TAMS 0x0000000621000000, 0x0000000621000000| Untracked 
|  78|0x0000000621400000, 0x0000000621400000, 0x0000000621800000|  0%| F|  |TAMS 0x0000000621400000, 0x0000000621400000| Untracked 
|  79|0x0000000621800000, 0x0000000621800000, 0x0000000621c00000|  0%| F|  |TAMS 0x0000000621800000, 0x0000000621800000| Untracked 
|  80|0x0000000621c00000, 0x0000000621c00000, 0x0000000622000000|  0%| F|  |TAMS 0x0000000621c00000, 0x0000000621c00000| Untracked 
|  81|0x0000000622000000, 0x0000000622000000, 0x0000000622400000|  0%| F|  |TAMS 0x0000000622000000, 0x0000000622000000| Untracked 
|  82|0x0000000622400000, 0x0000000622400000, 0x0000000622800000|  0%| F|  |TAMS 0x0000000622400000, 0x0000000622400000| Untracked 
|  83|0x0000000622800000, 0x0000000622800000, 0x0000000622c00000|  0%| F|  |TAMS 0x0000000622800000, 0x0000000622800000| Untracked 
|  84|0x0000000622c00000, 0x0000000622c00000, 0x0000000623000000|  0%| F|  |TAMS 0x0000000622c00000, 0x0000000622c00000| Untracked 
|  85|0x0000000623000000, 0x0000000623000000, 0x0000000623400000|  0%| F|  |TAMS 0x0000000623000000, 0x0000000623000000| Untracked 
|  86|0x0000000623400000, 0x0000000623400000, 0x0000000623800000|  0%| F|  |TAMS 0x0000000623400000, 0x0000000623400000| Untracked 
|  87|0x0000000623800000, 0x0000000623800000, 0x0000000623c00000|  0%| F|  |TAMS 0x0000000623800000, 0x0000000623800000| Untracked 
|  88|0x0000000623c00000, 0x0000000623c00000, 0x0000000624000000|  0%| F|  |TAMS 0x0000000623c00000, 0x0000000623c00000| Untracked 
|  89|0x0000000624000000, 0x0000000624000000, 0x0000000624400000|  0%| F|  |TAMS 0x0000000624000000, 0x0000000624000000| Untracked 
|  90|0x0000000624400000, 0x0000000624400000, 0x0000000624800000|  0%| F|  |TAMS 0x0000000624400000, 0x0000000624400000| Untracked 
|  91|0x0000000624800000, 0x0000000624800000, 0x0000000624c00000|  0%| F|  |TAMS 0x0000000624800000, 0x0000000624800000| Untracked 
|  92|0x0000000624c00000, 0x0000000624c00000, 0x0000000625000000|  0%| F|  |TAMS 0x0000000624c00000, 0x0000000624c00000| Untracked 
|  93|0x0000000625000000, 0x0000000625000000, 0x0000000625400000|  0%| F|  |TAMS 0x0000000625000000, 0x0000000625000000| Untracked 
|  94|0x0000000625400000, 0x0000000625400000, 0x0000000625800000|  0%| F|  |TAMS 0x0000000625400000, 0x0000000625400000| Untracked 
|  95|0x0000000625800000, 0x0000000625800000, 0x0000000625c00000|  0%| F|  |TAMS 0x0000000625800000, 0x0000000625800000| Untracked 
|  96|0x0000000625c00000, 0x0000000625c00000, 0x0000000626000000|  0%| F|  |TAMS 0x0000000625c00000, 0x0000000625c00000| Untracked 
|  97|0x0000000626000000, 0x0000000626000000, 0x0000000626400000|  0%| F|  |TAMS 0x0000000626000000, 0x0000000626000000| Untracked 
|  98|0x0000000626400000, 0x0000000626400000, 0x0000000626800000|  0%| F|  |TAMS 0x0000000626400000, 0x0000000626400000| Untracked 
|  99|0x0000000626800000, 0x0000000626800000, 0x0000000626c00000|  0%| F|  |TAMS 0x0000000626800000, 0x0000000626800000| Untracked 
| 100|0x0000000626c00000, 0x0000000626c00000, 0x0000000627000000|  0%| F|  |TAMS 0x0000000626c00000, 0x0000000626c00000| Untracked 
| 101|0x0000000627000000, 0x0000000627000000, 0x0000000627400000|  0%| F|  |TAMS 0x0000000627000000, 0x0000000627000000| Untracked 
| 102|0x0000000627400000, 0x0000000627400000, 0x0000000627800000|  0%| F|  |TAMS 0x0000000627400000, 0x0000000627400000| Untracked 
| 103|0x0000000627800000, 0x0000000627800000, 0x0000000627c00000|  0%| F|  |TAMS 0x0000000627800000, 0x0000000627800000| Untracked 
| 104|0x0000000627c00000, 0x0000000627c00000, 0x0000000628000000|  0%| F|  |TAMS 0x0000000627c00000, 0x0000000627c00000| Untracked 
| 105|0x0000000628000000, 0x0000000628000000, 0x0000000628400000|  0%| F|  |TAMS 0x0000000628000000, 0x0000000628000000| Untracked 
| 106|0x0000000628400000, 0x0000000628567870, 0x0000000628800000| 35%| E|  |TAMS 0x0000000628400000, 0x0000000628400000| Complete 
| 107|0x0000000628800000, 0x0000000628c00000, 0x0000000628c00000|100%| E|CS|TAMS 0x0000000628800000, 0x0000000628800000| Complete 
| 108|0x0000000628c00000, 0x0000000629000000, 0x0000000629000000|100%| E|CS|TAMS 0x0000000628c00000, 0x0000000628c00000| Complete 
| 109|0x0000000629000000, 0x0000000629400000, 0x0000000629400000|100%| E|  |TAMS 0x0000000629000000, 0x0000000629000000| Complete 
| 110|0x0000000629400000, 0x0000000629800000, 0x0000000629800000|100%| E|CS|TAMS 0x0000000629400000, 0x0000000629400000| Complete 
| 111|0x0000000629800000, 0x0000000629c00000, 0x0000000629c00000|100%| E|CS|TAMS 0x0000000629800000, 0x0000000629800000| Complete 
| 112|0x0000000629c00000, 0x000000062a000000, 0x000000062a000000|100%| E|CS|TAMS 0x0000000629c00000, 0x0000000629c00000| Complete 
| 113|0x000000062a000000, 0x000000062a400000, 0x000000062a400000|100%| S|CS|TAMS 0x000000062a000000, 0x000000062a000000| Complete 
| 114|0x000000062a400000, 0x000000062a800000, 0x000000062a800000|100%| S|CS|TAMS 0x000000062a400000, 0x000000062a400000| Complete 
| 115|0x000000062a800000, 0x000000062ac00000, 0x000000062ac00000|100%| E|CS|TAMS 0x000000062a800000, 0x000000062a800000| Complete 
| 116|0x000000062ac00000, 0x000000062b000000, 0x000000062b000000|100%| E|CS|TAMS 0x000000062ac00000, 0x000000062ac00000| Complete 
| 117|0x000000062b000000, 0x000000062b400000, 0x000000062b400000|100%| E|CS|TAMS 0x000000062b000000, 0x000000062b000000| Complete 
| 118|0x000000062b400000, 0x000000062b800000, 0x000000062b800000|100%| E|CS|TAMS 0x000000062b400000, 0x000000062b400000| Complete 
| 119|0x000000062b800000, 0x000000062bc00000, 0x000000062bc00000|100%| E|CS|TAMS 0x000000062b800000, 0x000000062b800000| Complete 
| 120|0x000000062bc00000, 0x000000062c000000, 0x000000062c000000|100%| E|CS|TAMS 0x000000062bc00000, 0x000000062bc00000| Complete 
| 121|0x000000062c000000, 0x000000062c400000, 0x000000062c400000|100%| E|CS|TAMS 0x000000062c000000, 0x000000062c000000| Complete 
| 122|0x000000062c400000, 0x000000062c800000, 0x000000062c800000|100%| E|CS|TAMS 0x000000062c400000, 0x000000062c400000| Complete 
| 123|0x000000062c800000, 0x000000062cc00000, 0x000000062cc00000|100%| E|CS|TAMS 0x000000062c800000, 0x000000062c800000| Complete 
| 124|0x000000062cc00000, 0x000000062d000000, 0x000000062d000000|100%| E|CS|TAMS 0x000000062cc00000, 0x000000062cc00000| Complete 

Card table byte_map: [0x000001b71ae00000,0x000001b71bda0000] _byte_map_base: 0x000001b717d92000

Marking Bits (Prev, Next): (CMBitMap*) 0x000001b702acc390, (CMBitMap*) 0x000001b702acc3d0
 Prev Bits: [0x000001b71cd40000, 0x000001b7249d0000)
 Next Bits: [0x000001b7249d0000, 0x000001b72c660000)

Polling page: 0x000001b700970000

Metaspace:

Usage:
  Non-class:     17.44 MB used.
      Class:      3.00 MB used.
       Both:     20.44 MB used.

Virtual space:
  Non-class space:       64.00 MB reserved,      17.63 MB ( 28%) committed,  1 nodes.
      Class space:        1.00 GB reserved,       3.13 MB ( <1%) committed,  1 nodes.
             Both:        1.06 GB reserved,      20.75 MB (  2%) committed. 

Chunk freelists:
   Non-Class:  1.58 MB
       Class:  832.00 KB
        Both:  2.39 MB

MaxMetaspaceSize: unlimited
CompressedClassSpaceSize: 1.00 GB
Initial GC threshold: 21.00 MB
Current GC threshold: 21.00 MB
CDS: on
MetaspaceReclaimPolicy: balanced
 - commit_granule_bytes: 65536.
 - commit_granule_words: 8192.
 - virtual_space_node_default_size: 8388608.
 - enlarge_chunks_in_place: 1.
 - new_chunks_are_fully_committed: 0.
 - uncommit_free_chunks: 1.
 - use_allocation_guard: 0.


Internal statistics:

num_allocs_failed_limit: 0.
num_arena_births: 422.
num_arena_deaths: 0.
num_vsnodes_births: 2.
num_vsnodes_deaths: 0.
num_space_committed: 332.
num_space_uncommitted: 0.
num_chunks_returned_to_freelist: 0.
num_chunks_taken_from_freelist: 1103.
num_chunk_merges: 0.
num_chunk_splits: 775.
num_chunks_enlarged: 603.
num_inconsistent_stats: 0.

CodeHeap 'non-profiled nmethods': size=119168Kb used=2205Kb max_used=2205Kb free=116962Kb
 bounds [0x000001b712180000, 0x000001b7123f0000, 0x000001b7195e0000]
CodeHeap 'profiled nmethods': size=119104Kb used=10677Kb max_used=10677Kb free=108426Kb
 bounds [0x000001b70ad30000, 0x000001b70b7a0000, 0x000001b712180000]
CodeHeap 'non-nmethods': size=7488Kb used=3163Kb max_used=3208Kb free=4324Kb
 bounds [0x000001b70a5e0000, 0x000001b70a910000, 0x000001b70ad30000]
 total_blobs=5699 nmethods=4880 adapters=728
 compilation: enabled
              stopped_count=0, restarted_count=0
 full_count=0

Compilation events (20 events):
Event: 3.312 Thread 0x000001b72c84b650 4841       3       javafx.scene.layout.Region::maxWidth (52 bytes)
Event: 3.312 Thread 0x000001b72c84c070 4842       3       javafx.scene.layout.Region::getMaxWidth (22 bytes)
Event: 3.312 Thread 0x000001b72c84d4b0 nmethod 4856 0x000001b70b76e710 code [0x000001b70b76e920, 0x000001b70b76edc8]
Event: 3.312 Thread 0x000001b72c84d4b0 4839       3       javafx.scene.control.Cell::layoutChildren (29 bytes)
Event: 3.312 Thread 0x000001b72c84c070 nmethod 4842 0x000001b70b76ef10 code [0x000001b70b76f0e0, 0x000001b70b76f4a8]
Event: 3.313 Thread 0x000001b72c84c070 4840       3       javafx.scene.layout.GridPane$CompositeSize::setSize (8 bytes)
Event: 3.313 Thread 0x000001b72c84b650 nmethod 4841 0x000001b70b76f610 code [0x000001b70b76f840, 0x000001b70b76ffe8]
Event: 3.313 Thread 0x000001b72c84c070 nmethod 4840 0x000001b70b770190 code [0x000001b70b770320, 0x000001b70b770458]
Event: 3.313 Thread 0x000001b72c84b650 4857       3       javafx.scene.Node::getScaleX (19 bytes)
Event: 3.313 Thread 0x000001b72c84c070 4858       3       javafx.scene.Node::getScaleY (19 bytes)
Event: 3.313 Thread 0x000001b72c84bb60 nmethod 4868 0x000001b70b767b90 code [0x000001b70b7682a0, 0x000001b70b76cac8]
Event: 3.313 Thread 0x000001b73c8133b0 nmethod 4710 0x000001b712389f90 code [0x000001b71238a1c0, 0x000001b71238a800]
Event: 3.313 Thread 0x000001b72c84d4b0 nmethod 4839 0x000001b70b770590 code [0x000001b70b7707a0, 0x000001b70b770ef8]
Event: 3.313 Thread 0x000001b73c811a60 4701       4       com.sun.javafx.scene.NodeHelper::geomChangedImpl (10 bytes)
Event: 3.313 Thread 0x000001b72c84d4b0 4859       3       javafx.scene.Node::getScaleZ (19 bytes)
Event: 3.313 Thread 0x000001b72c84bb60 4860       3       javafx.scene.Node::getRotate (19 bytes)
Event: 3.313 Thread 0x000001b72c84b650 nmethod 4857 0x000001b70b771110 code [0x000001b70b771320, 0x000001b70b7717c8]
Event: 3.313 Thread 0x000001b72c84b650 4809       3       javafx.scene.shape.Shape$StyleableProperties$10::isSettable (23 bytes)
Event: 3.313 Thread 0x000001b72c84c070 nmethod 4858 0x000001b70b771910 code [0x000001b70b771b20, 0x000001b70b771fc8]
Event: 3.314 Thread 0x000001b72c84c070 4810       3       javafx.scene.text.Text$StyleableProperties$3::isSettable (9 bytes)

GC Heap History (4 events):
Event: 0.359 GC heap before
{Heap before GC invocations=0 (full 0):
 garbage-first heap   total 512000K, used 24576K [0x000000060dc00000, 0x0000000800000000)
  region size 4096K, 6 young (24576K), 0 survivors (0K)
 Metaspace       used 4591K, committed 4800K, reserved 1114112K
  class space    used 515K, committed 640K, reserved 1048576K
}
Event: 0.361 GC heap after
{Heap after GC invocations=1 (full 0):
 garbage-first heap   total 512000K, used 3841K [0x000000060dc00000, 0x0000000800000000)
  region size 4096K, 1 young (4096K), 1 survivors (4096K)
 Metaspace       used 4591K, committed 4800K, reserved 1114112K
  class space    used 515K, committed 640K, reserved 1048576K
}
Event: 0.811 GC heap before
{Heap before GC invocations=1 (full 0):
 garbage-first heap   total 512000K, used 40705K [0x000000060dc00000, 0x0000000800000000)
  region size 4096K, 10 young (40960K), 1 survivors (4096K)
 Metaspace       used 11271K, committed 11584K, reserved 1114112K
  class space    used 1453K, committed 1600K, reserved 1048576K
}
Event: 0.813 GC heap after
{Heap after GC invocations=2 (full 0):
 garbage-first heap   total 512000K, used 8811K [0x000000060dc00000, 0x0000000800000000)
  region size 4096K, 2 young (8192K), 2 survivors (8192K)
 Metaspace       used 11271K, committed 11584K, reserved 1114112K
  class space    used 1453K, committed 1600K, reserved 1048576K
}

Deoptimization events (20 events):
Event: 3.277 Thread 0x000001b73449a080 Uncommon trap: trap_request=0xffffffbe fr.pc=0x000001b71234f294 relative=0x0000000000003934
Event: 3.277 Thread 0x000001b73449a080 Uncommon trap: reason=profile_predicate action=maybe_recompile pc=0x000001b71234f294 method=javafx.scene.CssStyleHelper$CacheContainer.<init>(Ljavafx/scene/Node;Lcom/sun/javafx/css/StyleMap;I)V @ 164 c2
Event: 3.277 Thread 0x000001b73449a080 DEOPT PACKING pc=0x000001b71234f294 sp=0x000000166a1fba20
Event: 3.277 Thread 0x000001b73449a080 DEOPT UNPACKING pc=0x000001b70a635c23 sp=0x000000166a1fb950 mode 2
Event: 3.277 Thread 0x000001b73449a080 Uncommon trap: trap_request=0xffffffbe fr.pc=0x000001b71234f294 relative=0x0000000000003934
Event: 3.277 Thread 0x000001b73449a080 Uncommon trap: reason=profile_predicate action=maybe_recompile pc=0x000001b71234f294 method=javafx.scene.CssStyleHelper$CacheContainer.<init>(Ljavafx/scene/Node;Lcom/sun/javafx/css/StyleMap;I)V @ 164 c2
Event: 3.277 Thread 0x000001b73449a080 DEOPT PACKING pc=0x000001b71234f294 sp=0x000000166a1fba20
Event: 3.277 Thread 0x000001b73449a080 DEOPT UNPACKING pc=0x000001b70a635c23 sp=0x000000166a1fb950 mode 2
Event: 3.306 Thread 0x000001b73449a080 Uncommon trap: trap_request=0xffffffde fr.pc=0x000001b71237f2e4 relative=0x00000000000003e4
Event: 3.306 Thread 0x000001b73449a080 Uncommon trap: reason=class_check action=maybe_recompile pc=0x000001b71237f2e4 method=javafx.scene.Node.updateLocalToParentTransform()V @ 11 c2
Event: 3.306 Thread 0x000001b73449a080 DEOPT PACKING pc=0x000001b71237f2e4 sp=0x000000166a1fcd90
Event: 3.306 Thread 0x000001b73449a080 DEOPT UNPACKING pc=0x000001b70a635c23 sp=0x000000166a1fcd20 mode 2
Event: 3.306 Thread 0x000001b73449a080 Uncommon trap: trap_request=0xffffffde fr.pc=0x000001b71237f2e4 relative=0x00000000000003e4
Event: 3.306 Thread 0x000001b73449a080 Uncommon trap: reason=class_check action=maybe_recompile pc=0x000001b71237f2e4 method=javafx.scene.Node.updateLocalToParentTransform()V @ 11 c2
Event: 3.306 Thread 0x000001b73449a080 DEOPT PACKING pc=0x000001b71237f2e4 sp=0x000000166a1fcd90
Event: 3.306 Thread 0x000001b73449a080 DEOPT UNPACKING pc=0x000001b70a635c23 sp=0x000000166a1fcd20 mode 2
Event: 3.306 Thread 0x000001b73449a080 Uncommon trap: trap_request=0xffffffde fr.pc=0x000001b71237f2e4 relative=0x00000000000003e4
Event: 3.306 Thread 0x000001b73449a080 Uncommon trap: reason=class_check action=maybe_recompile pc=0x000001b71237f2e4 method=javafx.scene.Node.updateLocalToParentTransform()V @ 11 c2
Event: 3.306 Thread 0x000001b73449a080 DEOPT PACKING pc=0x000001b71237f2e4 sp=0x000000166a1fcd90
Event: 3.306 Thread 0x000001b73449a080 DEOPT UNPACKING pc=0x000001b70a635c23 sp=0x000000166a1fcd20 mode 2

Classes loaded (20 events):
Event: 1.414 Loading class java/util/concurrent/ConcurrentLinkedQueue$Node
Event: 1.414 Loading class java/util/concurrent/ConcurrentLinkedQueue$Node done
Event: 1.427 Loading class java/nio/ShortBuffer
Event: 1.428 Loading class java/nio/ShortBuffer done
Event: 1.428 Loading class java/nio/DoubleBuffer
Event: 1.428 Loading class java/nio/DoubleBuffer done
Event: 1.428 Loading class java/nio/DirectFloatBufferU
Event: 1.428 Loading class java/nio/DirectFloatBufferU done
Event: 1.432 Loading class jdk/internal/ref/CleanerImpl$InnocuousThreadFactory
Event: 1.432 Loading class jdk/internal/ref/CleanerImpl$InnocuousThreadFactory done
Event: 1.434 Loading class sun/misc/Unsafe
Event: 1.434 Loading class sun/misc/Unsafe done
Event: 1.435 Loading class java/lang/invoke/DirectMethodHandle$StaticAccessor
Event: 1.435 Loading class java/lang/invoke/DirectMethodHandle$StaticAccessor done
Event: 2.596 Loading class java/util/EnumMap$Values
Event: 2.597 Loading class java/util/EnumMap$Values done
Event: 2.597 Loading class java/util/EnumMap$ValueIterator
Event: 2.597 Loading class java/util/EnumMap$EnumMapIterator
Event: 2.597 Loading class java/util/EnumMap$EnumMapIterator done
Event: 2.597 Loading class java/util/EnumMap$ValueIterator done

Classes unloaded (0 events):
No events

Classes redefined (0 events):
No events

Internal exceptions (20 events):
Event: 0.975 Thread 0x000001b73449a080 Exception <a 'java/lang/ClassNotFoundException'{0x000000062c3d0a10}: com/sun/javafx/scene/control/skin/resources/controls_pl> (0x000000062c3d0a10) 
thrown [s\src\hotspot\share\prims\jni.cpp, line 535]
Event: 0.976 Thread 0x000001b73449a080 Exception <a 'java/lang/ClassNotFoundException'{0x000000062c3d1d30}: com/sun/javafx/scene/control/skin/resources/controls_pl_PL> (0x000000062c3d1d30) 
thrown [s\src\hotspot\share\prims\jni.cpp, line 535]
Event: 0.987 Thread 0x000001b73449a080 Exception <a 'java/lang/NoSuchMethodError'{0x000000062bc52f68}: 'java.lang.Object java.lang.invoke.DirectMethodHandle$Holder.invokeInterface(java.lang.Object, java.lang.Object, java.lang.Object)'> (0x000000062bc52f68) 
thrown [s\src\hotspot\share\interpreter\linkResolver.cpp, line 759]
Event: 0.987 Thread 0x000001b73449a080 Exception <a 'java/lang/IncompatibleClassChangeError'{0x000000062bc568e8}: Found class java.lang.Object, but interface was expected> (0x000000062bc568e8) 
thrown [s\src\hotspot\share\interpreter\linkResolver.cpp, line 826]
Event: 1.027 Thread 0x000001b73449a080 Exception <a 'java/lang/NoSuchMethodError'{0x000000062b8093e8}: 'int java.lang.invoke.DirectMethodHandle$Holder.invokeVirtual(java.lang.Object, java.lang.Object)'> (0x000000062b8093e8) 
thrown [s\src\hotspot\share\interpreter\linkResolver.cpp, line 759]
Event: 1.067 Thread 0x000001b73449a080 Exception <a 'java/lang/NoSuchMethodError'{0x000000062bb7a158}: 'int java.lang.invoke.DirectMethodHandle$Holder.invokeSpecial(java.lang.Object, java.lang.Object, int)'> (0x000000062bb7a158) 
thrown [s\src\hotspot\share\interpreter\linkResolver.cpp, line 759]
Event: 1.075 Thread 0x000001b73449a080 Exception <a 'java/lang/NoSuchMethodError'{0x000000062bbeb068}: 'java.lang.Object java.lang.invoke.DirectMethodHandle$Holder.invokeSpecial(java.lang.Object, java.lang.Object, double, java.lang.Object)'> (0x000000062bbeb068) 
thrown [s\src\hotspot\share\interpreter\linkResolver.cpp, line 759]
Event: 1.076 Thread 0x000001b73449a080 Exception <a 'java/lang/NoSuchMethodError'{0x000000062bbf2608}: 'java.lang.Object java.lang.invoke.DirectMethodHandle$Holder.newInvokeSpecial(java.lang.Object, java.lang.Object, double)'> (0x000000062bbf2608) 
thrown [s\src\hotspot\share\interpreter\linkResolver.cpp, line 759]
Event: 1.076 Thread 0x000001b73449a080 Exception <a 'java/lang/NoSuchMethodError'{0x000000062bbf6818}: 'java.lang.Object java.lang.invoke.DirectMethodHandle$Holder.invokeSpecial(java.lang.Object, java.lang.Object, java.lang.Object, double)'> (0x000000062bbf6818) 
thrown [s\src\hotspot\share\interpreter\linkResolver.cpp, line 759]
Event: 1.148 Thread 0x000001b73449a080 Exception <a 'java/io/FileNotFoundException'{0x000000062b3cdc00}> (0x000000062b3cdc00) 
thrown [s\src\hotspot\share\prims\jni.cpp, line 516]
Event: 1.153 Thread 0x000001b73449a080 Exception <a 'java/lang/NoSuchMethodError'{0x000000062b3d9200}: 'java.lang.Object java.lang.invoke.DirectMethodHandle$Holder.invokeStatic(java.lang.Object, int, java.lang.Object)'> (0x000000062b3d9200) 
thrown [s\src\hotspot\share\interpreter\linkResolver.cpp, line 759]
Event: 1.155 Thread 0x000001b73449a080 Exception <a 'java/lang/ClassNotFoundException'{0x000000062b3ea180}: sun/util/logging/resources/spi/loggingProvider> (0x000000062b3ea180) 
thrown [s\src\hotspot\share\classfile\systemDictionary.cpp, line 255]
Event: 1.331 Thread 0x000001b73449a080 Exception <a 'java/lang/NoSuchMethodError'{0x00000006294ec518}: 'java.lang.Object java.lang.invoke.DirectMethodHandle$Holder.newInvokeSpecial(java.lang.Object, java.lang.Object, int, int)'> (0x00000006294ec518) 
thrown [s\src\hotspot\share\interpreter\linkResolver.cpp, line 759]
Event: 1.332 Thread 0x000001b73449a080 Exception <a 'java/lang/NoSuchMethodError'{0x00000006294f0d48}: 'java.lang.Object java.lang.invoke.DirectMethodHandle$Holder.invokeSpecial(java.lang.Object, java.lang.Object, java.lang.Object, int, int)'> (0x00000006294f0d48) 
thrown [s\src\hotspot\share\interpreter\linkResolver.cpp, line 759]
Event: 1.348 Thread 0x000001b73449a080 Exception <a 'java/lang/NoSuchMethodError'{0x000000062950ccd0}: 'java.lang.Object java.lang.invoke.DirectMethodHandle$Holder.newInvokeSpecial(java.lang.Object, java.lang.Object, int)'> (0x000000062950ccd0) 
thrown [s\src\hotspot\share\interpreter\linkResolver.cpp, line 759]
Event: 1.414 Thread 0x000001b7346d9d20 Exception <a 'java/lang/NoSuchMethodError'{0x000000062901a6a8}: 'int java.lang.invoke.DirectMethodHandle$Holder.invokeStaticInit(java.lang.Object, java.lang.Object)'> (0x000000062901a6a8) 
thrown [s\src\hotspot\share\interpreter\linkResolver.cpp, line 759]
Event: 1.414 Thread 0x000001b73449a080 Exception <a 'java/lang/NoSuchMethodError'{0x0000000629059a88}: 'long java.lang.invoke.DirectMethodHandle$Holder.invokeStatic(java.lang.Object, java.lang.Object, java.lang.Object)'> (0x0000000629059a88) 
thrown [s\src\hotspot\share\interpreter\linkResolver.cpp, line 759]
Event: 1.414 Thread 0x000001b73449a080 Exception <a 'java/lang/NoSuchMethodError'{0x000000062905d228}: 'long java.lang.invoke.DirectMethodHandle$Holder.invokeStaticInit(java.lang.Object, java.lang.Object, java.lang.Object)'> (0x000000062905d228) 
thrown [s\src\hotspot\share\interpreter\linkResolver.cpp, line 759]
Event: 1.415 Thread 0x000001b73449a080 Exception <a 'java/lang/NoSuchMethodError'{0x0000000629075968}: 'java.lang.Object java.lang.invoke.DirectMethodHandle$Holder.newInvokeSpecial(java.lang.Object, java.lang.Object, long)'> (0x0000000629075968) 
thrown [s\src\hotspot\share\interpreter\linkResolver.cpp, line 759]
Event: 1.415 Thread 0x000001b73449a080 Exception <a 'java/lang/NoSuchMethodError'{0x00000006290794e0}: 'java.lang.Object java.lang.invoke.Invokers$Holder.linkToTargetMethod(java.lang.Object, long, java.lang.Object)'> (0x00000006290794e0) 
thrown [s\src\hotspot\share\interpreter\linkResolver.cpp, line 759]

VM Operations (20 events):
Event: 1.117 Executing VM operation: HandshakeAllThreads
Event: 1.117 Executing VM operation: HandshakeAllThreads done
Event: 1.117 Executing VM operation: HandshakeAllThreads
Event: 1.117 Executing VM operation: HandshakeAllThreads done
Event: 1.180 Executing VM operation: ICBufferFull
Event: 1.180 Executing VM operation: ICBufferFull done
Event: 1.218 Executing VM operation: HandshakeAllThreads
Event: 1.218 Executing VM operation: HandshakeAllThreads done
Event: 1.220 Executing VM operation: ICBufferFull
Event: 1.220 Executing VM operation: ICBufferFull done
Event: 1.238 Executing VM operation: HandshakeAllThreads
Event: 1.238 Executing VM operation: HandshakeAllThreads done
Event: 1.308 Executing VM operation: ICBufferFull
Event: 1.308 Executing VM operation: ICBufferFull done
Event: 1.376 Executing VM operation: HandshakeAllThreads
Event: 1.376 Executing VM operation: HandshakeAllThreads done
Event: 1.454 Executing VM operation: ICBufferFull
Event: 1.454 Executing VM operation: ICBufferFull done
Event: 2.455 Executing VM operation: Cleanup
Event: 2.455 Executing VM operation: Cleanup done

Events (20 events):
Event: 0.340 Thread 0x000001b72c84d9c0 Thread exited: 0x000001b72c84d9c0
Event: 0.341 Thread 0x000001b734cad2d0 Thread added: 0x000001b734cad2d0
Event: 0.343 Loaded shared library C:\Users\kamyk\.jdks\corretto-18.0.2\bin\jimage.dll
Event: 0.373 Thread 0x000001b72c84d9c0 Thread added: 0x000001b72c84d9c0
Event: 0.373 Thread 0x000001b72c84c580 Thread added: 0x000001b72c84c580
Event: 0.373 Thread 0x000001b72c84a720 Thread added: 0x000001b72c84a720
Event: 0.639 Loaded shared library C:\Users\kamyk\Documents\GitHub\Projects\SheetManagerForDnD\lib\javaFX\bin\javafx_font.dll
Event: 1.014 Thread 0x000001b73ca747b0 Thread added: 0x000001b73ca747b0
Event: 1.432 Thread 0x000001b73d41b9a0 Thread added: 0x000001b73d41b9a0
Event: 1.604 Thread 0x000001b72c84a720 Thread exited: 0x000001b72c84a720
Event: 1.636 Thread 0x000001b72c84c580 Thread exited: 0x000001b72c84c580
Event: 1.636 Thread 0x000001b72c84d9c0 Thread exited: 0x000001b72c84d9c0
Event: 1.653 Thread 0x000001b72c84ac30 Thread exited: 0x000001b72c84ac30
Event: 1.653 Thread 0x000001b72c84b140 Thread exited: 0x000001b72c84b140
Event: 1.781 Thread 0x000001b72c84a210 Thread exited: 0x000001b72c84a210
Event: 1.781 Thread 0x000001b72c84cfa0 Thread exited: 0x000001b72c84cfa0
Event: 3.278 Thread 0x000001b73c812990 Thread added: 0x000001b73c812990
Event: 3.279 Thread 0x000001b73c812ea0 Thread added: 0x000001b73c812ea0
Event: 3.280 Thread 0x000001b73c811a60 Thread added: 0x000001b73c811a60
Event: 3.302 Thread 0x000001b73c8133b0 Thread added: 0x000001b73c8133b0


Dynamic libraries:
0x00007ff6e90d0000 - 0x00007ff6e90dd000 	C:\Users\kamyk\.jdks\corretto-18.0.2\bin\java.exe
0x00007ffc254c0000 - 0x00007ffc25728000 	C:\WINDOWS\SYSTEM32\ntdll.dll
0x00007ffc23be0000 - 0x00007ffc23ca9000 	C:\WINDOWS\System32\KERNEL32.DLL
0x00007ffc22e70000 - 0x00007ffc2325d000 	C:\WINDOWS\System32\KERNELBASE.dll
0x00007ffc226d0000 - 0x00007ffc2281b000 	C:\WINDOWS\System32\ucrtbase.dll
0x00007ffc1ee30000 - 0x00007ffc1ee47000 	C:\Users\kamyk\.jdks\corretto-18.0.2\bin\jli.dll
0x00007ffc1ee50000 - 0x00007ffc1ee65000 	C:\Users\kamyk\.jdks\corretto-18.0.2\bin\VCRUNTIME140.dll
0x00007ffc24bd0000 - 0x00007ffc24d9c000 	C:\WINDOWS\System32\USER32.dll
0x00007ffc0bb30000 - 0x00007ffc0bdca000 	C:\WINDOWS\WinSxS\amd64_microsoft.windows.common-controls_6595b64144ccf1df_6.0.26100.4484_none_3e0e6d4ce32ef3b3\COMCTL32.dll
0x00007ffc22820000 - 0x00007ffc22847000 	C:\WINDOWS\System32\win32u.dll
0x00007ffc252f0000 - 0x00007ffc25399000 	C:\WINDOWS\System32\msvcrt.dll
0x00007ffc24ba0000 - 0x00007ffc24bcb000 	C:\WINDOWS\System32\GDI32.dll
0x00007ffc22850000 - 0x00007ffc22987000 	C:\WINDOWS\System32\gdi32full.dll
0x00007ffc22dc0000 - 0x00007ffc22e63000 	C:\WINDOWS\System32\msvcp_win.dll
0x00007ffc248f0000 - 0x00007ffc2491f000 	C:\WINDOWS\System32\IMM32.DLL
0x00007ffc1ed90000 - 0x00007ffc1ee2b000 	C:\Users\kamyk\.jdks\corretto-18.0.2\bin\msvcp140.dll
0x00007ffb21270000 - 0x00007ffb21ee1000 	C:\Users\kamyk\.jdks\corretto-18.0.2\bin\server\jvm.dll
0x00007ffc25230000 - 0x00007ffc252e4000 	C:\WINDOWS\System32\ADVAPI32.dll
0x00007ffc23660000 - 0x00007ffc23706000 	C:\WINDOWS\System32\sechost.dll
0x00007ffc238b0000 - 0x00007ffc239c8000 	C:\WINDOWS\System32\RPCRT4.dll
0x00007ffc23290000 - 0x00007ffc23298000 	C:\WINDOWS\System32\PSAPI.DLL
0x00007ffc00c60000 - 0x00007ffc00c6a000 	C:\WINDOWS\SYSTEM32\WSOCK32.dll
0x00007ffc15ed0000 - 0x00007ffc15f05000 	C:\WINDOWS\SYSTEM32\WINMM.dll
0x00007ffc234e0000 - 0x00007ffc23554000 	C:\WINDOWS\System32\WS2_32.dll
0x00007ffc1b520000 - 0x00007ffc1b52b000 	C:\WINDOWS\SYSTEM32\VERSION.dll
0x00007ffc21380000 - 0x00007ffc2139b000 	C:\WINDOWS\SYSTEM32\kernel.appcore.dll
0x00007ffc02950000 - 0x00007ffc0295a000 	C:\Users\kamyk\.jdks\corretto-18.0.2\bin\jimage.dll
0x00007ffc1fde0000 - 0x00007ffc20021000 	C:\WINDOWS\SYSTEM32\DBGHELP.DLL
0x00007ffc24560000 - 0x00007ffc248e6000 	C:\WINDOWS\System32\combase.dll
0x00007ffc24400000 - 0x00007ffc244e0000 	C:\WINDOWS\System32\OLEAUT32.dll
0x00007ffbff1b0000 - 0x00007ffbff1f3000 	C:\WINDOWS\SYSTEM32\dbgcore.DLL
0x00007ffc22b10000 - 0x00007ffc22ba9000 	C:\WINDOWS\System32\bcryptPrimitives.dll
0x00007ffc028f0000 - 0x00007ffc028fe000 	C:\Users\kamyk\.jdks\corretto-18.0.2\bin\instrument.dll
0x00007ffc02900000 - 0x00007ffc02925000 	C:\Users\kamyk\.jdks\corretto-18.0.2\bin\java.dll
0x00007ffbfb7c0000 - 0x00007ffbfb896000 	C:\Users\kamyk\.jdks\corretto-18.0.2\bin\jsvml.dll
0x00007ffc23cb0000 - 0x00007ffc243fa000 	C:\WINDOWS\System32\SHELL32.dll
0x00007ffc22990000 - 0x00007ffc22b04000 	C:\WINDOWS\System32\wintypes.dll
0x00007ffc200c0000 - 0x00007ffc2091b000 	C:\WINDOWS\SYSTEM32\windows.storage.dll
0x00007ffc23560000 - 0x00007ffc23655000 	C:\WINDOWS\System32\SHCORE.dll
0x00007ffc244f0000 - 0x00007ffc2455a000 	C:\WINDOWS\System32\shlwapi.dll
0x00007ffc22520000 - 0x00007ffc2254f000 	C:\WINDOWS\SYSTEM32\profapi.dll
0x00007ffbfd580000 - 0x00007ffbfd593000 	C:\Users\kamyk\.jdks\corretto-18.0.2\bin\net.dll
0x00007ffc1c050000 - 0x00007ffc1c16e000 	C:\WINDOWS\SYSTEM32\WINHTTP.dll
0x00007ffc21940000 - 0x00007ffc219aa000 	C:\WINDOWS\system32\mswsock.dll
0x00007ffbfc6a0000 - 0x00007ffbfc6b5000 	C:\Users\kamyk\.jdks\corretto-18.0.2\bin\nio.dll
0x00007ffbfb7a0000 - 0x00007ffbfb7b8000 	C:\Users\kamyk\.jdks\corretto-18.0.2\bin\zip.dll
0x00007ffbfb780000 - 0x00007ffbfb79a000 	F:\Program Files\JetBrains\IntelliJ IDEA 2024.1.1\bin\breakgen64.dll
0x000001b72f760000 - 0x000001b72f763000 	C:\Users\kamyk\Documents\GitHub\Projects\SheetManagerForDnD\lib\javaFX\bin\api-ms-win-core-console-l1-1-0.dll
0x000001b72f770000 - 0x000001b72f773000 	C:\Users\kamyk\Documents\GitHub\Projects\SheetManagerForDnD\lib\javaFX\bin\api-ms-win-core-console-l1-2-0.dll
0x000001b72f780000 - 0x000001b72f783000 	C:\Users\kamyk\Documents\GitHub\Projects\SheetManagerForDnD\lib\javaFX\bin\api-ms-win-core-datetime-l1-1-0.dll
0x000001b72f790000 - 0x000001b72f793000 	C:\Users\kamyk\Documents\GitHub\Projects\SheetManagerForDnD\lib\javaFX\bin\api-ms-win-core-debug-l1-1-0.dll
0x000001b72f7a0000 - 0x000001b72f7a3000 	C:\Users\kamyk\Documents\GitHub\Projects\SheetManagerForDnD\lib\javaFX\bin\api-ms-win-core-errorhandling-l1-1-0.dll
0x000001b72f7b0000 - 0x000001b72f7b4000 	C:\Users\kamyk\Documents\GitHub\Projects\SheetManagerForDnD\lib\javaFX\bin\api-ms-win-core-file-l1-1-0.dll
0x000001b72f7c0000 - 0x000001b72f7c3000 	C:\Users\kamyk\Documents\GitHub\Projects\SheetManagerForDnD\lib\javaFX\bin\api-ms-win-core-file-l1-2-0.dll
0x000001b72f7d0000 - 0x000001b72f7d3000 	C:\Users\kamyk\Documents\GitHub\Projects\SheetManagerForDnD\lib\javaFX\bin\api-ms-win-core-file-l2-1-0.dll
0x000001b72f7e0000 - 0x000001b72f7e3000 	C:\Users\kamyk\Documents\GitHub\Projects\SheetManagerForDnD\lib\javaFX\bin\api-ms-win-core-handle-l1-1-0.dll
0x000001b72f7f0000 - 0x000001b72f7f3000 	C:\Users\kamyk\Documents\GitHub\Projects\SheetManagerForDnD\lib\javaFX\bin\api-ms-win-core-heap-l1-1-0.dll
0x000001b7353d0000 - 0x000001b7353d3000 	C:\Users\kamyk\Documents\GitHub\Projects\SheetManagerForDnD\lib\javaFX\bin\api-ms-win-core-interlocked-l1-1-0.dll
0x000001b7353e0000 - 0x000001b7353e3000 	C:\Users\kamyk\Documents\GitHub\Projects\SheetManagerForDnD\lib\javaFX\bin\api-ms-win-core-libraryloader-l1-1-0.dll
0x000001b7353f0000 - 0x000001b7353f3000 	C:\Users\kamyk\Documents\GitHub\Projects\SheetManagerForDnD\lib\javaFX\bin\api-ms-win-core-localization-l1-2-0.dll
0x000001b735400000 - 0x000001b735403000 	C:\Users\kamyk\Documents\GitHub\Projects\SheetManagerForDnD\lib\javaFX\bin\api-ms-win-core-memory-l1-1-0.dll
0x000001b735410000 - 0x000001b735413000 	C:\Users\kamyk\Documents\GitHub\Projects\SheetManagerForDnD\lib\javaFX\bin\api-ms-win-core-namedpipe-l1-1-0.dll
0x000001b735420000 - 0x000001b735423000 	C:\Users\kamyk\Documents\GitHub\Projects\SheetManagerForDnD\lib\javaFX\bin\api-ms-win-core-processenvironment-l1-1-0.dll
0x000001b735430000 - 0x000001b735433000 	C:\Users\kamyk\Documents\GitHub\Projects\SheetManagerForDnD\lib\javaFX\bin\api-ms-win-core-processthreads-l1-1-0.dll
0x000001b735440000 - 0x000001b735443000 	C:\Users\kamyk\Documents\GitHub\Projects\SheetManagerForDnD\lib\javaFX\bin\api-ms-win-core-processthreads-l1-1-1.dll
0x000001b735450000 - 0x000001b735453000 	C:\Users\kamyk\Documents\GitHub\Projects\SheetManagerForDnD\lib\javaFX\bin\api-ms-win-core-profile-l1-1-0.dll
0x000001b735460000 - 0x000001b735463000 	C:\Users\kamyk\Documents\GitHub\Projects\SheetManagerForDnD\lib\javaFX\bin\api-ms-win-core-rtlsupport-l1-1-0.dll
0x000001b735470000 - 0x000001b735473000 	C:\Users\kamyk\Documents\GitHub\Projects\SheetManagerForDnD\lib\javaFX\bin\api-ms-win-core-string-l1-1-0.dll
0x000001b735480000 - 0x000001b735483000 	C:\Users\kamyk\Documents\GitHub\Projects\SheetManagerForDnD\lib\javaFX\bin\api-ms-win-core-synch-l1-1-0.dll
0x000001b735490000 - 0x000001b735493000 	C:\Users\kamyk\Documents\GitHub\Projects\SheetManagerForDnD\lib\javaFX\bin\api-ms-win-core-synch-l1-2-0.dll
0x000001b7354a0000 - 0x000001b7354a3000 	C:\Users\kamyk\Documents\GitHub\Projects\SheetManagerForDnD\lib\javaFX\bin\api-ms-win-core-sysinfo-l1-1-0.dll
0x000001b7354b0000 - 0x000001b7354b3000 	C:\Users\kamyk\Documents\GitHub\Projects\SheetManagerForDnD\lib\javaFX\bin\api-ms-win-core-timezone-l1-1-0.dll
0x000001b7354c0000 - 0x000001b7354c3000 	C:\Users\kamyk\Documents\GitHub\Projects\SheetManagerForDnD\lib\javaFX\bin\api-ms-win-core-util-l1-1-0.dll
0x000001b7354d0000 - 0x000001b7354d3000 	C:\Users\kamyk\Documents\GitHub\Projects\SheetManagerForDnD\lib\javaFX\bin\api-ms-win-crt-conio-l1-1-0.dll
0x000001b7354e0000 - 0x000001b7354e4000 	C:\Users\kamyk\Documents\GitHub\Projects\SheetManagerForDnD\lib\javaFX\bin\api-ms-win-crt-convert-l1-1-0.dll
0x000001b7354f0000 - 0x000001b7354f3000 	C:\Users\kamyk\Documents\GitHub\Projects\SheetManagerForDnD\lib\javaFX\bin\api-ms-win-crt-environment-l1-1-0.dll
0x000001b735500000 - 0x000001b735503000 	C:\Users\kamyk\Documents\GitHub\Projects\SheetManagerForDnD\lib\javaFX\bin\api-ms-win-crt-filesystem-l1-1-0.dll
0x000001b735510000 - 0x000001b735513000 	C:\Users\kamyk\Documents\GitHub\Projects\SheetManagerForDnD\lib\javaFX\bin\api-ms-win-crt-heap-l1-1-0.dll
0x000001b735520000 - 0x000001b735523000 	C:\Users\kamyk\Documents\GitHub\Projects\SheetManagerForDnD\lib\javaFX\bin\api-ms-win-crt-locale-l1-1-0.dll
0x000001b735530000 - 0x000001b735535000 	C:\Users\kamyk\Documents\GitHub\Projects\SheetManagerForDnD\lib\javaFX\bin\api-ms-win-crt-math-l1-1-0.dll
0x000001b735540000 - 0x000001b735545000 	C:\Users\kamyk\Documents\GitHub\Projects\SheetManagerForDnD\lib\javaFX\bin\api-ms-win-crt-multibyte-l1-1-0.dll
0x000001b735550000 - 0x000001b735560000 	C:\Users\kamyk\Documents\GitHub\Projects\SheetManagerForDnD\lib\javaFX\bin\api-ms-win-crt-private-l1-1-0.dll
0x000001b735560000 - 0x000001b735563000 	C:\Users\kamyk\Documents\GitHub\Projects\SheetManagerForDnD\lib\javaFX\bin\api-ms-win-crt-process-l1-1-0.dll
0x000001b735570000 - 0x000001b735574000 	C:\Users\kamyk\Documents\GitHub\Projects\SheetManagerForDnD\lib\javaFX\bin\api-ms-win-crt-runtime-l1-1-0.dll
0x000001b735580000 - 0x000001b735584000 	C:\Users\kamyk\Documents\GitHub\Projects\SheetManagerForDnD\lib\javaFX\bin\api-ms-win-crt-stdio-l1-1-0.dll
0x000001b735590000 - 0x000001b735594000 	C:\Users\kamyk\Documents\GitHub\Projects\SheetManagerForDnD\lib\javaFX\bin\api-ms-win-crt-string-l1-1-0.dll
0x000001b7355a0000 - 0x000001b7355a3000 	C:\Users\kamyk\Documents\GitHub\Projects\SheetManagerForDnD\lib\javaFX\bin\api-ms-win-crt-time-l1-1-0.dll
0x000001b7355b0000 - 0x000001b7355b3000 	C:\Users\kamyk\Documents\GitHub\Projects\SheetManagerForDnD\lib\javaFX\bin\api-ms-win-crt-utility-l1-1-0.dll
0x00007ffb9abf0000 - 0x00007ffb9acec000 	C:\Users\kamyk\Documents\GitHub\Projects\SheetManagerForDnD\lib\javaFX\bin\ucrtbase.dll
0x00007ffbfb760000 - 0x00007ffbfb77b000 	C:\Users\kamyk\Documents\GitHub\Projects\SheetManagerForDnD\lib\javaFX\bin\vcruntime140.dll
0x00007ffbfb750000 - 0x00007ffbfb75c000 	C:\Users\kamyk\Documents\GitHub\Projects\SheetManagerForDnD\lib\javaFX\bin\vcruntime140_1.dll
0x00007ffbf5440000 - 0x00007ffbf54ce000 	C:\Users\kamyk\Documents\GitHub\Projects\SheetManagerForDnD\lib\javaFX\bin\msvcp140.dll
0x00007ffbfb740000 - 0x00007ffbfb749000 	C:\Users\kamyk\Documents\GitHub\Projects\SheetManagerForDnD\lib\javaFX\bin\msvcp140_1.dll
0x00007ffbfb6f0000 - 0x00007ffbfb731000 	C:\Users\kamyk\Documents\GitHub\Projects\SheetManagerForDnD\lib\javaFX\bin\msvcp140_2.dll
0x00007ffbfaea0000 - 0x00007ffbfaed0000 	C:\Users\kamyk\Documents\GitHub\Projects\SheetManagerForDnD\lib\javaFX\bin\prism_d3d.dll
0x00007ffbf2600000 - 0x00007ffbf27ba000 	C:\WINDOWS\system32\d3d9.dll
0x00007ffc1f660000 - 0x00007ffc1f696000 	C:\WINDOWS\SYSTEM32\dwmapi.dll
0x00007ffc1f610000 - 0x00007ffc1f65d000 	C:\WINDOWS\SYSTEM32\dxcore.dll
0x00007ffc1f300000 - 0x00007ffc1f3af000 	C:\WINDOWS\system32\uxtheme.dll
0x00007ffc1b390000 - 0x00007ffc1b452000 	C:\WINDOWS\System32\DriverStore\FileRepository\nv_dispi.inf_amd64_3f8b32ec1762de58\nvldumdx.dll
0x00007ffc21c60000 - 0x00007ffc21c73000 	C:\WINDOWS\SYSTEM32\msasn1.dll
0x00007ffc1b4e0000 - 0x00007ffc1b51b000 	C:\WINDOWS\SYSTEM32\cryptnet.dll
0x00007ffc22bb0000 - 0x00007ffc22d27000 	C:\WINDOWS\System32\CRYPT32.dll
0x00007ffc21bf0000 - 0x00007ffc21bfc000 	C:\WINDOWS\SYSTEM32\cryptbase.dll
0x00007ffc21cd0000 - 0x00007ffc21d3b000 	C:\WINDOWS\SYSTEM32\wldp.dll
0x00007ffc1a870000 - 0x00007ffc1a9ec000 	C:\WINDOWS\SYSTEM32\drvstore.dll
0x00007ffc22260000 - 0x00007ffc2228d000 	C:\WINDOWS\SYSTEM32\devobj.dll
0x00007ffc221e0000 - 0x00007ffc22237000 	C:\WINDOWS\SYSTEM32\cfgmgr32.dll
0x00007ffc22d30000 - 0x00007ffc22db4000 	C:\WINDOWS\System32\wintrust.dll
0x00007ffc239d0000 - 0x00007ffc239f0000 	C:\WINDOWS\System32\imagehlp.dll
0x00007ffc21c00000 - 0x00007ffc21c1b000 	C:\WINDOWS\SYSTEM32\CRYPTSP.dll
0x00007ffc212e0000 - 0x00007ffc2131b000 	C:\WINDOWS\system32\rsaenh.dll
0x00007ffc224f0000 - 0x00007ffc22516000 	C:\WINDOWS\SYSTEM32\bcrypt.dll
0x00007ffc16b00000 - 0x00007ffc1a5b3000 	C:\WINDOWS\System32\DriverStore\FileRepository\nv_dispi.inf_amd64_3f8b32ec1762de58\nvgpucomp64.dll
0x00007ffc23330000 - 0x00007ffc234ce000 	C:\WINDOWS\System32\ole32.dll
0x00007ffc15f10000 - 0x00007ffc15fed000 	C:\WINDOWS\System32\DriverStore\FileRepository\nv_dispi.inf_amd64_3f8b32ec1762de58\NvMemMapStoragex.dll
0x00007ffc222c0000 - 0x00007ffc2231e000 	C:\WINDOWS\SYSTEM32\POWRPROF.dll
0x00007ffc22240000 - 0x00007ffc22254000 	C:\WINDOWS\SYSTEM32\UMPDC.dll
0x00007ffba8ca0000 - 0x00007ffbaaf2d000 	C:\WINDOWS\System32\DriverStore\FileRepository\nv_dispi.inf_amd64_3f8b32ec1762de58\nvd3dumx.dll
0x00007ffc1c420000 - 0x00007ffc1c484000 	C:\WINDOWS\SYSTEM32\directxdatabasehelper.dll
0x00007ffbfacc0000 - 0x00007ffbfad05000 	C:\Users\kamyk\Documents\GitHub\Projects\SheetManagerForDnD\lib\javaFX\bin\glass.dll
0x00007ffc24aa0000 - 0x00007ffc24b98000 	C:\WINDOWS\System32\COMDLG32.dll
0x0000000180000000 - 0x0000000188144000 	C:\Program Files (x86)\ASUS\GPUTweakIII\GTIII-OSD\x64\GTIII-OSD64-VK.dll
0x00007ffbfb560000 - 0x00007ffbfb6e5000 	C:\WINDOWS\SYSTEM32\vulkan-1.dll
0x00007ffc24930000 - 0x00007ffc24a90000 	C:\WINDOWS\System32\MSCTF.dll
0x00007ffbecfa0000 - 0x00007ffbed2b4000 	C:\WINDOWS\system32\nvspcap64.dll
0x00007ffc214c0000 - 0x00007ffc214f6000 	C:\WINDOWS\SYSTEM32\ntmarta.dll
0x00007ffc219b0000 - 0x00007ffc219d7000 	C:\WINDOWS\SYSTEM32\gpapi.dll

dbghelp: loaded successfully - version: 4.0.5 - missing functions: none
symbol engine: initialized successfully - sym options: 0x614 - pdb path: .;C:\Users\kamyk\.jdks\corretto-18.0.2\bin;C:\WINDOWS\SYSTEM32;C:\WINDOWS\WinSxS\amd64_microsoft.windows.common-controls_6595b64144ccf1df_6.0.26100.4484_none_3e0e6d4ce32ef3b3;C:\Users\kamyk\.jdks\corretto-18.0.2\bin\server;F:\Program Files\JetBrains\IntelliJ IDEA 2024.1.1\bin;C:\Users\kamyk\Documents\GitHub\Projects\SheetManagerForDnD\lib\javaFX\bin;C:\WINDOWS\System32\DriverStore\FileRepository\nv_dispi.inf_amd64_3f8b32ec1762de58;C:\Program Files (x86)\ASUS\GPUTweakIII\GTIII-OSD\x64;C:\Program Files\Common Files\Microsoft Shared\Ink

VM Arguments:
jvm_args: --module-path=lib\javaFX\lib --add-modules=javafx.controls,javafx.web,javafx.fxml -javaagent:F:\Program Files\JetBrains\IntelliJ IDEA 2024.1.1\lib\idea_rt.jar=50510:F:\Program Files\JetBrains\IntelliJ IDEA 2024.1.1\bin -Dfile.encoding=UTF-8 -Dsun.stdout.encoding=UTF-8 -Dsun.stderr.encoding=UTF-8 
java_command: sample.Main
java_class_path (initial): C:\Users\kamyk\Documents\GitHub\Projects\SheetManagerForDnD\out\production\SheetManager;C:\Users\kamyk\Documents\GitHub\Projects\SheetManagerForDnD\lib\javaFX\lib\javafx-swt.jar;C:\Users\kamyk\Documents\GitHub\Projects\SheetManagerForDnD\lib\javaFX\lib\javafx.web.jar;C:\Users\kamyk\Documents\GitHub\Projects\SheetManagerForDnD\lib\javaFX\lib\javafx.base.jar;C:\Users\kamyk\Documents\GitHub\Projects\SheetManagerForDnD\lib\javaFX\lib\javafx.fxml.jar;C:\Users\kamyk\Documents\GitHub\Projects\SheetManagerForDnD\lib\javaFX\lib\javafx.media.jar;C:\Users\kamyk\Documents\GitHub\Projects\SheetManagerForDnD\lib\javaFX\lib\javafx.swing.jar;C:\Users\kamyk\Documents\GitHub\Projects\SheetManagerForDnD\lib\javaFX\lib\javafx.controls.jar;C:\Users\kamyk\Documents\GitHub\Projects\SheetManagerForDnD\lib\javaFX\lib\javafx.graphics.jar
Launcher Type: SUN_STANDARD

[Global flags]
     intx CICompilerCount                          = 12                                        {product} {ergonomic}
     uint ConcGCThreads                            = 3                                         {product} {ergonomic}
     uint G1ConcRefinementThreads                  = 13                                        {product} {ergonomic}
   size_t G1HeapRegionSize                         = 4194304                                   {product} {ergonomic}
    uintx GCDrainStackTargetSize                   = 64                                        {product} {ergonomic}
   size_t InitialHeapSize                          = 524288000                                 {product} {ergonomic}
   size_t MarkStackSize                            = 4194304                                   {product} {ergonomic}
   size_t MaxHeapSize                              = 8359247872                                {product} {ergonomic}
   size_t MaxNewSize                               = 5012193280                                {product} {ergonomic}
   size_t MinHeapDeltaBytes                        = 4194304                                   {product} {ergonomic}
   size_t MinHeapSize                              = 8388608                                   {product} {ergonomic}
    uintx NonNMethodCodeHeapSize                   = 7602480                                {pd product} {ergonomic}
    uintx NonProfiledCodeHeapSize                  = 122027880                              {pd product} {ergonomic}
    uintx ProfiledCodeHeapSize                     = 122027880                              {pd product} {ergonomic}
    uintx ReservedCodeCacheSize                    = 251658240                              {pd product} {ergonomic}
     bool SegmentedCodeCache                       = true                                      {product} {ergonomic}
   size_t SoftMaxHeapSize                          = 8359247872                             {manageable} {ergonomic}
     bool UseCompressedClassPointers               = true                           {product lp64_product} {ergonomic}
     bool UseCompressedOops                        = true                           {product lp64_product} {ergonomic}
     bool UseG1GC                                  = true                                      {product} {ergonomic}
     bool UseLargePagesIndividualAllocation        = false                                  {pd product} {ergonomic}

Logging:
Log output configuration:
 #0: stdout all=warning uptime,level,tags foldmultilines=false
 #1: stderr all=off uptime,level,tags foldmultilines=false

Environment Variables:
PATH=C:\Program Files\Microsoft SDKs\Azure\CLI2\wbin;C:\WINDOWS\system32;C:\WINDOWS;C:\WINDOWS\System32\Wbem;C:\WINDOWS\System32\WindowsPowerShell\v1.0\;C:\WINDOWS\System32\OpenSSH\;C:\Program Files\dotnet\;C:\Program Files\NVIDIA Corporation\NVIDIA App\NvDLISR;C:\Program Files (x86)\NVIDIA Corporation\PhysX\Common;C:\Program Files\Git\cmd;C:\Users\kamyk\AppData\Local\Programs\Python\Launcher\;C:\Users\kamyk\AppData\Local\Microsoft\WindowsApps;C:\Users\kamyk\AppData\Local\GitHubDesktop\bin;F:\Program Files\GitHubDesktop\bin;C:\Users\kamyk\AppData\Local\Pandoc\
USERNAME=kamyk
OS=Windows_NT
PROCESSOR_IDENTIFIER=AMD64 Family 25 Model 97 Stepping 2, AuthenticAMD



---------------  S Y S T E M  ---------------

OS:
 Windows 11 , 64 bit Build 26100 (10.0.26100.4484)
OS uptime: 0 days 0:20 hours
Hyper-V role detected

CPU: total 16 (initial active 16) (16 cores per cpu, 2 threads per core) family 25 model 97 stepping 2 microcode 0xa601209, cx8, cmov, fxsr, ht, mmx, 3dnowpref, sse, sse2, sse3, ssse3, sse4a, sse4.1, sse4.2, popcnt, lzcnt, tsc, tscinvbit, avx, avx2, aes, erms, clmul, bmi1, bmi2, adx, avx512f, avx512dq, avx512cd, avx512bw, avx512vl, sha, fma, vzeroupper, avx512_vpopcntdq, avx512_vpclmulqdq, avx512_vaes, avx512_vnni, clflush, clflushopt, avx512_vbmi2, avx512_vbmi, hv

Memory: 4k page, system-wide physical 31882M (15194M free)
TotalPageFile size 81034M (AvailPageFile size 56872M)
current process WorkingSet (physical memory assigned to process): 257M, peak: 266M
current process commit charge ("private bytes"): 1090M, peak: 1096M

vm_info: OpenJDK 64-Bit Server VM (18.0.2+9-FR) for windows-amd64 JRE (18.0.2+9-FR), built on Jul 15 2022 20:03:03 by "Administrator" with MS VC++ 15.9 (VS2017)

END.
