#
# A fatal error has been detected by the Java Runtime Environment:
#
#  EXCEPTION_ACCESS_VIOLATION (0xc0000005) at pc=0x00007ffac8078026, pid=76792, tid=57764
#
# JRE version: OpenJDK Runtime Environment Corretto-16.0.2.7.1 (16.0.2+7) (build 16.0.2+7)
# Java VM: OpenJDK 64-Bit Server VM Corretto-16.0.2.7.1 (16.0.2+7, mixed mode, sharing, tiered, compressed oops, compressed class ptrs, g1 gc, windows-amd64)
# Problematic frame:
# C  [d3d9.dll+0x118026]
#
# No core dump will be written. Minidumps are not enabled by default on client versions of Windows
#
# If you would like to submit a bug report, please visit:
#   https://github.com/corretto/corretto-jdk/issues/
# The crash happened outside the Java Virtual Machine in native code.
# See problematic frame for where to report the bug.
#

---------------  S U M M A R Y ------------

Command Line: --module-path=C:\javafx-sdk-18.0.1\lib --add-modules=javafx.controls,javafx.fxml -javaagent:C:\Program Files\JetBrains\IntelliJ IDEA Community Edition 2021.2.2\lib\idea_rt.jar=60464:C:\Program Files\JetBrains\IntelliJ IDEA Community Edition 2021.2.2\bin -Dfile.encoding=UTF-8 sample.Main

Host: Intel(R) Core(TM) i5-8600K CPU @ 3.60GHz, 6 cores, 31G,  Windows 10 , 64 bit Build 19041 (10.0.19041.3636)
Time: Sun Apr  7 20:26:54 2024  Windows 10 , 64 bit Build 19041 (10.0.19041.3636) elapsed time: 7.849803 seconds (0d 0h 0m 7s)

---------------  T H R E A D  ---------------

Current thread (0x000001c399cd17d0):  JavaThread "QuantumRenderer-0" daemon [_thread_in_native, id=57764, stack(0x00000077f5000000,0x00000077f5100000)]

Stack: [0x00000077f5000000,0x00000077f5100000],  sp=0x00000077f50fe450,  free space=1017k
Native frames: (J=compiled Java code, j=interpreted, Vv=VM code, C=native code)
C  [d3d9.dll+0x118026]

Java frames: (J=compiled Java code, j=interpreted, Vv=VM code)
j  com.sun.prism.d3d.D3DSwapChain.nPresent(JJ)I+0 javafx.graphics@18.0.1
j  com.sun.prism.d3d.D3DSwapChain.present()Z+25 javafx.graphics@18.0.1
j  com.sun.javafx.tk.quantum.PresentingPainter.run()V+451 javafx.graphics@18.0.1
j  java.util.concurrent.Executors$RunnableAdapter.call()Ljava/lang/Object;+4 java.base@16.0.2
j  java.util.concurrent.FutureTask.runAndReset()Z+44 java.base@16.0.2
j  com.sun.javafx.tk.RenderJob.run()V+1 javafx.graphics@18.0.1
j  java.util.concurrent.ThreadPoolExecutor.runWorker(Ljava/util/concurrent/ThreadPoolExecutor$Worker;)V+92 java.base@16.0.2
j  java.util.concurrent.ThreadPoolExecutor$Worker.run()V+5 java.base@16.0.2
j  com.sun.javafx.tk.quantum.QuantumRenderer$PipelineRunnable.run()V+8 javafx.graphics@18.0.1
j  java.lang.Thread.run()V+11 java.base@16.0.2
v  ~StubRoutines::call_stub

siginfo: EXCEPTION_ACCESS_VIOLATION (0xc0000005), reading address 0x00000002000101f4


Register to memory mapping:

RIP=0x00007ffac8078026 d3d9.dll
RAX=0x00000002000100e4 is an unknown value
RBX=0x000001c399c4e8e0 points into unknown readable memory: 0x000001c399c52ed0 | d0 2e c5 99 c3 01 00 00
RCX=0x000001c39ac80b18 points into unknown readable memory: 0x00000002000100e4 | e4 00 01 00 02 00 00 00
RDX=0x000001c399c4e8e8 points into unknown readable memory: 0x0000000000000000 | 00 00 00 00 00 00 00 00
RSP=0x00000077f50fe450 is pointing into the stack for thread: 0x000001c399cd17d0
RBP=0x0 is NULL
RSI=0x0 is NULL
RDI=0x000001c39ac80b18 points into unknown readable memory: 0x00000002000100e4 | e4 00 01 00 02 00 00 00
R8 =0x0 is NULL
R9 =0x000000007ffeb000 points into unknown readable memory: 0x00000000546c6148 | 48 61 6c 54 00 00 00 00
R10=0x00000000546c6148 is an unknown value
R11=0x000004da122bc216 is an unknown value
R12=0x0 is NULL
R13=0x0 is NULL
R14=0x00000077f50fef40 is pointing into the stack for thread: 0x000001c399cd17d0
R15=0x0 is NULL


Registers:
RAX=0x00000002000100e4, RBX=0x000001c399c4e8e0, RCX=0x000001c39ac80b18, RDX=0x000001c399c4e8e8
RSP=0x00000077f50fe450, RBP=0x0000000000000000, RSI=0x0000000000000000, RDI=0x000001c39ac80b18
R8 =0x0000000000000000, R9 =0x000000007ffeb000, R10=0x00000000546c6148, R11=0x000004da122bc216
R12=0x0000000000000000, R13=0x0000000000000000, R14=0x00000077f50fef40, R15=0x0000000000000000
RIP=0x00007ffac8078026, EFLAGS=0x0000000000010206

Top of Stack: (sp=0x00000077f50fe450)
0x00000077f50fe450:   0000000000000000 0000000000000000
0x00000077f50fe460:   000001c399c3bc80 0000c0042e49e2ca
0x00000077f50fe470:   000001c399c4e8e8 0000000000000000
0x00000077f50fe480:   0000000000000000 0000000100000001
0x00000077f50fe490:   0000000000000000 000001c3a7443db4
0x00000077f50fe4a0:   000001c3af44c188 00000077f50fef40
0x00000077f50fe4b0:   0000000000000000 0000000000000000
0x00000077f50fe4c0:   000001c39ac851b8 000001c3a74a7b05
0x00000077f50fe4d0:   000006ea2ad66367 000077c569659f48
0x00000077f50fe4e0:   00000077f50fef40 0000000000000000
0x00000077f50fe4f0:   000001c39ac851b8 000001c3a7453dd8
0x00000077f50fe500:   000001c39ac851b8 fffffffffffbd88c
0x00000077f50fe510:   0000000000000004 000001c39ac851b8
0x00000077f50fe520:   000000000000001e 000001c399c4e8e8
0x00000077f50fe530:   0000000000000000 000001c3a7453939
0x00000077f50fe540:   000001c39ac851b8 000001c39ac851b8 

Instructions: (pc=0x00007ffac8078026)
0x00007ffac8077f26:   cc cc cc cc cc cc cc cc cc cc 48 8b c4 56 57 41
0x00007ffac8077f36:   56 48 81 ec 90 00 00 00 48 c7 40 90 fe ff ff ff
0x00007ffac8077f46:   48 89 58 20 48 8b 05 37 b5 09 00 48 33 c4 48 89
0x00007ffac8077f56:   84 24 88 00 00 00 49 8b f8 8b f2 48 8b d9 48 8b
0x00007ffac8077f66:   c1 48 83 c1 08 48 f7 d8 48 1b d2 48 23 d1 45 33
0x00007ffac8077f76:   c0 48 8d 4c 24 20 e8 83 7b ef ff 90 8b 43 4c 83
0x00007ffac8077f86:   e0 02 84 c0 74 14 48 8d 4c 24 20 e8 a6 7a ef ff
0x00007ffac8077f96:   b8 6c 08 76 88 e9 da 02 00 00 85 f6 75 38 48 85
0x00007ffac8077fa6:   ff 75 33 41 b9 ce 07 00 00 4c 8d 05 ea b9 07 00
0x00007ffac8077fb6:   48 8d 15 b3 c0 07 00 b9 ef be ad de e8 45 e7 ef
0x00007ffac8077fc6:   ff 90 48 8d 4c 24 20 e8 6a 7a ef ff b8 6c 08 76
0x00007ffac8077fd6:   88 e9 9e 02 00 00 3b b3 a0 02 00 00 72 33 41 b9
0x00007ffac8077fe6:   d3 07 00 00 4c 8d 05 af b9 07 00 48 8d 15 50 c0
0x00007ffac8077ff6:   07 00 b9 ef be ad de e8 0a e7 ef ff 90 48 8d 4c
0x00007ffac8078006:   24 20 e8 2f 7a ef ff b8 6c 08 76 88 e9 63 02 00
0x00007ffac8078016:   00 48 85 ff 0f 84 6d 01 00 00 48 8b 07 48 8b cf
0x00007ffac8078026:   48 8b 80 10 01 00 00 ff 15 f5 fd 03 00 48 3b c3
0x00007ffac8078036:   74 33 41 b9 e0 07 00 00 4c 8d 05 5b b9 07 00 48
0x00007ffac8078046:   8d 15 54 c0 07 00 b9 ef be ad de e8 b6 e6 ef ff
0x00007ffac8078056:   90 48 8d 4c 24 20 e8 db 79 ef ff b8 6c 08 76 88
0x00007ffac8078066:   e9 0f 02 00 00 48 8b 07 48 8d 54 24 68 48 8b cf
0x00007ffac8078076:   48 8b 80 f0 00 00 00 ff 15 a5 fd 03 00 41 be 01
0x00007ffac8078086:   00 00 00 44 84 74 24 70 75 6f 41 b9 e8 07 00 00
0x00007ffac8078096:   4c 8d 05 03 b9 07 00 48 8d 15 5c b4 07 00 b9 ef
0x00007ffac80780a6:   be ad de e8 5e e6 ef ff 41 b9 e9 07 00 00 4c 8d
0x00007ffac80780b6:   05 e5 b8 07 00 48 8d 15 ee b4 07 00 b9 ef be ad
0x00007ffac80780c6:   de e8 40 e6 ef ff 41 b9 ea 07 00 00 4c 8d 05 c7
0x00007ffac80780d6:   b8 07 00 48 8d 15 88 c0 07 00 b9 ef be ad de e8
0x00007ffac80780e6:   22 e6 ef ff 90 48 8d 4c 24 20 e8 47 79 ef ff b8
0x00007ffac80780f6:   6c 08 76 88 e9 7b 01 00 00 f6 44 24 70 20 74 33
0x00007ffac8078106:   41 b9 f0 07 00 00 4c 8d 05 8d b8 07 00 48 8d 15
0x00007ffac8078116:   d6 bf 07 00 b9 ef be ad de e8 e8 e5 ef ff 90 48 


Stack slot to memory mapping:
stack at sp + 0 slots: 0x0 is NULL
stack at sp + 1 slots: 0x0 is NULL
stack at sp + 2 slots: 0x000001c399c3bc80 points into unknown readable memory: 0x0000000a0000000a | 0a 00 00 00 0a 00 00 00
stack at sp + 3 slots: 0x0000c0042e49e2ca is an unknown value
stack at sp + 4 slots: 0x000001c399c4e8e8 points into unknown readable memory: 0x0000000000000000 | 00 00 00 00 00 00 00 00
stack at sp + 5 slots: 0x0 is NULL
stack at sp + 6 slots: 0x0 is NULL
stack at sp + 7 slots: 0x0000000100000001 is an unknown value


---------------  P R O C E S S  ---------------

Threads class SMR info:
_java_thread_list=0x000001c3991c7150, length=20, elements={
0x000001c3ea3cd9e0, 0x000001c3976d6640, 0x000001c3976dacc0, 0x000001c3976eba80,
0x000001c3976ef5b0, 0x000001c3976f3fe0, 0x000001c3976f5180, 0x000001c3976f9b50,
0x000001c3976fedf0, 0x000001c398192bb0, 0x000001c3976b6c20, 0x000001c398c824b0,
0x000001c39957f240, 0x000001c399cd17d0, 0x000001c3985fd040, 0x000001c3985fe550,
0x000001c39912f0a0, 0x000001c39912fb40, 0x000001c399130090, 0x000001c39912db60
}

Java Threads: ( => current thread )
  0x000001c3ea3cd9e0 JavaThread "main" [_thread_blocked, id=76300, stack(0x00000077f3f00000,0x00000077f4000000)]
  0x000001c3976d6640 JavaThread "Reference Handler" daemon [_thread_blocked, id=75916, stack(0x00000077f4600000,0x00000077f4700000)]
  0x000001c3976dacc0 JavaThread "Finalizer" daemon [_thread_blocked, id=68584, stack(0x00000077f4700000,0x00000077f4800000)]
  0x000001c3976eba80 JavaThread "Signal Dispatcher" daemon [_thread_blocked, id=72096, stack(0x00000077f4800000,0x00000077f4900000)]
  0x000001c3976ef5b0 JavaThread "Attach Listener" daemon [_thread_blocked, id=75680, stack(0x00000077f4900000,0x00000077f4a00000)]
  0x000001c3976f3fe0 JavaThread "Service Thread" daemon [_thread_blocked, id=70108, stack(0x00000077f4a00000,0x00000077f4b00000)]
  0x000001c3976f5180 JavaThread "Monitor Deflation Thread" daemon [_thread_blocked, id=74408, stack(0x00000077f4b00000,0x00000077f4c00000)]
  0x000001c3976f9b50 JavaThread "C2 CompilerThread0" daemon [_thread_blocked, id=73216, stack(0x00000077f4c00000,0x00000077f4d00000)]
  0x000001c3976fedf0 JavaThread "C1 CompilerThread0" daemon [_thread_blocked, id=73832, stack(0x00000077f4d00000,0x00000077f4e00000)]
  0x000001c398192bb0 JavaThread "Sweeper thread" daemon [_thread_blocked, id=75240, stack(0x00000077f4e00000,0x00000077f4f00000)]
  0x000001c3976b6c20 JavaThread "Common-Cleaner" daemon [_thread_blocked, id=70260, stack(0x00000077f4f00000,0x00000077f5000000)]
  0x000001c398c824b0 JavaThread "Monitor Ctrl-Break" daemon [_thread_in_native, id=69472, stack(0x00000077f5100000,0x00000077f5200000)]
  0x000001c39957f240 JavaThread "Notification Thread" daemon [_thread_blocked, id=76368, stack(0x00000077f5200000,0x00000077f5300000)]
=>0x000001c399cd17d0 JavaThread "QuantumRenderer-0" daemon [_thread_in_native, id=57764, stack(0x00000077f5000000,0x00000077f5100000)]
  0x000001c3985fd040 JavaThread "InvokeLaterDispatcher" daemon [_thread_blocked, id=71296, stack(0x00000077f5500000,0x00000077f5600000)]
  0x000001c3985fe550 JavaThread "JavaFX Application Thread" [_thread_blocked, id=74960, stack(0x00000077f5600000,0x00000077f5700000)]
  0x000001c39912f0a0 JavaThread "Thread-1" daemon [_thread_in_native, id=72988, stack(0x00000077f5800000,0x00000077f5900000)]
  0x000001c39912fb40 JavaThread "JavaFX-Launcher" [_thread_blocked, id=71252, stack(0x00000077f5900000,0x00000077f5a00000)]
  0x000001c399130090 JavaThread "Prism Font Disposer" daemon [_thread_blocked, id=63428, stack(0x00000077f6300000,0x00000077f6400000)]
  0x000001c39912db60 JavaThread "Cleaner-0" daemon [_thread_blocked, id=71036, stack(0x00000077f6400000,0x00000077f6500000)]

Other Threads:
  0x000001c3976d29b0 VMThread "VM Thread" [stack: 0x00000077f4500000,0x00000077f4600000] [id=76460]
  0x000001c398aea660 WatcherThread [stack: 0x00000077f5300000,0x00000077f5400000] [id=68684]
  0x000001c3ea441a80 GCTaskThread "GC Thread#0" [stack: 0x00000077f4000000,0x00000077f4100000] [id=75268]
  0x000001c399b0ce40 GCTaskThread "GC Thread#1" [stack: 0x00000077f5a00000,0x00000077f5b00000] [id=71612]
  0x000001c399b0c820 GCTaskThread "GC Thread#2" [stack: 0x00000077f5b00000,0x00000077f5c00000] [id=23588]
  0x000001c399b0cb30 GCTaskThread "GC Thread#3" [stack: 0x00000077f5c00000,0x00000077f5d00000] [id=70516]
  0x000001c399b0d150 GCTaskThread "GC Thread#4" [stack: 0x00000077f5d00000,0x00000077f5e00000] [id=73416]
  0x000001c399b0b2b0 GCTaskThread "GC Thread#5" [stack: 0x00000077f5e00000,0x00000077f5f00000] [id=17356]
  0x000001c3ea453a50 ConcurrentGCThread "G1 Main Marker" [stack: 0x00000077f4100000,0x00000077f4200000] [id=72400]
  0x000001c3ea4544c0 ConcurrentGCThread "G1 Conc#0" [stack: 0x00000077f4200000,0x00000077f4300000] [id=60992]
  0x000001c3975944e0 ConcurrentGCThread "G1 Refine#0" [stack: 0x00000077f4300000,0x00000077f4400000] [id=75760]
  0x000001c3ea4a0410 ConcurrentGCThread "G1 Service" [stack: 0x00000077f4400000,0x00000077f4500000] [id=33164]

Threads with active compile tasks:

VM state: not at safepoint (normal execution)

VM Mutex/Monitor currently owned by a thread: None

Heap address: 0x0000000601000000, size: 8176 MB, Compressed Oops mode: Zero based, Oop shift amount: 3

CDS archive(s) mapped at: [0x0000000800000000-0x0000000800be0000-0x0000000800be0000), size 12451840, SharedBaseAddress: 0x0000000800000000, ArchiveRelocationMode: 0.
Compressed class space mapped at: 0x0000000800c00000-0x0000000840c00000, reserved size: 1073741824
Narrow klass base: 0x0000000800000000, Narrow klass shift: 3, Narrow klass range: 0x100000000

GC Precious Log:
 CPUs: 6 total, 6 available
 Memory: 32701M
 Large Page Support: Disabled
 NUMA Support: Disabled
 Compressed Oops: Enabled (Zero based)
 Heap Region Size: 4M
 Heap Min Capacity: 8M
 Heap Initial Capacity: 512M
 Heap Max Capacity: 8176M
 Pre-touch: Disabled
 Parallel Workers: 6
 Concurrent Workers: 2
 Concurrent Refinement Workers: 6
 Periodic GC: Disabled

Heap:
 garbage-first heap   total 524288K, used 57156K [0x0000000601000000, 0x0000000800000000)
  region size 4096K, 13 young (53248K), 2 survivors (8192K)
 Metaspace       used 20465K, committed 20736K, reserved 1073152K
  class space    used 2862K, committed 3008K, reserved 1048576K

Heap Regions: E=young(eden), S=young(survivor), O=old, HS=humongous(starts), HC=humongous(continues), CS=collection set, F=free, OA=open archive, CA=closed archive, TAMS=top-at-mark-start (previous, next)
|   0|0x0000000601000000, 0x0000000601400000, 0x0000000601400000|100%|HS|  |TAMS 0x0000000601000000, 0x0000000601000000| Complete 
|   1|0x0000000601400000, 0x0000000601800000, 0x0000000601800000|100%|HC|  |TAMS 0x0000000601400000, 0x0000000601400000| Complete 
|   2|0x0000000601800000, 0x0000000601800000, 0x0000000601c00000|  0%| F|  |TAMS 0x0000000601800000, 0x0000000601800000| Untracked 
|   3|0x0000000601c00000, 0x0000000601c00000, 0x0000000602000000|  0%| F|  |TAMS 0x0000000601c00000, 0x0000000601c00000| Untracked 
|   4|0x0000000602000000, 0x0000000602000000, 0x0000000602400000|  0%| F|  |TAMS 0x0000000602000000, 0x0000000602000000| Untracked 
|   5|0x0000000602400000, 0x0000000602400000, 0x0000000602800000|  0%| F|  |TAMS 0x0000000602400000, 0x0000000602400000| Untracked 
|   6|0x0000000602800000, 0x0000000602800000, 0x0000000602c00000|  0%| F|  |TAMS 0x0000000602800000, 0x0000000602800000| Untracked 
|   7|0x0000000602c00000, 0x0000000602c00000, 0x0000000603000000|  0%| F|  |TAMS 0x0000000602c00000, 0x0000000602c00000| Untracked 
|   8|0x0000000603000000, 0x0000000603000000, 0x0000000603400000|  0%| F|  |TAMS 0x0000000603000000, 0x0000000603000000| Untracked 
|   9|0x0000000603400000, 0x0000000603400000, 0x0000000603800000|  0%| F|  |TAMS 0x0000000603400000, 0x0000000603400000| Untracked 
|  10|0x0000000603800000, 0x0000000603800000, 0x0000000603c00000|  0%| F|  |TAMS 0x0000000603800000, 0x0000000603800000| Untracked 
|  11|0x0000000603c00000, 0x0000000603c00000, 0x0000000604000000|  0%| F|  |TAMS 0x0000000603c00000, 0x0000000603c00000| Untracked 
|  12|0x0000000604000000, 0x0000000604000000, 0x0000000604400000|  0%| F|  |TAMS 0x0000000604000000, 0x0000000604000000| Untracked 
|  13|0x0000000604400000, 0x0000000604400000, 0x0000000604800000|  0%| F|  |TAMS 0x0000000604400000, 0x0000000604400000| Untracked 
|  14|0x0000000604800000, 0x0000000604800000, 0x0000000604c00000|  0%| F|  |TAMS 0x0000000604800000, 0x0000000604800000| Untracked 
|  15|0x0000000604c00000, 0x0000000604c00000, 0x0000000605000000|  0%| F|  |TAMS 0x0000000604c00000, 0x0000000604c00000| Untracked 
|  16|0x0000000605000000, 0x0000000605000000, 0x0000000605400000|  0%| F|  |TAMS 0x0000000605000000, 0x0000000605000000| Untracked 
|  17|0x0000000605400000, 0x0000000605400000, 0x0000000605800000|  0%| F|  |TAMS 0x0000000605400000, 0x0000000605400000| Untracked 
|  18|0x0000000605800000, 0x0000000605800000, 0x0000000605c00000|  0%| F|  |TAMS 0x0000000605800000, 0x0000000605800000| Untracked 
|  19|0x0000000605c00000, 0x0000000605c00000, 0x0000000606000000|  0%| F|  |TAMS 0x0000000605c00000, 0x0000000605c00000| Untracked 
|  20|0x0000000606000000, 0x0000000606000000, 0x0000000606400000|  0%| F|  |TAMS 0x0000000606000000, 0x0000000606000000| Untracked 
|  21|0x0000000606400000, 0x0000000606400000, 0x0000000606800000|  0%| F|  |TAMS 0x0000000606400000, 0x0000000606400000| Untracked 
|  22|0x0000000606800000, 0x0000000606800000, 0x0000000606c00000|  0%| F|  |TAMS 0x0000000606800000, 0x0000000606800000| Untracked 
|  23|0x0000000606c00000, 0x0000000606c00000, 0x0000000607000000|  0%| F|  |TAMS 0x0000000606c00000, 0x0000000606c00000| Untracked 
|  24|0x0000000607000000, 0x0000000607000000, 0x0000000607400000|  0%| F|  |TAMS 0x0000000607000000, 0x0000000607000000| Untracked 
|  25|0x0000000607400000, 0x0000000607400000, 0x0000000607800000|  0%| F|  |TAMS 0x0000000607400000, 0x0000000607400000| Untracked 
|  26|0x0000000607800000, 0x0000000607800000, 0x0000000607c00000|  0%| F|  |TAMS 0x0000000607800000, 0x0000000607800000| Untracked 
|  27|0x0000000607c00000, 0x0000000607c00000, 0x0000000608000000|  0%| F|  |TAMS 0x0000000607c00000, 0x0000000607c00000| Untracked 
|  28|0x0000000608000000, 0x0000000608000000, 0x0000000608400000|  0%| F|  |TAMS 0x0000000608000000, 0x0000000608000000| Untracked 
|  29|0x0000000608400000, 0x0000000608400000, 0x0000000608800000|  0%| F|  |TAMS 0x0000000608400000, 0x0000000608400000| Untracked 
|  30|0x0000000608800000, 0x0000000608800000, 0x0000000608c00000|  0%| F|  |TAMS 0x0000000608800000, 0x0000000608800000| Untracked 
|  31|0x0000000608c00000, 0x0000000608c00000, 0x0000000609000000|  0%| F|  |TAMS 0x0000000608c00000, 0x0000000608c00000| Untracked 
|  32|0x0000000609000000, 0x0000000609000000, 0x0000000609400000|  0%| F|  |TAMS 0x0000000609000000, 0x0000000609000000| Untracked 
|  33|0x0000000609400000, 0x0000000609400000, 0x0000000609800000|  0%| F|  |TAMS 0x0000000609400000, 0x0000000609400000| Untracked 
|  34|0x0000000609800000, 0x0000000609800000, 0x0000000609c00000|  0%| F|  |TAMS 0x0000000609800000, 0x0000000609800000| Untracked 
|  35|0x0000000609c00000, 0x0000000609c00000, 0x000000060a000000|  0%| F|  |TAMS 0x0000000609c00000, 0x0000000609c00000| Untracked 
|  36|0x000000060a000000, 0x000000060a000000, 0x000000060a400000|  0%| F|  |TAMS 0x000000060a000000, 0x000000060a000000| Untracked 
|  37|0x000000060a400000, 0x000000060a400000, 0x000000060a800000|  0%| F|  |TAMS 0x000000060a400000, 0x000000060a400000| Untracked 
|  38|0x000000060a800000, 0x000000060a800000, 0x000000060ac00000|  0%| F|  |TAMS 0x000000060a800000, 0x000000060a800000| Untracked 
|  39|0x000000060ac00000, 0x000000060ac00000, 0x000000060b000000|  0%| F|  |TAMS 0x000000060ac00000, 0x000000060ac00000| Untracked 
|  40|0x000000060b000000, 0x000000060b000000, 0x000000060b400000|  0%| F|  |TAMS 0x000000060b000000, 0x000000060b000000| Untracked 
|  41|0x000000060b400000, 0x000000060b400000, 0x000000060b800000|  0%| F|  |TAMS 0x000000060b400000, 0x000000060b400000| Untracked 
|  42|0x000000060b800000, 0x000000060b800000, 0x000000060bc00000|  0%| F|  |TAMS 0x000000060b800000, 0x000000060b800000| Untracked 
|  43|0x000000060bc00000, 0x000000060bc00000, 0x000000060c000000|  0%| F|  |TAMS 0x000000060bc00000, 0x000000060bc00000| Untracked 
|  44|0x000000060c000000, 0x000000060c000000, 0x000000060c400000|  0%| F|  |TAMS 0x000000060c000000, 0x000000060c000000| Untracked 
|  45|0x000000060c400000, 0x000000060c400000, 0x000000060c800000|  0%| F|  |TAMS 0x000000060c400000, 0x000000060c400000| Untracked 
|  46|0x000000060c800000, 0x000000060c800000, 0x000000060cc00000|  0%| F|  |TAMS 0x000000060c800000, 0x000000060c800000| Untracked 
|  47|0x000000060cc00000, 0x000000060cc00000, 0x000000060d000000|  0%| F|  |TAMS 0x000000060cc00000, 0x000000060cc00000| Untracked 
|  48|0x000000060d000000, 0x000000060d000000, 0x000000060d400000|  0%| F|  |TAMS 0x000000060d000000, 0x000000060d000000| Untracked 
|  49|0x000000060d400000, 0x000000060d400000, 0x000000060d800000|  0%| F|  |TAMS 0x000000060d400000, 0x000000060d400000| Untracked 
|  50|0x000000060d800000, 0x000000060d800000, 0x000000060dc00000|  0%| F|  |TAMS 0x000000060d800000, 0x000000060d800000| Untracked 
|  51|0x000000060dc00000, 0x000000060dc00000, 0x000000060e000000|  0%| F|  |TAMS 0x000000060dc00000, 0x000000060dc00000| Untracked 
|  52|0x000000060e000000, 0x000000060e000000, 0x000000060e400000|  0%| F|  |TAMS 0x000000060e000000, 0x000000060e000000| Untracked 
|  53|0x000000060e400000, 0x000000060e400000, 0x000000060e800000|  0%| F|  |TAMS 0x000000060e400000, 0x000000060e400000| Untracked 
|  54|0x000000060e800000, 0x000000060e800000, 0x000000060ec00000|  0%| F|  |TAMS 0x000000060e800000, 0x000000060e800000| Untracked 
|  55|0x000000060ec00000, 0x000000060ec00000, 0x000000060f000000|  0%| F|  |TAMS 0x000000060ec00000, 0x000000060ec00000| Untracked 
|  56|0x000000060f000000, 0x000000060f000000, 0x000000060f400000|  0%| F|  |TAMS 0x000000060f000000, 0x000000060f000000| Untracked 
|  57|0x000000060f400000, 0x000000060f400000, 0x000000060f800000|  0%| F|  |TAMS 0x000000060f400000, 0x000000060f400000| Untracked 
|  58|0x000000060f800000, 0x000000060f800000, 0x000000060fc00000|  0%| F|  |TAMS 0x000000060f800000, 0x000000060f800000| Untracked 
|  59|0x000000060fc00000, 0x000000060fc00000, 0x0000000610000000|  0%| F|  |TAMS 0x000000060fc00000, 0x000000060fc00000| Untracked 
|  60|0x0000000610000000, 0x0000000610000000, 0x0000000610400000|  0%| F|  |TAMS 0x0000000610000000, 0x0000000610000000| Untracked 
|  61|0x0000000610400000, 0x0000000610400000, 0x0000000610800000|  0%| F|  |TAMS 0x0000000610400000, 0x0000000610400000| Untracked 
|  62|0x0000000610800000, 0x0000000610800000, 0x0000000610c00000|  0%| F|  |TAMS 0x0000000610800000, 0x0000000610800000| Untracked 
|  63|0x0000000610c00000, 0x0000000610c00000, 0x0000000611000000|  0%| F|  |TAMS 0x0000000610c00000, 0x0000000610c00000| Untracked 
|  64|0x0000000611000000, 0x0000000611000000, 0x0000000611400000|  0%| F|  |TAMS 0x0000000611000000, 0x0000000611000000| Untracked 
|  65|0x0000000611400000, 0x0000000611400000, 0x0000000611800000|  0%| F|  |TAMS 0x0000000611400000, 0x0000000611400000| Untracked 
|  66|0x0000000611800000, 0x0000000611800000, 0x0000000611c00000|  0%| F|  |TAMS 0x0000000611800000, 0x0000000611800000| Untracked 
|  67|0x0000000611c00000, 0x0000000611c00000, 0x0000000612000000|  0%| F|  |TAMS 0x0000000611c00000, 0x0000000611c00000| Untracked 
|  68|0x0000000612000000, 0x0000000612000000, 0x0000000612400000|  0%| F|  |TAMS 0x0000000612000000, 0x0000000612000000| Untracked 
|  69|0x0000000612400000, 0x0000000612400000, 0x0000000612800000|  0%| F|  |TAMS 0x0000000612400000, 0x0000000612400000| Untracked 
|  70|0x0000000612800000, 0x0000000612800000, 0x0000000612c00000|  0%| F|  |TAMS 0x0000000612800000, 0x0000000612800000| Untracked 
|  71|0x0000000612c00000, 0x0000000612c00000, 0x0000000613000000|  0%| F|  |TAMS 0x0000000612c00000, 0x0000000612c00000| Untracked 
|  72|0x0000000613000000, 0x0000000613000000, 0x0000000613400000|  0%| F|  |TAMS 0x0000000613000000, 0x0000000613000000| Untracked 
|  73|0x0000000613400000, 0x0000000613400000, 0x0000000613800000|  0%| F|  |TAMS 0x0000000613400000, 0x0000000613400000| Untracked 
|  74|0x0000000613800000, 0x0000000613800000, 0x0000000613c00000|  0%| F|  |TAMS 0x0000000613800000, 0x0000000613800000| Untracked 
|  75|0x0000000613c00000, 0x0000000613c00000, 0x0000000614000000|  0%| F|  |TAMS 0x0000000613c00000, 0x0000000613c00000| Untracked 
|  76|0x0000000614000000, 0x0000000614000000, 0x0000000614400000|  0%| F|  |TAMS 0x0000000614000000, 0x0000000614000000| Untracked 
|  77|0x0000000614400000, 0x0000000614400000, 0x0000000614800000|  0%| F|  |TAMS 0x0000000614400000, 0x0000000614400000| Untracked 
|  78|0x0000000614800000, 0x0000000614800000, 0x0000000614c00000|  0%| F|  |TAMS 0x0000000614800000, 0x0000000614800000| Untracked 
|  79|0x0000000614c00000, 0x0000000614c00000, 0x0000000615000000|  0%| F|  |TAMS 0x0000000614c00000, 0x0000000614c00000| Untracked 
|  80|0x0000000615000000, 0x0000000615000000, 0x0000000615400000|  0%| F|  |TAMS 0x0000000615000000, 0x0000000615000000| Untracked 
|  81|0x0000000615400000, 0x0000000615400000, 0x0000000615800000|  0%| F|  |TAMS 0x0000000615400000, 0x0000000615400000| Untracked 
|  82|0x0000000615800000, 0x0000000615800000, 0x0000000615c00000|  0%| F|  |TAMS 0x0000000615800000, 0x0000000615800000| Untracked 
|  83|0x0000000615c00000, 0x0000000615c00000, 0x0000000616000000|  0%| F|  |TAMS 0x0000000615c00000, 0x0000000615c00000| Untracked 
|  84|0x0000000616000000, 0x0000000616000000, 0x0000000616400000|  0%| F|  |TAMS 0x0000000616000000, 0x0000000616000000| Untracked 
|  85|0x0000000616400000, 0x0000000616400000, 0x0000000616800000|  0%| F|  |TAMS 0x0000000616400000, 0x0000000616400000| Untracked 
|  86|0x0000000616800000, 0x0000000616800000, 0x0000000616c00000|  0%| F|  |TAMS 0x0000000616800000, 0x0000000616800000| Untracked 
|  87|0x0000000616c00000, 0x0000000616c00000, 0x0000000617000000|  0%| F|  |TAMS 0x0000000616c00000, 0x0000000616c00000| Untracked 
|  88|0x0000000617000000, 0x0000000617000000, 0x0000000617400000|  0%| F|  |TAMS 0x0000000617000000, 0x0000000617000000| Untracked 
|  89|0x0000000617400000, 0x0000000617400000, 0x0000000617800000|  0%| F|  |TAMS 0x0000000617400000, 0x0000000617400000| Untracked 
|  90|0x0000000617800000, 0x0000000617800000, 0x0000000617c00000|  0%| F|  |TAMS 0x0000000617800000, 0x0000000617800000| Untracked 
|  91|0x0000000617c00000, 0x0000000617c00000, 0x0000000618000000|  0%| F|  |TAMS 0x0000000617c00000, 0x0000000617c00000| Untracked 
|  92|0x0000000618000000, 0x0000000618000000, 0x0000000618400000|  0%| F|  |TAMS 0x0000000618000000, 0x0000000618000000| Untracked 
|  93|0x0000000618400000, 0x0000000618400000, 0x0000000618800000|  0%| F|  |TAMS 0x0000000618400000, 0x0000000618400000| Untracked 
|  94|0x0000000618800000, 0x0000000618800000, 0x0000000618c00000|  0%| F|  |TAMS 0x0000000618800000, 0x0000000618800000| Untracked 
|  95|0x0000000618c00000, 0x0000000618c00000, 0x0000000619000000|  0%| F|  |TAMS 0x0000000618c00000, 0x0000000618c00000| Untracked 
|  96|0x0000000619000000, 0x0000000619000000, 0x0000000619400000|  0%| F|  |TAMS 0x0000000619000000, 0x0000000619000000| Untracked 
|  97|0x0000000619400000, 0x0000000619400000, 0x0000000619800000|  0%| F|  |TAMS 0x0000000619400000, 0x0000000619400000| Untracked 
|  98|0x0000000619800000, 0x0000000619800000, 0x0000000619c00000|  0%| F|  |TAMS 0x0000000619800000, 0x0000000619800000| Untracked 
|  99|0x0000000619c00000, 0x0000000619c00000, 0x000000061a000000|  0%| F|  |TAMS 0x0000000619c00000, 0x0000000619c00000| Untracked 
| 100|0x000000061a000000, 0x000000061a000000, 0x000000061a400000|  0%| F|  |TAMS 0x000000061a000000, 0x000000061a000000| Untracked 
| 101|0x000000061a400000, 0x000000061a400000, 0x000000061a800000|  0%| F|  |TAMS 0x000000061a400000, 0x000000061a400000| Untracked 
| 102|0x000000061a800000, 0x000000061a800000, 0x000000061ac00000|  0%| F|  |TAMS 0x000000061a800000, 0x000000061a800000| Untracked 
| 103|0x000000061ac00000, 0x000000061ac00000, 0x000000061b000000|  0%| F|  |TAMS 0x000000061ac00000, 0x000000061ac00000| Untracked 
| 104|0x000000061b000000, 0x000000061b000000, 0x000000061b400000|  0%| F|  |TAMS 0x000000061b000000, 0x000000061b000000| Untracked 
| 105|0x000000061b400000, 0x000000061b400000, 0x000000061b800000|  0%| F|  |TAMS 0x000000061b400000, 0x000000061b400000| Untracked 
| 106|0x000000061b800000, 0x000000061b800000, 0x000000061bc00000|  0%| F|  |TAMS 0x000000061b800000, 0x000000061b800000| Untracked 
| 107|0x000000061bc00000, 0x000000061bc00000, 0x000000061c000000|  0%| F|  |TAMS 0x000000061bc00000, 0x000000061bc00000| Untracked 
| 108|0x000000061c000000, 0x000000061c000000, 0x000000061c400000|  0%| F|  |TAMS 0x000000061c000000, 0x000000061c000000| Untracked 
| 109|0x000000061c400000, 0x000000061c400000, 0x000000061c800000|  0%| F|  |TAMS 0x000000061c400000, 0x000000061c400000| Untracked 
| 110|0x000000061c800000, 0x000000061c800000, 0x000000061cc00000|  0%| F|  |TAMS 0x000000061c800000, 0x000000061c800000| Untracked 
| 111|0x000000061cc00000, 0x000000061cc00000, 0x000000061d000000|  0%| F|  |TAMS 0x000000061cc00000, 0x000000061cc00000| Untracked 
| 112|0x000000061d000000, 0x000000061d000000, 0x000000061d400000|  0%| F|  |TAMS 0x000000061d000000, 0x000000061d000000| Untracked 
| 113|0x000000061d400000, 0x000000061d400000, 0x000000061d800000|  0%| F|  |TAMS 0x000000061d400000, 0x000000061d400000| Untracked 
| 114|0x000000061d800000, 0x000000061d800000, 0x000000061dc00000|  0%| F|  |TAMS 0x000000061d800000, 0x000000061d800000| Untracked 
| 115|0x000000061dc00000, 0x000000061df9ed68, 0x000000061e000000| 90%| E|  |TAMS 0x000000061dc00000, 0x000000061dc00000| Complete 
| 116|0x000000061e000000, 0x000000061e400000, 0x000000061e400000|100%| E|CS|TAMS 0x000000061e000000, 0x000000061e000000| Complete 
| 117|0x000000061e400000, 0x000000061e7d1328, 0x000000061e800000| 95%| S|CS|TAMS 0x000000061e400000, 0x000000061e400000| Complete 
| 118|0x000000061e800000, 0x000000061ec00000, 0x000000061ec00000|100%| S|CS|TAMS 0x000000061e800000, 0x000000061e800000| Complete 
| 119|0x000000061ec00000, 0x000000061f000000, 0x000000061f000000|100%| E|CS|TAMS 0x000000061ec00000, 0x000000061ec00000| Complete 
| 120|0x000000061f000000, 0x000000061f400000, 0x000000061f400000|100%| E|CS|TAMS 0x000000061f000000, 0x000000061f000000| Complete 
| 121|0x000000061f400000, 0x000000061f800000, 0x000000061f800000|100%| E|CS|TAMS 0x000000061f400000, 0x000000061f400000| Complete 
| 122|0x000000061f800000, 0x000000061fc00000, 0x000000061fc00000|100%| E|CS|TAMS 0x000000061f800000, 0x000000061f800000| Complete 
| 123|0x000000061fc00000, 0x0000000620000000, 0x0000000620000000|100%| E|CS|TAMS 0x000000061fc00000, 0x000000061fc00000| Complete 
| 124|0x0000000620000000, 0x0000000620400000, 0x0000000620400000|100%| E|CS|TAMS 0x0000000620000000, 0x0000000620000000| Complete 
| 125|0x0000000620400000, 0x0000000620800000, 0x0000000620800000|100%| E|CS|TAMS 0x0000000620400000, 0x0000000620400000| Complete 
| 126|0x0000000620800000, 0x0000000620c00000, 0x0000000620c00000|100%| E|CS|TAMS 0x0000000620800000, 0x0000000620800000| Complete 
| 127|0x0000000620c00000, 0x0000000621000000, 0x0000000621000000|100%| E|CS|TAMS 0x0000000620c00000, 0x0000000620c00000| Complete 

Card table byte_map: [0x000001c3f3eb0000,0x000001c3f4eb0000] _byte_map_base: 0x000001c3f0ea8000

Marking Bits (Prev, Next): (CMBitMap*) 0x000001c3ea443100, (CMBitMap*) 0x000001c3ea443140
 Prev Bits: [0x000001c3f5eb0000, 0x000001c3fde70000)
 Next Bits: [0x000001c38f000000, 0x000001c396fc0000)

Polling page: 0x000001c3e83d0000

Metaspace:

Usage:
  Non-class:     17.19 MB used.
      Class:      2.80 MB used.
       Both:     19.99 MB used.

Virtual space:
  Non-class space:       24.00 MB reserved,      17.31 MB ( 72%) committed,  3 nodes.
      Class space:        1.00 GB reserved,       2.94 MB ( <1%) committed,  1 nodes.
              Both:        1.02 GB reserved,      20.25 MB (  2%) committed. 

Chunk freelists:
   Non-Class:  2.72 MB
       Class:  928.00 KB
        Both:  3.63 MB

MaxMetaspaceSize: 17179869184.00 GB
CompressedClassSpaceSize: 1.00 GB
 - commit_granule_bytes: 65536.
 - commit_granule_words: 8192.
 - virtual_space_node_default_size: 1048576.
 - enlarge_chunks_in_place: 1.
 - new_chunks_are_fully_committed: 0.
 - uncommit_free_chunks: 1.
 - use_allocation_guard: 0.
 - handle_deallocations: 1.


Internal statistics:

num_allocs_failed_limit: 0.
num_arena_births: 322.
num_arena_deaths: 0.
num_vsnodes_births: 4.
num_vsnodes_deaths: 0.
num_space_committed: 324.
num_space_uncommitted: 0.
num_chunks_returned_to_freelist: 0.
num_chunks_taken_from_freelist: 1038.
num_chunk_merges: 0.
num_chunk_splits: 703.
num_chunks_enlarged: 501.
num_purges: 0.

CodeHeap 'non-profiled nmethods': size=120000Kb used=1641Kb max_used=1641Kb free=118358Kb
 bounds [0x000001c387ad0000, 0x000001c387d40000, 0x000001c38f000000]
CodeHeap 'profiled nmethods': size=120000Kb used=8153Kb max_used=8153Kb free=111846Kb
 bounds [0x000001c3805a0000, 0x000001c380da0000, 0x000001c387ad0000]
CodeHeap 'non-nmethods': size=5760Kb used=1472Kb max_used=1532Kb free=4287Kb
 bounds [0x000001c380000000, 0x000001c380270000, 0x000001c3805a0000]
 total_blobs=4911 nmethods=4074 adapters=749
 compilation: enabled
              stopped_count=0, restarted_count=0
 full_count=0

Compilation events (20 events):
Event: 7.832 Thread 0x000001c3976fedf0 4064       3       com.sun.javafx.geom.Point2D::<init> (15 bytes)
Event: 7.832 Thread 0x000001c3976fedf0 nmethod 4064 0x000001c380d92a10 code [0x000001c380d92bc0, 0x000001c380d92d38]
Event: 7.832 Thread 0x000001c3976fedf0 4071       1       javafx.scene.layout.CornerRadii::isUniform (5 bytes)
Event: 7.832 Thread 0x000001c3976fedf0 nmethod 4071 0x000001c387c69d10 code [0x000001c387c69ea0, 0x000001c387c69f78]
Event: 7.832 Thread 0x000001c3976fedf0 4068       1       com.sun.javafx.sg.prism.NGCamera::getViewWidth (5 bytes)
Event: 7.832 Thread 0x000001c3976fedf0 nmethod 4068 0x000001c387c6a010 code [0x000001c387c6a1a0, 0x000001c387c6a278]
Event: 7.832 Thread 0x000001c3976fedf0 4073       3       com.sun.javafx.geom.transform.GeneralTransform3D::updateState (196 bytes)
Event: 7.832 Thread 0x000001c3976fedf0 nmethod 4073 0x000001c380d92e10 code [0x000001c380d93020, 0x000001c380d939b8]
Event: 7.832 Thread 0x000001c3976fedf0 4074       3       com.sun.prism.impl.BaseGraphics::isAlphaTestShader (26 bytes)
Event: 7.832 Thread 0x000001c3976fedf0 nmethod 4074 0x000001c380d93c10 code [0x000001c380d93dc0, 0x000001c380d940b8]
Event: 7.832 Thread 0x000001c3976fedf0 4069       1       com.sun.javafx.sg.prism.NGCamera::getViewHeight (5 bytes)
Event: 7.832 Thread 0x000001c3976fedf0 nmethod 4069 0x000001c387c6a310 code [0x000001c387c6a4a0, 0x000001c387c6a578]
Event: 7.832 Thread 0x000001c3976fedf0 4075       3       com.sun.prism.impl.ps.BaseShaderContext::updatePerVertexColor (46 bytes)
Event: 7.833 Thread 0x000001c3976fedf0 nmethod 4075 0x000001c380d94190 code [0x000001c380d94380, 0x000001c380d94998]
Event: 7.833 Thread 0x000001c3976fedf0 4076       3       com.sun.prism.d3d.D3DRTTexture::getResourceHandle (17 bytes)
Event: 7.833 Thread 0x000001c3976fedf0 nmethod 4076 0x000001c380d94b10 code [0x000001c380d94ce0, 0x000001c380d95288]
Event: 7.833 Thread 0x000001c3976fedf0 4072       3       com.sun.prism.d3d.D3DShader::enable (44 bytes)
Event: 7.833 Thread 0x000001c3976fedf0 nmethod 4072 0x000001c380d95490 code [0x000001c380d95660, 0x000001c380d959b8]
Event: 7.833 Thread 0x000001c3976fedf0 4077       3       com.sun.prism.d3d.D3DRTTexture::isMSAA (25 bytes)
Event: 7.833 Thread 0x000001c3976fedf0 nmethod 4077 0x000001c380d95b10 code [0x000001c380d95d00, 0x000001c380d96288]

GC Heap History (4 events):
Event: 2.163 GC heap before
{Heap before GC invocations=0 (full 0):
 garbage-first heap   total 524288K, used 24576K [0x0000000601000000, 0x0000000800000000)
  region size 4096K, 6 young (24576K), 0 survivors (0K)
 Metaspace       used 6732K, committed 6848K, reserved 1056768K
  class space    used 753K, committed 832K, reserved 1048576K
}
Event: 2.166 GC heap after
{Heap after GC invocations=1 (full 0):
 garbage-first heap   total 524288K, used 3414K [0x0000000601000000, 0x0000000800000000)
  region size 4096K, 1 young (4096K), 1 survivors (4096K)
 Metaspace       used 6732K, committed 6848K, reserved 1056768K
  class space    used 753K, committed 832K, reserved 1048576K
}
Event: 2.979 GC heap before
{Heap before GC invocations=1 (full 0):
 garbage-first heap   total 524288K, used 32086K [0x0000000601000000, 0x0000000800000000)
  region size 4096K, 9 young (36864K), 1 survivors (4096K)
 Metaspace       used 13170K, committed 13440K, reserved 1064960K
  class space    used 1711K, committed 1856K, reserved 1048576K
}
Event: 2.984 GC heap after
{Heap after GC invocations=2 (full 0):
 garbage-first heap   total 524288K, used 8004K [0x0000000601000000, 0x0000000800000000)
  region size 4096K, 2 young (8192K), 2 survivors (8192K)
 Metaspace       used 13170K, committed 13440K, reserved 1064960K
  class space    used 1711K, committed 1856K, reserved 1048576K
}

Deoptimization events (20 events):
Event: 7.820 Thread 0x000001c3985fe550 Uncommon trap: trap_request=0xffffff45 fr.pc=0x000001c387c66300 relative=0x0000000000001380
Event: 7.820 Thread 0x000001c3985fe550 Uncommon trap: reason=unstable_if action=reinterpret pc=0x000001c387c66300 method=javafx.scene.Node.updateBounds()V @ 37 c2
Event: 7.820 Thread 0x000001c3985fe550 DEOPT PACKING pc=0x000001c387c66300 sp=0x00000077f56fc2b0
Event: 7.820 Thread 0x000001c3985fe550 DEOPT UNPACKING pc=0x000001c38004d72e sp=0x00000077f56fc280 mode 2
Event: 7.820 Thread 0x000001c3985fe550 Uncommon trap: trap_request=0xffffffde fr.pc=0x000001c387c56514 relative=0x0000000000000594
Event: 7.820 Thread 0x000001c3985fe550 Uncommon trap: reason=class_check action=maybe_recompile pc=0x000001c387c56514 method=javafx.scene.Node.updateLocalToParentTransform()V @ 11 c2
Event: 7.820 Thread 0x000001c3985fe550 DEOPT PACKING pc=0x000001c387c56514 sp=0x00000077f56fc230
Event: 7.821 Thread 0x000001c3985fe550 DEOPT UNPACKING pc=0x000001c38004d72e sp=0x00000077f56fc1c8 mode 2
Event: 7.821 Thread 0x000001c3985fe550 Uncommon trap: trap_request=0xffffffde fr.pc=0x000001c387c56514 relative=0x0000000000000594
Event: 7.821 Thread 0x000001c3985fe550 Uncommon trap: reason=class_check action=maybe_recompile pc=0x000001c387c56514 method=javafx.scene.Node.updateLocalToParentTransform()V @ 11 c2
Event: 7.821 Thread 0x000001c3985fe550 DEOPT PACKING pc=0x000001c387c56514 sp=0x00000077f56fc230
Event: 7.821 Thread 0x000001c3985fe550 DEOPT UNPACKING pc=0x000001c38004d72e sp=0x00000077f56fc1c8 mode 2
Event: 7.821 Thread 0x000001c3985fe550 Uncommon trap: trap_request=0xffffffde fr.pc=0x000001c387c56514 relative=0x0000000000000594
Event: 7.821 Thread 0x000001c3985fe550 Uncommon trap: reason=class_check action=maybe_recompile pc=0x000001c387c56514 method=javafx.scene.Node.updateLocalToParentTransform()V @ 11 c2
Event: 7.821 Thread 0x000001c3985fe550 DEOPT PACKING pc=0x000001c387c56514 sp=0x00000077f56fc230
Event: 7.821 Thread 0x000001c3985fe550 DEOPT UNPACKING pc=0x000001c38004d72e sp=0x00000077f56fc1c8 mode 2
Event: 7.821 Thread 0x000001c3985fe550 Uncommon trap: trap_request=0xffffffde fr.pc=0x000001c387c56514 relative=0x0000000000000594
Event: 7.821 Thread 0x000001c3985fe550 Uncommon trap: reason=class_check action=maybe_recompile pc=0x000001c387c56514 method=javafx.scene.Node.updateLocalToParentTransform()V @ 11 c2
Event: 7.821 Thread 0x000001c3985fe550 DEOPT PACKING pc=0x000001c387c56514 sp=0x00000077f56fc230
Event: 7.821 Thread 0x000001c3985fe550 DEOPT UNPACKING pc=0x000001c38004d72e sp=0x00000077f56fc1c8 mode 2

Classes unloaded (0 events):
No events

Classes redefined (0 events):
No events

Internal exceptions (20 events):
Event: 2.683 Thread 0x000001c3985fe550 Implicit null exception at 0x000001c387b3bd14 to 0x000001c387b3c118
Event: 2.700 Thread 0x000001c3985fe550 Exception <a 'java/lang/NoSuchMethodError'{0x000000061f272d60}: 'java.lang.Object java.lang.invoke.DirectMethodHandle$Holder.invokeSpecial(java.lang.Object, java.lang.Object, long, int, int, int, int, int, int)'> (0x000000061f272d60) 
thrown [c:\wsjdk\correttojdksrc\installers\windows\zip\corretto-build\buildroot\src\hotspot\share\interpreter\linkResolver.cpp, line 790]
Event: 2.700 Thread 0x000001c3985fe550 Exception <a 'java/lang/NoSuchMethodError'{0x000000061f276a78}: 'java.lang.Object java.lang.invoke.DelegatingMethodHandle$Holder.reinvoke_L(java.lang.Object, long, int, int, int, int, int, int)'> (0x000000061f276a78) 
thrown [c:\wsjdk\correttojdksrc\installers\windows\zip\corretto-build\buildroot\src\hotspot\share\interpreter\linkResolver.cpp, line 790]
Event: 2.750 Thread 0x000001c3985fe550 Exception <a 'java/lang/NoSuchMethodError'{0x000000061f328af8}: 'int java.lang.invoke.DirectMethodHandle$Holder.invokeStaticInit(java.lang.Object, java.lang.Object)'> (0x000000061f328af8) 
thrown [c:\wsjdk\correttojdksrc\installers\windows\zip\corretto-build\buildroot\src\hotspot\share\interpreter\linkResolver.cpp, line 790]
Event: 2.751 Thread 0x000001c3985fe550 Exception <a 'java/lang/NoSuchMethodError'{0x000000061f330d48}: 'void java.lang.invoke.DirectMethodHandle$Holder.invokeSpecial(java.lang.Object, java.lang.Object, java.lang.Object, java.lang.Object, java.lang.Object, java.lang.Object)'> (0x000000061f330d48) 
thrown [c:\wsjdk\correttojdksrc\installers\windows\zip\corretto-build\buildroot\src\hotspot\share\interpreter\linkResolver.cpp, line 790]
Event: 2.753 Thread 0x000001c3985fe550 Exception <a 'java/io/FileNotFoundException'{0x000000061f348578}> (0x000000061f348578) 
thrown [c:\wsjdk\correttojdksrc\installers\windows\zip\corretto-build\buildroot\src\hotspot\share\prims\jni.cpp, line 579]
Event: 3.057 Thread 0x000001c3985fe550 Exception <a 'java/lang/ClassNotFoundException'{0x0000000620f4d468}: com/sun/javafx/scene/control/skin/resources/controls> (0x0000000620f4d468) 
thrown [c:\wsjdk\correttojdksrc\installers\windows\zip\corretto-build\buildroot\src\hotspot\share\prims\jni.cpp, line 600]
Event: 3.057 Thread 0x000001c3985fe550 Exception <a 'java/lang/ClassNotFoundException'{0x0000000620f5b408}: com/sun/javafx/scene/control/skin/resources/controls_pl> (0x0000000620f5b408) 
thrown [c:\wsjdk\correttojdksrc\installers\windows\zip\corretto-build\buildroot\src\hotspot\share\prims\jni.cpp, line 600]
Event: 3.058 Thread 0x000001c3985fe550 Exception <a 'java/lang/ClassNotFoundException'{0x0000000620f5ca80}: com/sun/javafx/scene/control/skin/resources/controls_pl_PL> (0x0000000620f5ca80) 
thrown [c:\wsjdk\correttojdksrc\installers\windows\zip\corretto-build\buildroot\src\hotspot\share\prims\jni.cpp, line 600]
Event: 3.086 Thread 0x000001c3985fe550 Exception <a 'java/lang/NoSuchMethodError'{0x0000000620873838}: 'java.lang.Object java.lang.invoke.DirectMethodHandle$Holder.invokeInterface(java.lang.Object, java.lang.Object, java.lang.Object)'> (0x0000000620873838) 
thrown [c:\wsjdk\correttojdksrc\installers\windows\zip\corretto-build\buildroot\src\hotspot\share\interpreter\linkResolver.cpp, line 790]
Event: 3.087 Thread 0x000001c3985fe550 Exception <a 'java/lang/IncompatibleClassChangeError'{0x00000006208773b8}: Found class java.lang.Object, but interface was expected> (0x00000006208773b8) 
thrown [c:\wsjdk\correttojdksrc\installers\windows\zip\corretto-build\buildroot\src\hotspot\share\interpreter\linkResolver.cpp, line 857]
Event: 3.434 Thread 0x000001c3985fe550 Exception <a 'java/io/FileNotFoundException'{0x000000061fcf7588}> (0x000000061fcf7588) 
thrown [c:\wsjdk\correttojdksrc\installers\windows\zip\corretto-build\buildroot\src\hotspot\share\prims\jni.cpp, line 579]
Event: 3.456 Thread 0x000001c3985fe550 Exception <a 'java/lang/NoSuchMethodError'{0x000000061fd4f588}: 'java.lang.Object java.lang.invoke.DirectMethodHandle$Holder.invokeStatic(java.lang.Object, int, java.lang.Object)'> (0x000000061fd4f588) 
thrown [c:\wsjdk\correttojdksrc\installers\windows\zip\corretto-build\buildroot\src\hotspot\share\interpreter\linkResolver.cpp, line 790]
Event: 3.460 Thread 0x000001c3985fe550 Exception <a 'java/lang/ClassNotFoundException'{0x000000061fd60960}: sun/util/logging/resources/spi/loggingProvider> (0x000000061fd60960) 
thrown [c:\wsjdk\correttojdksrc\installers\windows\zip\corretto-build\buildroot\src\hotspot\share\classfile\systemDictionary.cpp, line 256]
Event: 3.858 Thread 0x000001c3985fe550 Exception <a 'java/lang/NoSuchMethodError'{0x000000061ecce848}: 'java.lang.Object java.lang.invoke.DirectMethodHandle$Holder.newInvokeSpecial(java.lang.Object, java.lang.Object, int, int)'> (0x000000061ecce848) 
thrown [c:\wsjdk\correttojdksrc\installers\windows\zip\corretto-build\buildroot\src\hotspot\share\interpreter\linkResolver.cpp, line 790]
Event: 3.864 Thread 0x000001c3985fe550 Exception <a 'java/lang/NoSuchMethodError'{0x000000061ecee538}: 'java.lang.Object java.lang.invoke.DirectMethodHandle$Holder.newInvokeSpecial(java.lang.Object, java.lang.Object, int)'> (0x000000061ecee538) 
thrown [c:\wsjdk\correttojdksrc\installers\windows\zip\corretto-build\buildroot\src\hotspot\share\interpreter\linkResolver.cpp, line 790]
Event: 3.930 Thread 0x000001c3985fe550 Exception <a 'java/lang/NoSuchMethodError'{0x000000061e07a090}: 'long java.lang.invoke.DirectMethodHandle$Holder.invokeStatic(java.lang.Object, java.lang.Object, java.lang.Object)'> (0x000000061e07a090) 
thrown [c:\wsjdk\correttojdksrc\installers\windows\zip\corretto-build\buildroot\src\hotspot\share\interpreter\linkResolver.cpp, line 790]
Event: 3.930 Thread 0x000001c3985fe550 Exception <a 'java/lang/NoSuchMethodError'{0x000000061e07da40}: 'long java.lang.invoke.DirectMethodHandle$Holder.invokeStaticInit(java.lang.Object, java.lang.Object, java.lang.Object)'> (0x000000061e07da40) 
thrown [c:\wsjdk\correttojdksrc\installers\windows\zip\corretto-build\buildroot\src\hotspot\share\interpreter\linkResolver.cpp, line 790]
Event: 3.932 Thread 0x000001c3985fe550 Exception <a 'java/lang/NoSuchMethodError'{0x000000061e095960}: 'java.lang.Object java.lang.invoke.DirectMethodHandle$Holder.newInvokeSpecial(java.lang.Object, java.lang.Object, long)'> (0x000000061e095960) 
thrown [c:\wsjdk\correttojdksrc\installers\windows\zip\corretto-build\buildroot\src\hotspot\share\interpreter\linkResolver.cpp, line 790]
Event: 3.932 Thread 0x000001c3985fe550 Exception <a 'java/lang/NoSuchMethodError'{0x000000061e0996d0}: 'java.lang.Object java.lang.invoke.Invokers$Holder.linkToTargetMethod(java.lang.Object, long, java.lang.Object)'> (0x000000061e0996d0) 
thrown [c:\wsjdk\correttojdksrc\installers\windows\zip\corretto-build\buildroot\src\hotspot\share\interpreter\linkResolver.cpp, line 790]

Events (20 events):
Event: 3.954 Executing  VM operation: HandshakeAllThreads
Event: 3.954 Executing  VM operation: HandshakeAllThreads done
Event: 3.955 loading class jdk/internal/ref/CleanerImpl$InnocuousThreadFactory
Event: 3.955 loading class jdk/internal/ref/CleanerImpl$InnocuousThreadFactory done
Event: 3.955 loading class jdk/internal/ref/CleanerImpl$InnocuousThreadFactory$1
Event: 3.955 loading class jdk/internal/ref/CleanerImpl$InnocuousThreadFactory$1 done
Event: 3.955 loading class jdk/internal/misc/InnocuousThread$1
Event: 3.955 loading class jdk/internal/misc/InnocuousThread$1 done
Event: 3.956 Thread 0x000001c39912db60 Thread added: 0x000001c39912db60
Event: 3.961 loading class sun/misc/Unsafe
Event: 3.961 loading class sun/misc/Unsafe done
Event: 3.962 loading class jdk/internal/reflect/UnsafeQualifiedStaticObjectFieldAccessorImpl
Event: 3.962 loading class jdk/internal/reflect/UnsafeQualifiedStaticFieldAccessorImpl
Event: 3.962 loading class jdk/internal/reflect/UnsafeQualifiedStaticFieldAccessorImpl done
Event: 3.962 loading class jdk/internal/reflect/UnsafeQualifiedStaticObjectFieldAccessorImpl done
Event: 4.326 Thread 0x000001c398f837e0 Thread exited: 0x000001c398f837e0
Event: 4.955 Executing  VM operation: Cleanup
Event: 4.955 Executing  VM operation: Cleanup done
Event: 6.955 Executing  VM operation: Cleanup
Event: 6.955 Executing  VM operation: Cleanup done


Dynamic libraries:
0x00007ff654870000 - 0x00007ff65487d000 	C:\Users\kamyk\.jdks\corretto-16.0.2\bin\java.exe
0x00007ffae35f0000 - 0x00007ffae37e8000 	C:\WINDOWS\SYSTEM32\ntdll.dll
0x00007ffae1620000 - 0x00007ffae16dd000 	C:\WINDOWS\System32\KERNEL32.DLL
0x00007ffae0df0000 - 0x00007ffae10e6000 	C:\WINDOWS\System32\KERNELBASE.dll
0x00007ffae11c0000 - 0x00007ffae12c0000 	C:\WINDOWS\System32\ucrtbase.dll
0x00007ffaca4b0000 - 0x00007ffaca4c5000 	C:\Users\kamyk\.jdks\corretto-16.0.2\bin\VCRUNTIME140.dll
0x00007fface060000 - 0x00007fface078000 	C:\Users\kamyk\.jdks\corretto-16.0.2\bin\jli.dll
0x00007ffae2560000 - 0x00007ffae26fe000 	C:\WINDOWS\System32\USER32.dll
0x00007ffacdd90000 - 0x00007fface02a000 	C:\WINDOWS\WinSxS\amd64_microsoft.windows.common-controls_6595b64144ccf1df_6.0.19041.3636_none_60b6a03d71f818d5\COMCTL32.dll
0x00007ffae1190000 - 0x00007ffae11b2000 	C:\WINDOWS\System32\win32u.dll
0x00007ffae2cf0000 - 0x00007ffae2d8e000 	C:\WINDOWS\System32\msvcrt.dll
0x00007ffae2450000 - 0x00007ffae247b000 	C:\WINDOWS\System32\GDI32.dll
0x00007ffae0cd0000 - 0x00007ffae0de7000 	C:\WINDOWS\System32\gdi32full.dll
0x00007ffae10f0000 - 0x00007ffae118d000 	C:\WINDOWS\System32\msvcp_win.dll
0x00007ffae1d30000 - 0x00007ffae1d62000 	C:\WINDOWS\System32\IMM32.DLL
0x00007ffa9daf0000 - 0x00007ffa9db8b000 	C:\Users\kamyk\.jdks\corretto-16.0.2\bin\msvcp140.dll
0x00007ff9f3e10000 - 0x00007ff9f4a19000 	C:\Users\kamyk\.jdks\corretto-16.0.2\bin\server\jvm.dll
0x00007ffae28b0000 - 0x00007ffae2960000 	C:\WINDOWS\System32\ADVAPI32.dll
0x00007ffae2300000 - 0x00007ffae23a0000 	C:\WINDOWS\System32\sechost.dll
0x00007ffae1d70000 - 0x00007ffae1e95000 	C:\WINDOWS\System32\RPCRT4.dll
0x00007ffae0ca0000 - 0x00007ffae0cc7000 	C:\WINDOWS\System32\bcrypt.dll
0x00007ffae29e0000 - 0x00007ffae29e8000 	C:\WINDOWS\System32\PSAPI.DLL
0x00007ffad4230000 - 0x00007ffad4257000 	C:\WINDOWS\SYSTEM32\WINMM.dll
0x00007ffadfa70000 - 0x00007ffadfa7a000 	C:\WINDOWS\SYSTEM32\VERSION.dll
0x00007ffacb040000 - 0x00007ffacb049000 	C:\WINDOWS\SYSTEM32\WSOCK32.dll
0x00007ffae2480000 - 0x00007ffae24eb000 	C:\WINDOWS\System32\WS2_32.dll
0x00007ffadfa20000 - 0x00007ffadfa32000 	C:\WINDOWS\SYSTEM32\kernel.appcore.dll
0x00007ffacea00000 - 0x00007ffacea0a000 	C:\Users\kamyk\.jdks\corretto-16.0.2\bin\jimage.dll
0x00007ffade630000 - 0x00007ffade814000 	C:\WINDOWS\SYSTEM32\DBGHELP.DLL
0x00007ffabff10000 - 0x00007ffabff44000 	C:\WINDOWS\SYSTEM32\dbgcore.DLL
0x00007ffae1330000 - 0x00007ffae13b2000 	C:\WINDOWS\System32\bcryptPrimitives.dll
0x00007fface370000 - 0x00007fface37e000 	C:\Users\kamyk\.jdks\corretto-16.0.2\bin\instrument.dll
0x00007ffac9bb0000 - 0x00007ffac9bd5000 	C:\Users\kamyk\.jdks\corretto-16.0.2\bin\java.dll
0x00007ffae2e40000 - 0x00007ffae35ab000 	C:\WINDOWS\System32\SHELL32.dll
0x00007ffadeb90000 - 0x00007ffadf32e000 	C:\WINDOWS\SYSTEM32\windows.storage.dll
0x00007ffae1fa0000 - 0x00007ffae22f3000 	C:\WINDOWS\System32\combase.dll
0x00007ffae06d0000 - 0x00007ffae06fe000 	C:\WINDOWS\SYSTEM32\Wldp.dll
0x00007ffae29f0000 - 0x00007ffae2abd000 	C:\WINDOWS\System32\OLEAUT32.dll
0x00007ffae2d90000 - 0x00007ffae2e3d000 	C:\WINDOWS\System32\SHCORE.dll
0x00007ffae2500000 - 0x00007ffae2555000 	C:\WINDOWS\System32\shlwapi.dll
0x00007ffae0bd0000 - 0x00007ffae0bf5000 	C:\WINDOWS\SYSTEM32\profapi.dll
0x00007ffac8ab0000 - 0x00007ffac8ac9000 	C:\Users\kamyk\.jdks\corretto-16.0.2\bin\net.dll
0x00007ffada150000 - 0x00007ffada25a000 	C:\WINDOWS\SYSTEM32\WINHTTP.dll
0x00007ffae0430000 - 0x00007ffae049a000 	C:\WINDOWS\system32\mswsock.dll
0x00007ffac6f40000 - 0x00007ffac6f53000 	C:\Users\kamyk\.jdks\corretto-16.0.2\bin\nio.dll
0x00007ffac4ec0000 - 0x00007ffac4ed8000 	C:\Users\kamyk\.jdks\corretto-16.0.2\bin\zip.dll
0x00007fface3f0000 - 0x00007fface40a000 	C:\Program Files\JetBrains\IntelliJ IDEA Community Edition 2021.2.2\bin\breakgen64.dll
0x000001c397730000 - 0x000001c397733000 	C:\javafx-sdk-18.0.1\bin\api-ms-win-core-console-l1-1-0.dll
0x000001c397740000 - 0x000001c397743000 	C:\javafx-sdk-18.0.1\bin\api-ms-win-core-console-l1-2-0.dll
0x000001c397750000 - 0x000001c397753000 	C:\javafx-sdk-18.0.1\bin\api-ms-win-core-datetime-l1-1-0.dll
0x000001c397760000 - 0x000001c397763000 	C:\javafx-sdk-18.0.1\bin\api-ms-win-core-debug-l1-1-0.dll
0x000001c397770000 - 0x000001c397773000 	C:\javafx-sdk-18.0.1\bin\api-ms-win-core-errorhandling-l1-1-0.dll
0x000001c397780000 - 0x000001c397784000 	C:\javafx-sdk-18.0.1\bin\api-ms-win-core-file-l1-1-0.dll
0x000001c397790000 - 0x000001c397793000 	C:\javafx-sdk-18.0.1\bin\api-ms-win-core-file-l1-2-0.dll
0x000001c3977a0000 - 0x000001c3977a3000 	C:\javafx-sdk-18.0.1\bin\api-ms-win-core-file-l2-1-0.dll
0x000001c3977b0000 - 0x000001c3977b3000 	C:\javafx-sdk-18.0.1\bin\api-ms-win-core-handle-l1-1-0.dll
0x000001c3977c0000 - 0x000001c3977c3000 	C:\javafx-sdk-18.0.1\bin\api-ms-win-core-heap-l1-1-0.dll
0x000001c3977d0000 - 0x000001c3977d3000 	C:\javafx-sdk-18.0.1\bin\api-ms-win-core-interlocked-l1-1-0.dll
0x000001c3977e0000 - 0x000001c3977e3000 	C:\javafx-sdk-18.0.1\bin\api-ms-win-core-libraryloader-l1-1-0.dll
0x000001c3977f0000 - 0x000001c3977f3000 	C:\javafx-sdk-18.0.1\bin\api-ms-win-core-localization-l1-2-0.dll
0x000001c39acb0000 - 0x000001c39acb3000 	C:\javafx-sdk-18.0.1\bin\api-ms-win-core-memory-l1-1-0.dll
0x000001c39acc0000 - 0x000001c39acc3000 	C:\javafx-sdk-18.0.1\bin\api-ms-win-core-namedpipe-l1-1-0.dll
0x000001c39acd0000 - 0x000001c39acd3000 	C:\javafx-sdk-18.0.1\bin\api-ms-win-core-processenvironment-l1-1-0.dll
0x000001c39ace0000 - 0x000001c39ace3000 	C:\javafx-sdk-18.0.1\bin\api-ms-win-core-processthreads-l1-1-0.dll
0x000001c39acf0000 - 0x000001c39acf3000 	C:\javafx-sdk-18.0.1\bin\api-ms-win-core-processthreads-l1-1-1.dll
0x000001c39ad00000 - 0x000001c39ad03000 	C:\javafx-sdk-18.0.1\bin\api-ms-win-core-profile-l1-1-0.dll
0x000001c39ad10000 - 0x000001c39ad13000 	C:\javafx-sdk-18.0.1\bin\api-ms-win-core-rtlsupport-l1-1-0.dll
0x000001c39ad20000 - 0x000001c39ad23000 	C:\javafx-sdk-18.0.1\bin\api-ms-win-core-string-l1-1-0.dll
0x000001c39ad30000 - 0x000001c39ad33000 	C:\javafx-sdk-18.0.1\bin\api-ms-win-core-synch-l1-1-0.dll
0x000001c39ad40000 - 0x000001c39ad43000 	C:\javafx-sdk-18.0.1\bin\api-ms-win-core-synch-l1-2-0.dll
0x000001c39ad50000 - 0x000001c39ad53000 	C:\javafx-sdk-18.0.1\bin\api-ms-win-core-sysinfo-l1-1-0.dll
0x000001c39ad60000 - 0x000001c39ad63000 	C:\javafx-sdk-18.0.1\bin\api-ms-win-core-timezone-l1-1-0.dll
0x000001c39ad70000 - 0x000001c39ad73000 	C:\javafx-sdk-18.0.1\bin\api-ms-win-core-util-l1-1-0.dll
0x000001c39ad80000 - 0x000001c39ad83000 	C:\javafx-sdk-18.0.1\bin\api-ms-win-crt-conio-l1-1-0.dll
0x000001c39ad90000 - 0x000001c39ad94000 	C:\javafx-sdk-18.0.1\bin\api-ms-win-crt-convert-l1-1-0.dll
0x000001c39ada0000 - 0x000001c39ada3000 	C:\javafx-sdk-18.0.1\bin\api-ms-win-crt-environment-l1-1-0.dll
0x000001c39adb0000 - 0x000001c39adb3000 	C:\javafx-sdk-18.0.1\bin\api-ms-win-crt-filesystem-l1-1-0.dll
0x000001c39adc0000 - 0x000001c39adc3000 	C:\javafx-sdk-18.0.1\bin\api-ms-win-crt-heap-l1-1-0.dll
0x000001c39add0000 - 0x000001c39add3000 	C:\javafx-sdk-18.0.1\bin\api-ms-win-crt-locale-l1-1-0.dll
0x000001c39ade0000 - 0x000001c39ade5000 	C:\javafx-sdk-18.0.1\bin\api-ms-win-crt-math-l1-1-0.dll
0x000001c39adf0000 - 0x000001c39adf5000 	C:\javafx-sdk-18.0.1\bin\api-ms-win-crt-multibyte-l1-1-0.dll
0x000001c39ae00000 - 0x000001c39ae10000 	C:\javafx-sdk-18.0.1\bin\api-ms-win-crt-private-l1-1-0.dll
0x000001c39ae10000 - 0x000001c39ae13000 	C:\javafx-sdk-18.0.1\bin\api-ms-win-crt-process-l1-1-0.dll
0x000001c39ae20000 - 0x000001c39ae24000 	C:\javafx-sdk-18.0.1\bin\api-ms-win-crt-runtime-l1-1-0.dll
0x000001c39ae30000 - 0x000001c39ae34000 	C:\javafx-sdk-18.0.1\bin\api-ms-win-crt-stdio-l1-1-0.dll
0x000001c39ae40000 - 0x000001c39ae44000 	C:\javafx-sdk-18.0.1\bin\api-ms-win-crt-string-l1-1-0.dll
0x000001c39ae50000 - 0x000001c39ae53000 	C:\javafx-sdk-18.0.1\bin\api-ms-win-crt-time-l1-1-0.dll
0x000001c39ae60000 - 0x000001c39ae63000 	C:\javafx-sdk-18.0.1\bin\api-ms-win-crt-utility-l1-1-0.dll
0x00007ffa7f6d0000 - 0x00007ffa7f7cc000 	C:\javafx-sdk-18.0.1\bin\ucrtbase.dll
0x00007ffac47e0000 - 0x00007ffac47fa000 	C:\javafx-sdk-18.0.1\bin\vcruntime140.dll
0x00007ffac9ba0000 - 0x00007ffac9bac000 	C:\javafx-sdk-18.0.1\bin\vcruntime140_1.dll
0x00007ffa9d180000 - 0x00007ffa9d20d000 	C:\javafx-sdk-18.0.1\bin\msvcp140.dll
0x00007ffab4ad0000 - 0x00007ffab4afc000 	C:\javafx-sdk-18.0.1\bin\prism_d3d.dll
0x00007ffac7f60000 - 0x00007ffac812d000 	C:\WINDOWS\system32\d3d9.dll
0x00007ffade280000 - 0x00007ffade2af000 	C:\WINDOWS\SYSTEM32\dwmapi.dll
0x00007ffaddfb0000 - 0x00007ffade04e000 	C:\WINDOWS\system32\uxtheme.dll
0x00007ffad2ee0000 - 0x00007ffad2f9e000 	C:\WINDOWS\System32\DriverStore\FileRepository\nv_dispi.inf_amd64_268e85175aa9e991\nvldumdx.dll
0x00007ffae0860000 - 0x00007ffae0872000 	C:\WINDOWS\SYSTEM32\msasn1.dll
0x00007ffad7f70000 - 0x00007ffad7fa1000 	C:\WINDOWS\SYSTEM32\cryptnet.dll
0x00007ffae13c0000 - 0x00007ffae151d000 	C:\WINDOWS\System32\CRYPT32.dll
0x00007ffad7fb0000 - 0x00007ffad80f8000 	C:\WINDOWS\SYSTEM32\drvstore.dll
0x00007ffae0a30000 - 0x00007ffae0a63000 	C:\WINDOWS\SYSTEM32\devobj.dll
0x00007ffae1520000 - 0x00007ffae156e000 	C:\WINDOWS\System32\cfgmgr32.dll
0x00007ffae0640000 - 0x00007ffae064c000 	C:\WINDOWS\SYSTEM32\cryptbase.dll
0x00007ffae12c0000 - 0x00007ffae1327000 	C:\WINDOWS\System32\wintrust.dll
0x00007ffae1f80000 - 0x00007ffae1f9d000 	C:\WINDOWS\System32\imagehlp.dll
0x00007ffae0620000 - 0x00007ffae0638000 	C:\WINDOWS\SYSTEM32\CRYPTSP.dll
0x00007ffadfcf0000 - 0x00007ffadfd24000 	C:\WINDOWS\system32\rsaenh.dll
0x00007ffa26eb0000 - 0x00007ffa290ce000 	C:\WINDOWS\System32\DriverStore\FileRepository\nv_dispi.inf_amd64_268e85175aa9e991\nvgpucomp64.dll
0x00007ffa56200000 - 0x00007ffa585af000 	C:\WINDOWS\System32\DriverStore\FileRepository\nv_dispi.inf_amd64_268e85175aa9e991\nvd3dumx.dll
0x00007ffaa4a50000 - 0x00007ffaa4a92000 	C:\javafx-sdk-18.0.1\bin\glass.dll
0x00007ffae1ea0000 - 0x00007ffae1f7a000 	C:\WINDOWS\System32\COMDLG32.dll
0x00007ffae2ac0000 - 0x00007ffae2beb000 	C:\WINDOWS\System32\ole32.dll
0x0000000180000000 - 0x00000001880ae000 	C:\Program Files (x86)\ASUS\GPUTweakIII\GTIII-OSD\x64\GTIII-OSD64-VK.dll
0x00007ffa8af70000 - 0x00007ffa8b0d4000 	C:\WINDOWS\SYSTEM32\vulkan-1.dll
0x00007ffadf370000 - 0x00007ffadf463000 	C:\WINDOWS\system32\dxgi.dll
0x00007ffae1b50000 - 0x00007ffae1c65000 	C:\WINDOWS\System32\MSCTF.dll
0x00007ffa5d090000 - 0x00007ffa5d361000 	C:\WINDOWS\system32\nvspcap64.dll
0x00007ffadfe30000 - 0x00007ffadfe63000 	C:\WINDOWS\SYSTEM32\ntmarta.dll
0x00007ffadf340000 - 0x00007ffadf363000 	C:\WINDOWS\SYSTEM32\gpapi.dll
0x00007ffad1a40000 - 0x00007ffad1a7b000 	C:\WINDOWS\SYSTEM32\dxcore.dll
0x00007ffab0ab0000 - 0x00007ffab0ac4000 	C:\javafx-sdk-18.0.1\bin\javafx_font.dll
0x00007ffacdb10000 - 0x00007ffacdd8f000 	C:\WINDOWS\SYSTEM32\dwrite.dll
0x00007ffae23a0000 - 0x00007ffae2449000 	C:\WINDOWS\System32\clbcatq.dll
0x00007ffad1c20000 - 0x00007ffad1dd4000 	C:\WINDOWS\SYSTEM32\WindowsCodecs.dll
0x00007ffacaf00000 - 0x00007ffacaf3e000 	C:\WINDOWS\system32\dataexchange.dll
0x00007ffadc720000 - 0x00007ffadc983000 	C:\WINDOWS\system32\d3d11.dll
0x00007ffadd730000 - 0x00007ffadd913000 	C:\WINDOWS\system32\dcomp.dll

dbghelp: loaded successfully - version: 4.0.5 - missing functions: none
symbol engine: initialized successfully - sym options: 0x614 - pdb path: .;C:\Users\kamyk\.jdks\corretto-16.0.2\bin;C:\WINDOWS\SYSTEM32;C:\WINDOWS\WinSxS\amd64_microsoft.windows.common-controls_6595b64144ccf1df_6.0.19041.3636_none_60b6a03d71f818d5;C:\Users\kamyk\.jdks\corretto-16.0.2\bin\server;C:\Program Files\JetBrains\IntelliJ IDEA Community Edition 2021.2.2\bin;C:\javafx-sdk-18.0.1\bin;C:\WINDOWS\System32\DriverStore\FileRepository\nv_dispi.inf_amd64_268e85175aa9e991;C:\Program Files (x86)\ASUS\GPUTweakIII\GTIII-OSD\x64;C:\Program Files\Common Files\Microsoft Shared\Ink

VM Arguments:
jvm_args: --module-path=C:\javafx-sdk-18.0.1\lib --add-modules=javafx.controls,javafx.fxml -javaagent:C:\Program Files\JetBrains\IntelliJ IDEA Community Edition 2021.2.2\lib\idea_rt.jar=60464:C:\Program Files\JetBrains\IntelliJ IDEA Community Edition 2021.2.2\bin -Dfile.encoding=UTF-8 
java_command: sample.Main
java_class_path (initial): D:\Programowanie\TABLEDEMO\out\production\SheetManager;C:\javafx-sdk-18.0.1\lib\javafx-swt.jar;C:\javafx-sdk-18.0.1\lib\javafx.web.jar;C:\javafx-sdk-18.0.1\lib\javafx.base.jar;C:\javafx-sdk-18.0.1\lib\javafx.fxml.jar;C:\javafx-sdk-18.0.1\lib\javafx.media.jar;C:\javafx-sdk-18.0.1\lib\javafx.swing.jar;C:\javafx-sdk-18.0.1\lib\javafx.controls.jar;C:\javafx-sdk-18.0.1\lib\javafx.graphics.jar
Launcher Type: SUN_STANDARD

[Global flags]
     intx CICompilerCount                          = 3                                         {product} {ergonomic}
     uint ConcGCThreads                            = 2                                         {product} {ergonomic}
     uint G1ConcRefinementThreads                  = 6                                         {product} {ergonomic}
   size_t G1HeapRegionSize                         = 4194304                                   {product} {ergonomic}
    uintx GCDrainStackTargetSize                   = 64                                        {product} {ergonomic}
   size_t InitialHeapSize                          = 536870912                                 {product} {ergonomic}
   size_t MarkStackSize                            = 4194304                                   {product} {ergonomic}
   size_t MaxHeapSize                              = 8573157376                                {product} {ergonomic}
   size_t MaxNewSize                               = 5142216704                                {product} {ergonomic}
   size_t MinHeapDeltaBytes                        = 4194304                                   {product} {ergonomic}
   size_t MinHeapSize                              = 8388608                                   {product} {ergonomic}
    uintx NonNMethodCodeHeapSize                   = 5832780                                {pd product} {ergonomic}
    uintx NonProfiledCodeHeapSize                  = 122912730                              {pd product} {ergonomic}
    uintx ProfiledCodeHeapSize                     = 122912730                              {pd product} {ergonomic}
    uintx ReservedCodeCacheSize                    = 251658240                              {pd product} {ergonomic}
     bool SegmentedCodeCache                       = true                                      {product} {ergonomic}
   size_t SoftMaxHeapSize                          = 8573157376                             {manageable} {ergonomic}
     bool UseCompressedClassPointers               = true                           {product lp64_product} {ergonomic}
     bool UseCompressedOops                        = true                           {product lp64_product} {ergonomic}
     bool UseG1GC                                  = true                                      {product} {ergonomic}
     bool UseLargePagesIndividualAllocation        = false                                  {pd product} {ergonomic}

Logging:
Log output configuration:
 #0: stdout all=warning uptime,level,tags
 #1: stderr all=off uptime,level,tags

Environment Variables:
PATH=C:\Program Files (x86)\VMware\VMware Player\bin\;C:\Program Files (x86)\Razer Chroma SDK\bin;C:\Program Files\Razer Chroma SDK\bin;C:\Program Files (x86)\Razer\ChromaBroadcast\bin;C:\Program Files\Razer\ChromaBroadcast\bin;C:\Program Files\Common Files\Oracle\Java\javapath;C:\Program Files (x86)\Common Files\Oracle\Java\javapath;C:\Windows\system32;C:\Windows;C:\Windows\System32\Wbem;C:\Windows\System32\WindowsPowerShell\v1.0\;C:\Windows\System32\OpenSSH\;C:\Program Files\NVIDIA Corporation\NVIDIA NvDLISR;C:\Program Files (x86)\NVIDIA Corporation\PhysX\Common;C:\WINDOWS\system32;C:\WINDOWS;C:\WINDOWS\System32\Wbem;C:\WINDOWS\System32\WindowsPowerShell\v1.0\;C:\WINDOWS\System32\OpenSSH\;C:\Program Files (x86)\dotnet\;F:\Program Files\PuTTY\;C:\Program Files\dotnet\;C:\WINDOWS\system32\config\systemprofile\AppData\Local\Microsoft\WindowsApps;C:\Program Files\Git\cmd;C:\Users\kamyk\AppData\Local\Programs\Python\Launcher\;C:\Users\kamyk\AppData\Local\Microsoft\WindowsApps;;F:\Users\kamyk\AppData\Local\Programs\Microsoft VS Code\bin
USERNAME=kamyk
OS=Windows_NT
PROCESSOR_IDENTIFIER=Intel64 Family 6 Model 158 Stepping 10, GenuineIntel



---------------  S Y S T E M  ---------------

OS:
 Windows 10 , 64 bit Build 19041 (10.0.19041.3636)
OS uptime: 8 days 19:11 hours

CPU: total 6 (initial active 6) (6 cores per cpu, 1 threads per core) family 6 model 158 stepping 10 microcode 0xb4, cx8, cmov, fxsr, mmx, 3dnowpref, sse, sse2, sse3, ssse3, sse4.1, sse4.2, popcnt, lzcnt, tsc, tscinvbit, avx, avx2, aes, erms, clmul, bmi1, bmi2, rtm, adx, fma, vzeroupper, clflush, clflushopt

Memory: 4k page, system-wide physical 32701M (16595M free)
TotalPageFile size 41281M (AvailPageFile size 4468M)
current process WorkingSet (physical memory assigned to process): 221M, peak: 239M
current process commit charge ("private bytes"): 1182M, peak: 1183M

vm_info: OpenJDK 64-Bit Server VM (16.0.2+7) for windows-amd64 JRE (16.0.2+7), built on Jul 22 2021 01:11:46 by "Administrator" with MS VC++ 15.9 (VS2017)

END.
