#
# A fatal error has been detected by the Java Runtime Environment:
#
#  EXCEPTION_ACCESS_VIOLATION (0xc0000005) at pc=0x00007ffbf26184fd, pid=27092, tid=17848
#
# JRE version: OpenJDK Runtime Environment Corretto-18.0.2.9.1 (18.0.2+9) (build 18.0.2+9-FR)
# Java VM: OpenJDK 64-Bit Server VM Corretto-18.0.2.9.1 (18.0.2+9-FR, mixed mode, sharing, tiered, compressed oops, compressed class ptrs, g1 gc, windows-amd64)
# Problematic frame:
# C  [d3d9.dll+0x184fd]
#
# No core dump will be written. Minidumps are not enabled by default on client versions of Windows
#
# If you would like to submit a bug report, please visit:
#   https://github.com/corretto/corretto-18/issues/
# The crash happened outside the Java Virtual Machine in native code.
# See problematic frame for where to report the bug.
#

---------------  S U M M A R Y ------------

Command Line: --module-path=lib\javaFX\lib --add-modules=javafx.controls,javafx.web,javafx.fxml -javaagent:F:\Program Files\JetBrains\IntelliJ IDEA 2024.1.1\lib\idea_rt.jar=50508:F:\Program Files\JetBrains\IntelliJ IDEA 2024.1.1\bin -Dfile.encoding=UTF-8 -Dsun.stdout.encoding=UTF-8 -Dsun.stderr.encoding=UTF-8 sample.Main

Host: AMD Ryzen 7 7800X3D 8-Core Processor           , 16 cores, 31G,  Windows 11 , 64 bit Build 26100 (10.0.26100.4484)
Time: Tue Jul 29 20:21:34 2025  Windows 11 , 64 bit Build 26100 (10.0.26100.4484) elapsed time: 9.136834 seconds (0d 0h 0m 9s)

---------------  T H R E A D  ---------------

Current thread (0x000001a1e67fea30):  JavaThread "QuantumRenderer-0" daemon [_thread_in_native, id=17848, stack(0x0000003d8f500000,0x0000003d8f600000)]

Stack: [0x0000003d8f500000,0x0000003d8f600000],  sp=0x0000003d8f5fe820,  free space=1018k
Native frames: (J=compiled Java code, j=interpreted, Vv=VM code, C=native code)
C  [d3d9.dll+0x184fd]

Java frames: (J=compiled Java code, j=interpreted, Vv=VM code)
j  com.sun.prism.d3d.D3DSwapChain.nPresent(JJ)I+0 javafx.graphics@22
j  com.sun.prism.d3d.D3DSwapChain.present()Z+25 javafx.graphics@22
j  com.sun.javafx.tk.quantum.PresentingPainter.run()V+451 javafx.graphics@22
j  java.util.concurrent.Executors$RunnableAdapter.call()Ljava/lang/Object;+4 java.base@18.0.2
j  java.util.concurrent.FutureTask.runAndReset()Z+44 java.base@18.0.2
j  com.sun.javafx.tk.RenderJob.run()V+1 javafx.graphics@22
j  java.util.concurrent.ThreadPoolExecutor.runWorker(Ljava/util/concurrent/ThreadPoolExecutor$Worker;)V+92 java.base@18.0.2
j  java.util.concurrent.ThreadPoolExecutor$Worker.run()V+5 java.base@18.0.2
j  com.sun.javafx.tk.quantum.QuantumRenderer$PipelineRunnable.run()V+8 javafx.graphics@22
j  java.lang.Thread.run()V+11 java.base@18.0.2
v  ~StubRoutines::call_stub

siginfo: EXCEPTION_ACCESS_VIOLATION (0xc0000005), reading address 0x00000002000101ba


Register to memory mapping:

RIP=0x00007ffbf26184fd d3d9.dll
RAX=0x00000002000100aa is an unknown value
RBX=0x000001a1e6e61f40 points into unknown readable memory: 0x000001a1e6e66530 | 30 65 e6 e6 a1 01 00 00
RCX=0x000001a1e6e61f40 points into unknown readable memory: 0x000001a1e6e66530 | 30 65 e6 e6 a1 01 00 00
RDX=0x0 is NULL
RSP=0x0000003d8f5fe820 is pointing into the stack for thread: 0x000001a1e67fea30
RBP=0x0000003d8f5fec20 is pointing into the stack for thread: 0x000001a1e67fea30
RSI=0x0 is NULL
RDI=0x000001a1ee31ee78 points into unknown readable memory: 0x00000002000100aa | aa 00 01 00 02 00 00 00
R8 =0x000001a1ee31ee78 points into unknown readable memory: 0x00000002000100aa | aa 00 01 00 02 00 00 00
R9 =0x000000007ffe8000 points into unknown readable memory: 0x0000000000000001 | 01 00 00 00 00 00 00 00
R10=0x0000000000000001 is an unknown value
R11=0xfffffffff7e369c1 is an unknown value
R12=0x0 is NULL
R13={method} {0x000001a1e2c72720} 'nPresent' '(JJ)I' in 'com/sun/prism/d3d/D3DSwapChain'
R14=0x0 is NULL
R15=0x000001a1e6e61f48 points into unknown readable memory: 0x0000000000000000 | 00 00 00 00 00 00 00 00


Registers:
RAX=0x00000002000100aa, RBX=0x000001a1e6e61f40, RCX=0x000001a1e6e61f40, RDX=0x0000000000000000
RSP=0x0000003d8f5fe820, RBP=0x0000003d8f5fec20, RSI=0x0000000000000000, RDI=0x000001a1ee31ee78
R8 =0x000001a1ee31ee78, R9 =0x000000007ffe8000, R10=0x0000000000000001, R11=0xfffffffff7e369c1
R12=0x0000000000000000, R13=0x000001a1e2c72718, R14=0x0000000000000000, R15=0x000001a1e6e61f48
RIP=0x00007ffbf26184fd, EFLAGS=0x0000000000010206

Top of Stack: (sp=0x0000003d8f5fe820)
0x0000003d8f5fe820:   000001a1e6e61f40 000001a1e67e27a0
0x0000003d8f5fe830:   000001a1ef428138 00007ffbf264515e
0x0000003d8f5fe840:   000001a1e6e61f48 000001a100000000
0x0000003d8f5fe850:   00003f7914ffa14f 0000000080004005
0x0000003d8f5fe860:   0000000000000000 0000000000000000
0x0000003d8f5fe870:   3ff0000000000000 0000000000000000
0x0000003d8f5fe880:   000001a1efdddd98 000001a1f4c55bd4
0x0000003d8f5fe890:   000001a1fcc4dd60 0000000000000000
0x0000003d8f5fe8a0:   0000510dfd6afced 0000000000000000
0x0000003d8f5fe8b0:   0000000000000000 0000000000000000
0x0000003d8f5fe8c0:   000001a1e2c72718 0000000000000000
0x0000003d8f5fe8d0:   000001a1efdddd98 0000000000000000
0x0000003d8f5fe8e0:   0000000000001910 000001a1f4c66338
0x0000003d8f5fe8f0:   0000000000001910 000001a1ef42a234
0x0000003d8f5fe900:   0000000000000004 0000000000000000
0x0000003d8f5fe910:   000000000000001e 000001a1e6e61f48 

Instructions: (pc=0x00007ffbf26184fd)
0x00007ffbf26183fd:   3b c2 75 07 e8 7a dd 02 00 eb a6 e8 03 6c 13 00
0x00007ffbf261840d:   eb 9f 48 8b d3 48 8b cd e8 be b9 07 00 85 c0 0f
0x00007ffbf261841d:   84 5b ff ff ff 48 8b d3 48 8b cd e8 33 b6 07 00
0x00007ffbf261842d:   e9 4f ff ff ff e8 d9 6b 13 00 eb a0 cc cc cc cc
0x00007ffbf261843d:   cc cc cc 40 53 56 57 41 54 41 55 41 56 41 57 48
0x00007ffbf261844d:   81 ec 90 00 00 00 48 8b 05 a6 a1 18 00 48 33 c4
0x00007ffbf261845d:   48 89 84 24 80 00 00 00 49 8b f8 44 8b f2 48 8b
0x00007ffbf261846d:   d9 4c 8d 79 08 45 33 e4 48 85 c9 4d 0f 44 fc 4c
0x00007ffbf261847d:   89 7c 24 20 44 89 64 24 28 45 39 67 28 74 10 49
0x00007ffbf261848d:   8b cf 48 ff 15 22 f7 13 00 0f 1f 44 00 00 90 8b
0x00007ffbf261849d:   43 4c a8 02 74 33 48 8d 4c 24 20 e8 c3 43 00 00
0x00007ffbf26184ad:   b8 6c 08 76 88 48 8b 8c 24 80 00 00 00 48 33 cc
0x00007ffbf26184bd:   e8 4e 2f 13 00 48 81 c4 90 00 00 00 41 5f 41 5e
0x00007ffbf26184cd:   41 5d 41 5c 5f 5e 5b c3 cc 45 85 f6 75 09 48 85
0x00007ffbf26184dd:   ff 0f 84 11 07 00 00 44 3b b3 a0 02 00 00 0f 83
0x00007ffbf26184ed:   5e 08 00 00 48 85 ff 0f 84 ec 06 00 00 48 8b 07
0x00007ffbf26184fd:   48 8b 80 10 01 00 00 48 8d 0d 25 f8 ff ff 48 3b
0x00007ffbf261850d:   c1 0f 85 6e 08 00 00 48 8b 47 d8 48 3b c3 0f 85
0x00007ffbf261851d:   99 05 00 00 48 8b 07 48 8b 80 f0 00 00 00 4c 8d
0x00007ffbf261852d:   2d ae fd ff ff 49 3b c5 0f 85 96 02 00 00 0f 10
0x00007ffbf261853d:   47 10 0f 11 44 24 48 0f 10 4f 20 0f 11 4c 24 58
0x00007ffbf261854d:   8b 44 24 50 a8 01 0f 84 fd 01 00 00 a8 20 0f 85
0x00007ffbf261855d:   2e 08 00 00 41 8b cc 3b 8b a0 02 00 00 73 19 41
0x00007ffbf261856d:   3b ce 74 10 8b c1 48 3b bc c3 00 40 00 00 0f 84
0x00007ffbf261857d:   7d 07 00 00 ff c1 eb df 45 33 e4 0f ae e8 41 8b
0x00007ffbf261858d:   f4 48 8b cb e8 ba 42 00 00 3b f0 73 32 8b c6 4c
0x00007ffbf261859d:   8b bc c3 30 3f 00 00 41 83 bf d0 01 00 00 05 74
0x00007ffbf26185ad:   04 ff c6 eb dc 48 8b d7 49 8b cf e8 1b b8 07 00
0x00007ffbf26185bd:   85 c0 74 ed 48 8b d7 49 8b cf e8 94 b4 07 00 41
0x00007ffbf26185cd:   8b f4 44 8b bb f0 3f 00 00 41 3b f7 73 20 8b ce
0x00007ffbf26185dd:   48 8b 83 f8 3f 00 00 4c 8b 24 c8 41 83 bc 24 d0
0x00007ffbf26185ed:   01 00 00 05 0f 84 cb 07 00 00 ff c6 eb db 4a 8b 


Stack slot to memory mapping:
stack at sp + 0 slots: 0x000001a1e6e61f40 points into unknown readable memory: 0x000001a1e6e66530 | 30 65 e6 e6 a1 01 00 00
stack at sp + 1 slots: 0x000001a1e67e27a0 points into unknown readable memory: 0x00007ffbaa163e98 | 98 3e 16 aa fb 7f 00 00
stack at sp + 2 slots: 0x000001a1ef428138 points into unknown readable memory: 0x000001a1e6e88dc0 | c0 8d e8 e6 a1 01 00 00
stack at sp + 3 slots: 0x00007ffbf264515e d3d9.dll
stack at sp + 4 slots: 0x000001a1e6e61f48 points into unknown readable memory: 0x0000000000000000 | 00 00 00 00 00 00 00 00
stack at sp + 5 slots: 0x000001a100000000 is an unknown value
stack at sp + 6 slots: 0x00003f7914ffa14f is an unknown value
stack at sp + 7 slots: 0x0000000080004005 is an unknown value


---------------  P R O C E S S  ---------------

Threads class SMR info:
_java_thread_list=0x000001a1eed8c000, length=22, elements={
0x000001a1b4e1b9c0, 0x000001a1e0c2b040, 0x000001a1e0c2d560, 0x000001a1e0c46080,
0x000001a1e0c46a20, 0x000001a1e0c47f30, 0x000001a1e0c488d0, 0x000001a1e0c5ecc0,
0x000001a1e0c62630, 0x000001a1e0c6b0b0, 0x000001a1e5cc57c0, 0x000001a1e0c63560,
0x000001a1e5fa88f0, 0x000001a1e61ff5e0, 0x000001a1e67fea30, 0x000001a1e61109a0,
0x000001a1e6af1190, 0x000001a1e7002760, 0x000001a1e7004880, 0x000001a1ee428ca0,
0x000001a1ee4287d0, 0x000001a1e7588f40
}

Java Threads: ( => current thread )
  0x000001a1b4e1b9c0 JavaThread "main" [_thread_blocked, id=15312, stack(0x0000003d8dc00000,0x0000003d8dd00000)]
  0x000001a1e0c2b040 JavaThread "Reference Handler" daemon [_thread_blocked, id=20100, stack(0x0000003d8e300000,0x0000003d8e400000)]
  0x000001a1e0c2d560 JavaThread "Finalizer" daemon [_thread_blocked, id=21064, stack(0x0000003d8e400000,0x0000003d8e500000)]
  0x000001a1e0c46080 JavaThread "Signal Dispatcher" daemon [_thread_blocked, id=6792, stack(0x0000003d8e500000,0x0000003d8e600000)]
  0x000001a1e0c46a20 JavaThread "Attach Listener" daemon [_thread_blocked, id=17584, stack(0x0000003d8e600000,0x0000003d8e700000)]
  0x000001a1e0c47f30 JavaThread "Service Thread" daemon [_thread_blocked, id=11300, stack(0x0000003d8e700000,0x0000003d8e800000)]
  0x000001a1e0c488d0 JavaThread "Monitor Deflation Thread" daemon [_thread_blocked, id=4996, stack(0x0000003d8e800000,0x0000003d8e900000)]
  0x000001a1e0c5ecc0 JavaThread "C2 CompilerThread0" daemon [_thread_blocked, id=10344, stack(0x0000003d8e900000,0x0000003d8ea00000)]
  0x000001a1e0c62630 JavaThread "C1 CompilerThread0" daemon [_thread_blocked, id=32832, stack(0x0000003d8ea00000,0x0000003d8eb00000)]
  0x000001a1e0c6b0b0 JavaThread "Sweeper thread" daemon [_thread_blocked, id=3856, stack(0x0000003d8eb00000,0x0000003d8ec00000)]
  0x000001a1e5cc57c0 JavaThread "Common-Cleaner" daemon [_thread_blocked, id=1416, stack(0x0000003d8ec00000,0x0000003d8ed00000)]
  0x000001a1e0c63560 JavaThread "C1 CompilerThread1" daemon [_thread_blocked, id=32756, stack(0x0000003d8ed00000,0x0000003d8ee00000)]
  0x000001a1e5fa88f0 JavaThread "Monitor Ctrl-Break" daemon [_thread_in_native, id=32472, stack(0x0000003d8f600000,0x0000003d8f700000)]
  0x000001a1e61ff5e0 JavaThread "Notification Thread" daemon [_thread_blocked, id=20884, stack(0x0000003d8f700000,0x0000003d8f800000)]
=>0x000001a1e67fea30 JavaThread "QuantumRenderer-0" daemon [_thread_in_native, id=17848, stack(0x0000003d8f500000,0x0000003d8f600000)]
  0x000001a1e61109a0 JavaThread "InvokeLaterDispatcher" daemon [_thread_blocked, id=31940, stack(0x0000003d8f400000,0x0000003d8f500000)]
  0x000001a1e6af1190 JavaThread "JavaFX Application Thread" [_thread_blocked, id=33236, stack(0x0000003d8fa00000,0x0000003d8fb00000)]
  0x000001a1e7002760 JavaThread "JavaFX-Launcher" [_thread_blocked, id=14752, stack(0x0000003d8f100000,0x0000003d8f200000)]
  0x000001a1e7004880 JavaThread "Thread-2" daemon [_thread_in_native, id=10828, stack(0x0000003d8f000000,0x0000003d8f100000)]
  0x000001a1ee428ca0 JavaThread "Prism Font Disposer" daemon [_thread_blocked, id=28992, stack(0x0000003d90e90000,0x0000003d90f90000)]
  0x000001a1ee4287d0 JavaThread "Cleaner-0" daemon [_thread_blocked, id=30132, stack(0x0000003d90f90000,0x0000003d91090000)]
  0x000001a1e7588f40 JavaThread "C1 CompilerThread2" daemon [_thread_blocked, id=7964, stack(0x0000003d8ee00000,0x0000003d8ef00000)]

Other Threads:
  0x000001a1e0c236f0 VMThread "VM Thread" [stack: 0x0000003d8e200000,0x0000003d8e300000] [id=33272]
  0x000001a1b4e1c820 WatcherThread "VM Periodic Task Thread" [stack: 0x0000003d8f800000,0x0000003d8f900000] [id=33616]
  0x000001a1b4ecbc10 WorkerThread "GC Thread#0" [stack: 0x0000003d8dd00000,0x0000003d8de00000] [id=12608]
  0x000001a1e7052b20 WorkerThread "GC Thread#1" [stack: 0x0000003d8ff90000,0x0000003d90090000] [id=19872]
  0x000001a1e70a0c00 WorkerThread "GC Thread#2" [stack: 0x0000003d90090000,0x0000003d90190000] [id=30344]
  0x000001a1e70a0ea0 WorkerThread "GC Thread#3" [stack: 0x0000003d90190000,0x0000003d90290000] [id=32564]
  0x000001a1e7049700 WorkerThread "GC Thread#4" [stack: 0x0000003d90290000,0x0000003d90390000] [id=33060]
  0x000001a1e704a9d0 WorkerThread "GC Thread#5" [stack: 0x0000003d90390000,0x0000003d90490000] [id=32292]
  0x000001a1e704b080 WorkerThread "GC Thread#6" [stack: 0x0000003d90490000,0x0000003d90590000] [id=21472]
  0x000001a1e704d330 WorkerThread "GC Thread#7" [stack: 0x0000003d90590000,0x0000003d90690000] [id=6720]
  0x000001a1e6fdbfe0 WorkerThread "GC Thread#8" [stack: 0x0000003d90690000,0x0000003d90790000] [id=27340]
  0x000001a1e6fdc690 WorkerThread "GC Thread#9" [stack: 0x0000003d90790000,0x0000003d90890000] [id=7124]
  0x000001a1e6fdcd40 WorkerThread "GC Thread#10" [stack: 0x0000003d90890000,0x0000003d90990000] [id=25104]
  0x000001a1e6fdcfe0 WorkerThread "GC Thread#11" [stack: 0x0000003d90990000,0x0000003d90a90000] [id=33076]
  0x000001a1b4edc450 ConcurrentGCThread "G1 Main Marker" [stack: 0x0000003d8de00000,0x0000003d8df00000] [id=10836]
  0x000001a1b4edce40 WorkerThread "G1 Conc#0" [stack: 0x0000003d8df00000,0x0000003d8e000000] [id=2072]
  0x000001a1e0ada470 ConcurrentGCThread "G1 Refine#0" [stack: 0x0000003d8e000000,0x0000003d8e100000] [id=29964]
  0x000001a1e0adbd90 ConcurrentGCThread "G1 Service" [stack: 0x0000003d8e100000,0x0000003d8e200000] [id=15252]

Threads with active compile tasks:

VM state: not at safepoint (normal execution)

VM Mutex/Monitor currently owned by a thread: None

Heap address: 0x000000060dc00000, size: 7972 MB, Compressed Oops mode: Zero based, Oop shift amount: 3

CDS archive(s) mapped at: [0x0000000800000000-0x0000000800ba0000-0x0000000800ba0000), size 12189696, SharedBaseAddress: 0x0000000800000000, ArchiveRelocationMode: 0.
Compressed class space mapped at: 0x0000000800c00000-0x0000000840c00000, reserved size: 1073741824
Narrow klass base: 0x0000000800000000, Narrow klass shift: 0, Narrow klass range: 0x100000000

GC Precious Log:
 CardTable entry size: 512
 Card Set container configuration: InlinePtr #cards 4 size 8 Array Of Cards #cards 32 size 80 Howl #buckets 8 coarsen threshold 7372 Howl Bitmap #cards 1024 size 144 coarsen threshold 921 Card regions per heap region 1 cards per card region 8192
 CPUs: 16 total, 16 available
 Memory: 31882M
 Large Page Support: Disabled
 NUMA Support: Disabled
 Compressed Oops: Enabled (Zero based)
 Heap Region Size: 4M
 Heap Min Capacity: 8M
 Heap Initial Capacity: 500M
 Heap Max Capacity: 7972M
 Pre-touch: Disabled
 Parallel Workers: 13
 Concurrent Workers: 3
 Concurrent Refinement Workers: 13
 Periodic GC: Disabled

Heap:
 garbage-first heap   total 512000K, used 73960K [0x000000060dc00000, 0x0000000800000000)
  region size 4096K, 17 young (69632K), 2 survivors (8192K)
 Metaspace       used 21127K, committed 21440K, reserved 1114112K
  class space    used 3074K, committed 3200K, reserved 1048576K

Heap Regions: E=young(eden), S=young(survivor), O=old, HS=humongous(starts), HC=humongous(continues), CS=collection set, F=free, OA=open archive, CA=closed archive, TAMS=top-at-mark-start (previous, next)
|   0|0x000000060dc00000, 0x000000060dc3a000, 0x000000060e000000|  5%| O|  |TAMS 0x000000060dc00000, 0x000000060dc00000| Untracked 
|   1|0x000000060e000000, 0x000000060e400000, 0x000000060e400000|100%|HS|  |TAMS 0x000000060e000000, 0x000000060e000000| Complete 
|   2|0x000000060e400000, 0x000000060e800000, 0x000000060e800000|100%|HC|  |TAMS 0x000000060e400000, 0x000000060e400000| Complete 
|   3|0x000000060e800000, 0x000000060e800000, 0x000000060ec00000|  0%| F|  |TAMS 0x000000060e800000, 0x000000060e800000| Untracked 
|   4|0x000000060ec00000, 0x000000060ec00000, 0x000000060f000000|  0%| F|  |TAMS 0x000000060ec00000, 0x000000060ec00000| Untracked 
|   5|0x000000060f000000, 0x000000060f000000, 0x000000060f400000|  0%| F|  |TAMS 0x000000060f000000, 0x000000060f000000| Untracked 
|   6|0x000000060f400000, 0x000000060f400000, 0x000000060f800000|  0%| F|  |TAMS 0x000000060f400000, 0x000000060f400000| Untracked 
|   7|0x000000060f800000, 0x000000060f800000, 0x000000060fc00000|  0%| F|  |TAMS 0x000000060f800000, 0x000000060f800000| Untracked 
|   8|0x000000060fc00000, 0x000000060fc00000, 0x0000000610000000|  0%| F|  |TAMS 0x000000060fc00000, 0x000000060fc00000| Untracked 
|   9|0x0000000610000000, 0x0000000610000000, 0x0000000610400000|  0%| F|  |TAMS 0x0000000610000000, 0x0000000610000000| Untracked 
|  10|0x0000000610400000, 0x0000000610400000, 0x0000000610800000|  0%| F|  |TAMS 0x0000000610400000, 0x0000000610400000| Untracked 
|  11|0x0000000610800000, 0x0000000610800000, 0x0000000610c00000|  0%| F|  |TAMS 0x0000000610800000, 0x0000000610800000| Untracked 
|  12|0x0000000610c00000, 0x0000000610c00000, 0x0000000611000000|  0%| F|  |TAMS 0x0000000610c00000, 0x0000000610c00000| Untracked 
|  13|0x0000000611000000, 0x0000000611000000, 0x0000000611400000|  0%| F|  |TAMS 0x0000000611000000, 0x0000000611000000| Untracked 
|  14|0x0000000611400000, 0x0000000611400000, 0x0000000611800000|  0%| F|  |TAMS 0x0000000611400000, 0x0000000611400000| Untracked 
|  15|0x0000000611800000, 0x0000000611800000, 0x0000000611c00000|  0%| F|  |TAMS 0x0000000611800000, 0x0000000611800000| Untracked 
|  16|0x0000000611c00000, 0x0000000611c00000, 0x0000000612000000|  0%| F|  |TAMS 0x0000000611c00000, 0x0000000611c00000| Untracked 
|  17|0x0000000612000000, 0x0000000612000000, 0x0000000612400000|  0%| F|  |TAMS 0x0000000612000000, 0x0000000612000000| Untracked 
|  18|0x0000000612400000, 0x0000000612400000, 0x0000000612800000|  0%| F|  |TAMS 0x0000000612400000, 0x0000000612400000| Untracked 
|  19|0x0000000612800000, 0x0000000612800000, 0x0000000612c00000|  0%| F|  |TAMS 0x0000000612800000, 0x0000000612800000| Untracked 
|  20|0x0000000612c00000, 0x0000000612c00000, 0x0000000613000000|  0%| F|  |TAMS 0x0000000612c00000, 0x0000000612c00000| Untracked 
|  21|0x0000000613000000, 0x0000000613000000, 0x0000000613400000|  0%| F|  |TAMS 0x0000000613000000, 0x0000000613000000| Untracked 
|  22|0x0000000613400000, 0x0000000613400000, 0x0000000613800000|  0%| F|  |TAMS 0x0000000613400000, 0x0000000613400000| Untracked 
|  23|0x0000000613800000, 0x0000000613800000, 0x0000000613c00000|  0%| F|  |TAMS 0x0000000613800000, 0x0000000613800000| Untracked 
|  24|0x0000000613c00000, 0x0000000613c00000, 0x0000000614000000|  0%| F|  |TAMS 0x0000000613c00000, 0x0000000613c00000| Untracked 
|  25|0x0000000614000000, 0x0000000614000000, 0x0000000614400000|  0%| F|  |TAMS 0x0000000614000000, 0x0000000614000000| Untracked 
|  26|0x0000000614400000, 0x0000000614400000, 0x0000000614800000|  0%| F|  |TAMS 0x0000000614400000, 0x0000000614400000| Untracked 
|  27|0x0000000614800000, 0x0000000614800000, 0x0000000614c00000|  0%| F|  |TAMS 0x0000000614800000, 0x0000000614800000| Untracked 
|  28|0x0000000614c00000, 0x0000000614c00000, 0x0000000615000000|  0%| F|  |TAMS 0x0000000614c00000, 0x0000000614c00000| Untracked 
|  29|0x0000000615000000, 0x0000000615000000, 0x0000000615400000|  0%| F|  |TAMS 0x0000000615000000, 0x0000000615000000| Untracked 
|  30|0x0000000615400000, 0x0000000615400000, 0x0000000615800000|  0%| F|  |TAMS 0x0000000615400000, 0x0000000615400000| Untracked 
|  31|0x0000000615800000, 0x0000000615800000, 0x0000000615c00000|  0%| F|  |TAMS 0x0000000615800000, 0x0000000615800000| Untracked 
|  32|0x0000000615c00000, 0x0000000615c00000, 0x0000000616000000|  0%| F|  |TAMS 0x0000000615c00000, 0x0000000615c00000| Untracked 
|  33|0x0000000616000000, 0x0000000616000000, 0x0000000616400000|  0%| F|  |TAMS 0x0000000616000000, 0x0000000616000000| Untracked 
|  34|0x0000000616400000, 0x0000000616400000, 0x0000000616800000|  0%| F|  |TAMS 0x0000000616400000, 0x0000000616400000| Untracked 
|  35|0x0000000616800000, 0x0000000616800000, 0x0000000616c00000|  0%| F|  |TAMS 0x0000000616800000, 0x0000000616800000| Untracked 
|  36|0x0000000616c00000, 0x0000000616c00000, 0x0000000617000000|  0%| F|  |TAMS 0x0000000616c00000, 0x0000000616c00000| Untracked 
|  37|0x0000000617000000, 0x0000000617000000, 0x0000000617400000|  0%| F|  |TAMS 0x0000000617000000, 0x0000000617000000| Untracked 
|  38|0x0000000617400000, 0x0000000617400000, 0x0000000617800000|  0%| F|  |TAMS 0x0000000617400000, 0x0000000617400000| Untracked 
|  39|0x0000000617800000, 0x0000000617800000, 0x0000000617c00000|  0%| F|  |TAMS 0x0000000617800000, 0x0000000617800000| Untracked 
|  40|0x0000000617c00000, 0x0000000617c00000, 0x0000000618000000|  0%| F|  |TAMS 0x0000000617c00000, 0x0000000617c00000| Untracked 
|  41|0x0000000618000000, 0x0000000618000000, 0x0000000618400000|  0%| F|  |TAMS 0x0000000618000000, 0x0000000618000000| Untracked 
|  42|0x0000000618400000, 0x0000000618400000, 0x0000000618800000|  0%| F|  |TAMS 0x0000000618400000, 0x0000000618400000| Untracked 
|  43|0x0000000618800000, 0x0000000618800000, 0x0000000618c00000|  0%| F|  |TAMS 0x0000000618800000, 0x0000000618800000| Untracked 
|  44|0x0000000618c00000, 0x0000000618c00000, 0x0000000619000000|  0%| F|  |TAMS 0x0000000618c00000, 0x0000000618c00000| Untracked 
|  45|0x0000000619000000, 0x0000000619000000, 0x0000000619400000|  0%| F|  |TAMS 0x0000000619000000, 0x0000000619000000| Untracked 
|  46|0x0000000619400000, 0x0000000619400000, 0x0000000619800000|  0%| F|  |TAMS 0x0000000619400000, 0x0000000619400000| Untracked 
|  47|0x0000000619800000, 0x0000000619800000, 0x0000000619c00000|  0%| F|  |TAMS 0x0000000619800000, 0x0000000619800000| Untracked 
|  48|0x0000000619c00000, 0x0000000619c00000, 0x000000061a000000|  0%| F|  |TAMS 0x0000000619c00000, 0x0000000619c00000| Untracked 
|  49|0x000000061a000000, 0x000000061a000000, 0x000000061a400000|  0%| F|  |TAMS 0x000000061a000000, 0x000000061a000000| Untracked 
|  50|0x000000061a400000, 0x000000061a400000, 0x000000061a800000|  0%| F|  |TAMS 0x000000061a400000, 0x000000061a400000| Untracked 
|  51|0x000000061a800000, 0x000000061a800000, 0x000000061ac00000|  0%| F|  |TAMS 0x000000061a800000, 0x000000061a800000| Untracked 
|  52|0x000000061ac00000, 0x000000061ac00000, 0x000000061b000000|  0%| F|  |TAMS 0x000000061ac00000, 0x000000061ac00000| Untracked 
|  53|0x000000061b000000, 0x000000061b000000, 0x000000061b400000|  0%| F|  |TAMS 0x000000061b000000, 0x000000061b000000| Untracked 
|  54|0x000000061b400000, 0x000000061b400000, 0x000000061b800000|  0%| F|  |TAMS 0x000000061b400000, 0x000000061b400000| Untracked 
|  55|0x000000061b800000, 0x000000061b800000, 0x000000061bc00000|  0%| F|  |TAMS 0x000000061b800000, 0x000000061b800000| Untracked 
|  56|0x000000061bc00000, 0x000000061bc00000, 0x000000061c000000|  0%| F|  |TAMS 0x000000061bc00000, 0x000000061bc00000| Untracked 
|  57|0x000000061c000000, 0x000000061c000000, 0x000000061c400000|  0%| F|  |TAMS 0x000000061c000000, 0x000000061c000000| Untracked 
|  58|0x000000061c400000, 0x000000061c400000, 0x000000061c800000|  0%| F|  |TAMS 0x000000061c400000, 0x000000061c400000| Untracked 
|  59|0x000000061c800000, 0x000000061c800000, 0x000000061cc00000|  0%| F|  |TAMS 0x000000061c800000, 0x000000061c800000| Untracked 
|  60|0x000000061cc00000, 0x000000061cc00000, 0x000000061d000000|  0%| F|  |TAMS 0x000000061cc00000, 0x000000061cc00000| Untracked 
|  61|0x000000061d000000, 0x000000061d000000, 0x000000061d400000|  0%| F|  |TAMS 0x000000061d000000, 0x000000061d000000| Untracked 
|  62|0x000000061d400000, 0x000000061d400000, 0x000000061d800000|  0%| F|  |TAMS 0x000000061d400000, 0x000000061d400000| Untracked 
|  63|0x000000061d800000, 0x000000061d800000, 0x000000061dc00000|  0%| F|  |TAMS 0x000000061d800000, 0x000000061d800000| Untracked 
|  64|0x000000061dc00000, 0x000000061dc00000, 0x000000061e000000|  0%| F|  |TAMS 0x000000061dc00000, 0x000000061dc00000| Untracked 
|  65|0x000000061e000000, 0x000000061e000000, 0x000000061e400000|  0%| F|  |TAMS 0x000000061e000000, 0x000000061e000000| Untracked 
|  66|0x000000061e400000, 0x000000061e400000, 0x000000061e800000|  0%| F|  |TAMS 0x000000061e400000, 0x000000061e400000| Untracked 
|  67|0x000000061e800000, 0x000000061e800000, 0x000000061ec00000|  0%| F|  |TAMS 0x000000061e800000, 0x000000061e800000| Untracked 
|  68|0x000000061ec00000, 0x000000061ec00000, 0x000000061f000000|  0%| F|  |TAMS 0x000000061ec00000, 0x000000061ec00000| Untracked 
|  69|0x000000061f000000, 0x000000061f000000, 0x000000061f400000|  0%| F|  |TAMS 0x000000061f000000, 0x000000061f000000| Untracked 
|  70|0x000000061f400000, 0x000000061f400000, 0x000000061f800000|  0%| F|  |TAMS 0x000000061f400000, 0x000000061f400000| Untracked 
|  71|0x000000061f800000, 0x000000061f800000, 0x000000061fc00000|  0%| F|  |TAMS 0x000000061f800000, 0x000000061f800000| Untracked 
|  72|0x000000061fc00000, 0x000000061fc00000, 0x0000000620000000|  0%| F|  |TAMS 0x000000061fc00000, 0x000000061fc00000| Untracked 
|  73|0x0000000620000000, 0x0000000620000000, 0x0000000620400000|  0%| F|  |TAMS 0x0000000620000000, 0x0000000620000000| Untracked 
|  74|0x0000000620400000, 0x0000000620400000, 0x0000000620800000|  0%| F|  |TAMS 0x0000000620400000, 0x0000000620400000| Untracked 
|  75|0x0000000620800000, 0x0000000620800000, 0x0000000620c00000|  0%| F|  |TAMS 0x0000000620800000, 0x0000000620800000| Untracked 
|  76|0x0000000620c00000, 0x0000000620c00000, 0x0000000621000000|  0%| F|  |TAMS 0x0000000620c00000, 0x0000000620c00000| Untracked 
|  77|0x0000000621000000, 0x0000000621000000, 0x0000000621400000|  0%| F|  |TAMS 0x0000000621000000, 0x0000000621000000| Untracked 
|  78|0x0000000621400000, 0x0000000621400000, 0x0000000621800000|  0%| F|  |TAMS 0x0000000621400000, 0x0000000621400000| Untracked 
|  79|0x0000000621800000, 0x0000000621800000, 0x0000000621c00000|  0%| F|  |TAMS 0x0000000621800000, 0x0000000621800000| Untracked 
|  80|0x0000000621c00000, 0x0000000621c00000, 0x0000000622000000|  0%| F|  |TAMS 0x0000000621c00000, 0x0000000621c00000| Untracked 
|  81|0x0000000622000000, 0x0000000622000000, 0x0000000622400000|  0%| F|  |TAMS 0x0000000622000000, 0x0000000622000000| Untracked 
|  82|0x0000000622400000, 0x0000000622400000, 0x0000000622800000|  0%| F|  |TAMS 0x0000000622400000, 0x0000000622400000| Untracked 
|  83|0x0000000622800000, 0x0000000622800000, 0x0000000622c00000|  0%| F|  |TAMS 0x0000000622800000, 0x0000000622800000| Untracked 
|  84|0x0000000622c00000, 0x0000000622c00000, 0x0000000623000000|  0%| F|  |TAMS 0x0000000622c00000, 0x0000000622c00000| Untracked 
|  85|0x0000000623000000, 0x0000000623000000, 0x0000000623400000|  0%| F|  |TAMS 0x0000000623000000, 0x0000000623000000| Untracked 
|  86|0x0000000623400000, 0x0000000623400000, 0x0000000623800000|  0%| F|  |TAMS 0x0000000623400000, 0x0000000623400000| Untracked 
|  87|0x0000000623800000, 0x0000000623800000, 0x0000000623c00000|  0%| F|  |TAMS 0x0000000623800000, 0x0000000623800000| Untracked 
|  88|0x0000000623c00000, 0x0000000623c00000, 0x0000000624000000|  0%| F|  |TAMS 0x0000000623c00000, 0x0000000623c00000| Untracked 
|  89|0x0000000624000000, 0x0000000624000000, 0x0000000624400000|  0%| F|  |TAMS 0x0000000624000000, 0x0000000624000000| Untracked 
|  90|0x0000000624400000, 0x0000000624400000, 0x0000000624800000|  0%| F|  |TAMS 0x0000000624400000, 0x0000000624400000| Untracked 
|  91|0x0000000624800000, 0x0000000624800000, 0x0000000624c00000|  0%| F|  |TAMS 0x0000000624800000, 0x0000000624800000| Untracked 
|  92|0x0000000624c00000, 0x0000000624c00000, 0x0000000625000000|  0%| F|  |TAMS 0x0000000624c00000, 0x0000000624c00000| Untracked 
|  93|0x0000000625000000, 0x0000000625000000, 0x0000000625400000|  0%| F|  |TAMS 0x0000000625000000, 0x0000000625000000| Untracked 
|  94|0x0000000625400000, 0x0000000625400000, 0x0000000625800000|  0%| F|  |TAMS 0x0000000625400000, 0x0000000625400000| Untracked 
|  95|0x0000000625800000, 0x0000000625800000, 0x0000000625c00000|  0%| F|  |TAMS 0x0000000625800000, 0x0000000625800000| Untracked 
|  96|0x0000000625c00000, 0x0000000625c00000, 0x0000000626000000|  0%| F|  |TAMS 0x0000000625c00000, 0x0000000625c00000| Untracked 
|  97|0x0000000626000000, 0x0000000626000000, 0x0000000626400000|  0%| F|  |TAMS 0x0000000626000000, 0x0000000626000000| Untracked 
|  98|0x0000000626400000, 0x0000000626400000, 0x0000000626800000|  0%| F|  |TAMS 0x0000000626400000, 0x0000000626400000| Untracked 
|  99|0x0000000626800000, 0x0000000626800000, 0x0000000626c00000|  0%| F|  |TAMS 0x0000000626800000, 0x0000000626800000| Untracked 
| 100|0x0000000626c00000, 0x0000000626c00000, 0x0000000627000000|  0%| F|  |TAMS 0x0000000626c00000, 0x0000000626c00000| Untracked 
| 101|0x0000000627000000, 0x0000000627000000, 0x0000000627400000|  0%| F|  |TAMS 0x0000000627000000, 0x0000000627000000| Untracked 
| 102|0x0000000627400000, 0x0000000627400000, 0x0000000627800000|  0%| F|  |TAMS 0x0000000627400000, 0x0000000627400000| Untracked 
| 103|0x0000000627800000, 0x0000000627800000, 0x0000000627c00000|  0%| F|  |TAMS 0x0000000627800000, 0x0000000627800000| Untracked 
| 104|0x0000000627c00000, 0x0000000627c00000, 0x0000000628000000|  0%| F|  |TAMS 0x0000000627c00000, 0x0000000627c00000| Untracked 
| 105|0x0000000628000000, 0x0000000628000000, 0x0000000628400000|  0%| F|  |TAMS 0x0000000628000000, 0x0000000628000000| Untracked 
| 106|0x0000000628400000, 0x0000000628400000, 0x0000000628800000|  0%| F|  |TAMS 0x0000000628400000, 0x0000000628400000| Untracked 
| 107|0x0000000628800000, 0x0000000628800000, 0x0000000628c00000|  0%| F|  |TAMS 0x0000000628800000, 0x0000000628800000| Untracked 
| 108|0x0000000628c00000, 0x0000000628e683f8, 0x0000000629000000| 60%| E|  |TAMS 0x0000000628c00000, 0x0000000628c00000| Complete 
| 109|0x0000000629000000, 0x0000000629400000, 0x0000000629400000|100%| E|CS|TAMS 0x0000000629000000, 0x0000000629000000| Complete 
| 110|0x0000000629400000, 0x0000000629800000, 0x0000000629800000|100%| E|CS|TAMS 0x0000000629400000, 0x0000000629400000| Complete 
| 111|0x0000000629800000, 0x0000000629c00000, 0x0000000629c00000|100%| E|CS|TAMS 0x0000000629800000, 0x0000000629800000| Complete 
| 112|0x0000000629c00000, 0x000000062a000000, 0x000000062a000000|100%| E|CS|TAMS 0x0000000629c00000, 0x0000000629c00000| Complete 
| 113|0x000000062a000000, 0x000000062a400000, 0x000000062a400000|100%| S|CS|TAMS 0x000000062a000000, 0x000000062a000000| Complete 
| 114|0x000000062a400000, 0x000000062a800000, 0x000000062a800000|100%| S|CS|TAMS 0x000000062a400000, 0x000000062a400000| Complete 
| 115|0x000000062a800000, 0x000000062ac00000, 0x000000062ac00000|100%| E|CS|TAMS 0x000000062a800000, 0x000000062a800000| Complete 
| 116|0x000000062ac00000, 0x000000062b000000, 0x000000062b000000|100%| E|CS|TAMS 0x000000062ac00000, 0x000000062ac00000| Complete 
| 117|0x000000062b000000, 0x000000062b400000, 0x000000062b400000|100%| E|CS|TAMS 0x000000062b000000, 0x000000062b000000| Complete 
| 118|0x000000062b400000, 0x000000062b800000, 0x000000062b800000|100%| E|CS|TAMS 0x000000062b400000, 0x000000062b400000| Complete 
| 119|0x000000062b800000, 0x000000062bc00000, 0x000000062bc00000|100%| E|CS|TAMS 0x000000062b800000, 0x000000062b800000| Complete 
| 120|0x000000062bc00000, 0x000000062c000000, 0x000000062c000000|100%| E|CS|TAMS 0x000000062bc00000, 0x000000062bc00000| Complete 
| 121|0x000000062c000000, 0x000000062c400000, 0x000000062c400000|100%| E|CS|TAMS 0x000000062c000000, 0x000000062c000000| Complete 
| 122|0x000000062c400000, 0x000000062c800000, 0x000000062c800000|100%| E|CS|TAMS 0x000000062c400000, 0x000000062c400000| Complete 
| 123|0x000000062c800000, 0x000000062cc00000, 0x000000062cc00000|100%| E|CS|TAMS 0x000000062c800000, 0x000000062c800000| Complete 
| 124|0x000000062cc00000, 0x000000062d000000, 0x000000062d000000|100%| E|CS|TAMS 0x000000062cc00000, 0x000000062cc00000| Complete 

Card table byte_map: [0x000001a1cd210000,0x000001a1ce1b0000] _byte_map_base: 0x000001a1ca1a2000

Marking Bits (Prev, Next): (CMBitMap*) 0x000001a1b4ecc210, (CMBitMap*) 0x000001a1b4ecc250
 Prev Bits: [0x000001a1cf150000, 0x000001a1d6de0000)
 Next Bits: [0x000001a1d6de0000, 0x000001a1dea70000)

Polling page: 0x000001a1b2df0000

Metaspace:

Usage:
  Non-class:     17.63 MB used.
      Class:      3.00 MB used.
       Both:     20.63 MB used.

Virtual space:
  Non-class space:       64.00 MB reserved,      17.81 MB ( 28%) committed,  1 nodes.
      Class space:        1.00 GB reserved,       3.13 MB ( <1%) committed,  1 nodes.
             Both:        1.06 GB reserved,      20.94 MB (  2%) committed. 

Chunk freelists:
   Non-Class:  1.91 MB
       Class:  704.00 KB
        Both:  2.59 MB

MaxMetaspaceSize: unlimited
CompressedClassSpaceSize: 1.00 GB
Initial GC threshold: 21.00 MB
Current GC threshold: 21.00 MB
CDS: on
MetaspaceReclaimPolicy: balanced
 - commit_granule_bytes: 65536.
 - commit_granule_words: 8192.
 - virtual_space_node_default_size: 8388608.
 - enlarge_chunks_in_place: 1.
 - new_chunks_are_fully_committed: 0.
 - uncommit_free_chunks: 1.
 - use_allocation_guard: 0.


Internal statistics:

num_allocs_failed_limit: 0.
num_arena_births: 422.
num_arena_deaths: 0.
num_vsnodes_births: 2.
num_vsnodes_deaths: 0.
num_space_committed: 335.
num_space_uncommitted: 0.
num_chunks_returned_to_freelist: 0.
num_chunks_taken_from_freelist: 1106.
num_chunk_merges: 0.
num_chunk_splits: 776.
num_chunks_enlarged: 604.
num_inconsistent_stats: 0.

CodeHeap 'non-profiled nmethods': size=119168Kb used=2168Kb max_used=2168Kb free=117000Kb
 bounds [0x000001a1c4580000, 0x000001a1c47f0000, 0x000001a1cb9e0000]
CodeHeap 'profiled nmethods': size=119104Kb used=10952Kb max_used=10952Kb free=108151Kb
 bounds [0x000001a1bd130000, 0x000001a1bdbf0000, 0x000001a1c4580000]
CodeHeap 'non-nmethods': size=7488Kb used=2603Kb max_used=3216Kb free=4884Kb
 bounds [0x000001a1bc9e0000, 0x000001a1bcd10000, 0x000001a1bd130000]
 total_blobs=5847 nmethods=5024 adapters=733
 compilation: enabled
              stopped_count=0, restarted_count=0
 full_count=0

Compilation events (20 events):
Event: 9.119 Thread 0x000001a1e7588f40 5009       1       com.sun.prism.paint.Paint$Type::isImagePattern (5 bytes)
Event: 9.119 Thread 0x000001a1e7588f40 nmethod 5009 0x000001a1c479c810 code [0x000001a1c479c9a0, 0x000001a1c479ca78]
Event: 9.119 Thread 0x000001a1e7588f40 5017       3       com.sun.javafx.geom.transform.GeneralTransform3D::set (24 bytes)
Event: 9.120 Thread 0x000001a1e0c63560 nmethod 5014 0x000001a1bdbbf010 code [0x000001a1bdbbf240, 0x000001a1bdbbfc68]
Event: 9.120 Thread 0x000001a1e7588f40 nmethod 5017 0x000001a1bdbbff90 code [0x000001a1bdbc0140, 0x000001a1bdbc0338]
Event: 9.120 Thread 0x000001a1e0c63560 5018       3       com.sun.prism.d3d.D3DContext::adjustClipSpace (84 bytes)
Event: 9.120 Thread 0x000001a1e7588f40 5019       3       com.sun.javafx.sg.prism.NGRegion::getNormalizedFillRadii (43 bytes)
Event: 9.120 Thread 0x000001a1e0c63560 nmethod 5018 0x000001a1bdbc0490 code [0x000001a1bdbc0680, 0x000001a1bdbc0938]
Event: 9.120 Thread 0x000001a1e0c63560 5016       1       com.sun.javafx.font.PrismFont::getSize (5 bytes)
Event: 9.120 Thread 0x000001a1e7588f40 nmethod 5019 0x000001a1bdbc0b10 code [0x000001a1bdbc0ce0, 0x000001a1bdbc1218]
Event: 9.120 Thread 0x000001a1e0c63560 nmethod 5016 0x000001a1c479cf10 code [0x000001a1c479d0a0, 0x000001a1c479d178]
Event: 9.120 Thread 0x000001a1e0c63560 5021       3       com.sun.javafx.sg.prism.NGNode::needsBlending (22 bytes)
Event: 9.120 Thread 0x000001a1e0c63560 nmethod 5021 0x000001a1bdbc1390 code [0x000001a1bdbc1520, 0x000001a1bdbc16f8]
Event: 9.120 Thread 0x000001a1e0c5ecc0 5024       4       com.sun.prism.impl.VertexBuffer::addVertNoCheck (102 bytes)
Event: 9.120 Thread 0x000001a1e7588f40 5025       3       com.sun.javafx.PlatformUtil::isEmbedded (4 bytes)
Event: 9.120 Thread 0x000001a1e0c63560 5026       3       com.sun.prism.impl.VertexBuffer::setPerVertexColor (26 bytes)
Event: 9.120 Thread 0x000001a1e7588f40 nmethod 5025 0x000001a1bdbc1790 code [0x000001a1bdbc1920, 0x000001a1bdbc1a18]
Event: 9.120 Thread 0x000001a1e0c63560 nmethod 5026 0x000001a1bdbc1a90 code [0x000001a1bdbc1c40, 0x000001a1bdbc1d78]
Event: 9.121 Thread 0x000001a1e0c5ecc0 nmethod 5024 0x000001a1c479da90 code [0x000001a1c479dc20, 0x000001a1c479de38]
Event: 9.124 Thread 0x000001a1e0c62630 nmethod 4991 0x000001a1bdbc1e10 code [0x000001a1bdbc3b40, 0x000001a1bdbda3e8]

GC Heap History (4 events):
Event: 0.589 GC heap before
{Heap before GC invocations=0 (full 0):
 garbage-first heap   total 512000K, used 24576K [0x000000060dc00000, 0x0000000800000000)
  region size 4096K, 6 young (24576K), 0 survivors (0K)
 Metaspace       used 4634K, committed 4864K, reserved 1114112K
  class space    used 520K, committed 640K, reserved 1048576K
}
Event: 0.591 GC heap after
{Heap after GC invocations=1 (full 0):
 garbage-first heap   total 512000K, used 4071K [0x000000060dc00000, 0x0000000800000000)
  region size 4096K, 1 young (4096K), 1 survivors (4096K)
 Metaspace       used 4634K, committed 4864K, reserved 1114112K
  class space    used 520K, committed 640K, reserved 1048576K
}
Event: 1.167 GC heap before
{Heap before GC invocations=1 (full 0):
 garbage-first heap   total 512000K, used 40935K [0x000000060dc00000, 0x0000000800000000)
  region size 4096K, 10 young (40960K), 1 survivors (4096K)
 Metaspace       used 11312K, committed 11584K, reserved 1114112K
  class space    used 1463K, committed 1600K, reserved 1048576K
}
Event: 1.169 GC heap after
{Heap after GC invocations=2 (full 0):
 garbage-first heap   total 512000K, used 8424K [0x000000060dc00000, 0x0000000800000000)
  region size 4096K, 2 young (8192K), 2 survivors (8192K)
 Metaspace       used 11312K, committed 11584K, reserved 1114112K
  class space    used 1463K, committed 1600K, reserved 1048576K
}

Deoptimization events (20 events):
Event: 9.115 Thread 0x000001a1e6af1190 Uncommon trap: trap_request=0xffffff45 fr.pc=0x000001a1c4794de0 relative=0x0000000000000680
Event: 9.115 Thread 0x000001a1e6af1190 Uncommon trap: reason=unstable_if action=reinterpret pc=0x000001a1c4794de0 method=javafx.scene.Node.updateBounds()V @ 47 c2
Event: 9.115 Thread 0x000001a1e6af1190 DEOPT PACKING pc=0x000001a1c4794de0 sp=0x0000003d8fafcda0
Event: 9.115 Thread 0x000001a1e6af1190 DEOPT UNPACKING pc=0x000001a1bca35c23 sp=0x0000003d8fafcc68 mode 2
Event: 9.115 Thread 0x000001a1e6af1190 Uncommon trap: trap_request=0xffffff45 fr.pc=0x000001a1c4794d18 relative=0x00000000000005b8
Event: 9.115 Thread 0x000001a1e6af1190 Uncommon trap: reason=unstable_if action=reinterpret pc=0x000001a1c4794d18 method=javafx.scene.Node.updateBounds()V @ 47 c2
Event: 9.115 Thread 0x000001a1e6af1190 DEOPT PACKING pc=0x000001a1c4794d18 sp=0x0000003d8fafcde0
Event: 9.115 Thread 0x000001a1e6af1190 DEOPT UNPACKING pc=0x000001a1bca35c23 sp=0x0000003d8fafcd10 mode 2
Event: 9.115 Thread 0x000001a1e6af1190 Uncommon trap: trap_request=0xffffff45 fr.pc=0x000001a1c4794d18 relative=0x00000000000005b8
Event: 9.115 Thread 0x000001a1e6af1190 Uncommon trap: reason=unstable_if action=reinterpret pc=0x000001a1c4794d18 method=javafx.scene.Node.updateBounds()V @ 47 c2
Event: 9.115 Thread 0x000001a1e6af1190 DEOPT PACKING pc=0x000001a1c4794d18 sp=0x0000003d8fafce20
Event: 9.115 Thread 0x000001a1e6af1190 DEOPT UNPACKING pc=0x000001a1bca35c23 sp=0x0000003d8fafcd50 mode 2
Event: 9.115 Thread 0x000001a1e6af1190 Uncommon trap: trap_request=0xffffff45 fr.pc=0x000001a1c4794d5c relative=0x00000000000005fc
Event: 9.115 Thread 0x000001a1e6af1190 Uncommon trap: reason=unstable_if action=reinterpret pc=0x000001a1c4794d5c method=javafx.scene.Node.updateBounds()V @ 116 c2
Event: 9.115 Thread 0x000001a1e6af1190 DEOPT PACKING pc=0x000001a1c4794d5c sp=0x0000003d8fafce60
Event: 9.115 Thread 0x000001a1e6af1190 DEOPT UNPACKING pc=0x000001a1bca35c23 sp=0x0000003d8fafcd90 mode 2
Event: 9.115 Thread 0x000001a1e6af1190 Uncommon trap: trap_request=0xffffff45 fr.pc=0x000001a1c4794d5c relative=0x00000000000005fc
Event: 9.115 Thread 0x000001a1e6af1190 Uncommon trap: reason=unstable_if action=reinterpret pc=0x000001a1c4794d5c method=javafx.scene.Node.updateBounds()V @ 116 c2
Event: 9.115 Thread 0x000001a1e6af1190 DEOPT PACKING pc=0x000001a1c4794d5c sp=0x0000003d8fafcea0
Event: 9.115 Thread 0x000001a1e6af1190 DEOPT UNPACKING pc=0x000001a1bca35c23 sp=0x0000003d8fafcdd0 mode 2

Classes loaded (20 events):
Event: 1.919 Loading class sun/util/resources/OpenListResourceBundle
Event: 1.919 Loading class sun/util/resources/OpenListResourceBundle done
Event: 1.919 Loading class sun/util/resources/TimeZoneNamesBundle done
Event: 1.919 Loading class sun/util/resources/cldr/TimeZoneNames done
Event: 1.919 Loading class sun/util/resources/cldr/TimeZoneNames_en
Event: 1.919 Loading class sun/util/resources/cldr/TimeZoneNames_en done
Event: 1.919 Loading class sun/util/resources/cldr/TimeZoneNames_en_US
Event: 1.919 Loading class sun/util/resources/cldr/TimeZoneNames_en_US done
Event: 1.920 Loading class sun/util/cldr/CLDRBaseLocaleDataMetaInfo$TZCanonicalIDMapHolder
Event: 1.920 Loading class sun/util/cldr/CLDRBaseLocaleDataMetaInfo$TZCanonicalIDMapHolder done
Event: 1.921 Loading class sun/util/resources/TimeZoneNames
Event: 1.921 Loading class sun/util/resources/TimeZoneNames done
Event: 1.921 Loading class sun/util/resources/TimeZoneNames_en
Event: 1.921 Loading class sun/util/resources/TimeZoneNames_en done
Event: 6.979 Loading class java/util/EnumMap$Values
Event: 6.979 Loading class java/util/EnumMap$Values done
Event: 6.979 Loading class java/util/EnumMap$ValueIterator
Event: 6.979 Loading class java/util/EnumMap$EnumMapIterator
Event: 6.979 Loading class java/util/EnumMap$EnumMapIterator done
Event: 6.979 Loading class java/util/EnumMap$ValueIterator done

Classes unloaded (0 events):
No events

Classes redefined (0 events):
No events

Internal exceptions (20 events):
Event: 1.348 Thread 0x000001a1e6af1190 Exception <a 'java/lang/ClassNotFoundException'{0x000000062c2ead30}: com/sun/javafx/scene/control/skin/resources/controls_pl_PL> (0x000000062c2ead30) 
thrown [s\src\hotspot\share\prims\jni.cpp, line 535]
Event: 1.354 Thread 0x000001a1e6af1190 Exception <a 'java/lang/NoSuchMethodError'{0x000000062c36ac38}: 'java.lang.Object java.lang.invoke.DirectMethodHandle$Holder.invokeInterface(java.lang.Object, java.lang.Object, java.lang.Object)'> (0x000000062c36ac38) 
thrown [s\src\hotspot\share\interpreter\linkResolver.cpp, line 759]
Event: 1.354 Thread 0x000001a1e6af1190 Exception <a 'java/lang/IncompatibleClassChangeError'{0x000000062c36e5b8}: Found class java.lang.Object, but interface was expected> (0x000000062c36e5b8) 
thrown [s\src\hotspot\share\interpreter\linkResolver.cpp, line 826]
Event: 1.381 Thread 0x000001a1e6af1190 Implicit null exception at 0x000001a1c46ac271 to 0x000001a1c46ac2d4
Event: 1.387 Thread 0x000001a1e6af1190 Exception <a 'java/lang/NoSuchMethodError'{0x000000062bf085e0}: 'int java.lang.invoke.DirectMethodHandle$Holder.invokeVirtual(java.lang.Object, java.lang.Object)'> (0x000000062bf085e0) 
thrown [s\src\hotspot\share\interpreter\linkResolver.cpp, line 759]
Event: 1.416 Thread 0x000001a1e6af1190 Exception <a 'java/lang/NoSuchMethodError'{0x000000062b931dd0}: 'int java.lang.invoke.DirectMethodHandle$Holder.invokeSpecial(java.lang.Object, java.lang.Object, int)'> (0x000000062b931dd0) 
thrown [s\src\hotspot\share\interpreter\linkResolver.cpp, line 759]
Event: 1.424 Thread 0x000001a1e6af1190 Exception <a 'java/lang/NoSuchMethodError'{0x000000062b9a4450}: 'java.lang.Object java.lang.invoke.DirectMethodHandle$Holder.invokeSpecial(java.lang.Object, java.lang.Object, double, java.lang.Object)'> (0x000000062b9a4450) 
thrown [s\src\hotspot\share\interpreter\linkResolver.cpp, line 759]
Event: 1.425 Thread 0x000001a1e6af1190 Exception <a 'java/lang/NoSuchMethodError'{0x000000062b9ab9f0}: 'java.lang.Object java.lang.invoke.DirectMethodHandle$Holder.newInvokeSpecial(java.lang.Object, java.lang.Object, double)'> (0x000000062b9ab9f0) 
thrown [s\src\hotspot\share\interpreter\linkResolver.cpp, line 759]
Event: 1.425 Thread 0x000001a1e6af1190 Exception <a 'java/lang/NoSuchMethodError'{0x000000062b9afc00}: 'java.lang.Object java.lang.invoke.DirectMethodHandle$Holder.invokeSpecial(java.lang.Object, java.lang.Object, java.lang.Object, double)'> (0x000000062b9afc00) 
thrown [s\src\hotspot\share\interpreter\linkResolver.cpp, line 759]
Event: 1.488 Thread 0x000001a1e6af1190 Exception <a 'java/io/FileNotFoundException'{0x000000062b22c248}> (0x000000062b22c248) 
thrown [s\src\hotspot\share\prims\jni.cpp, line 516]
Event: 1.498 Thread 0x000001a1e6af1190 Exception <a 'java/lang/NoSuchMethodError'{0x000000062b2af790}: 'java.lang.Object java.lang.invoke.DirectMethodHandle$Holder.invokeStatic(java.lang.Object, int, java.lang.Object)'> (0x000000062b2af790) 
thrown [s\src\hotspot\share\interpreter\linkResolver.cpp, line 759]
Event: 1.500 Thread 0x000001a1e6af1190 Exception <a 'java/lang/ClassNotFoundException'{0x000000062b2c0710}: sun/util/logging/resources/spi/loggingProvider> (0x000000062b2c0710) 
thrown [s\src\hotspot\share\classfile\systemDictionary.cpp, line 255]
Event: 1.693 Thread 0x000001a1e6af1190 Exception <a 'java/lang/NoSuchMethodError'{0x0000000629bc4d30}: 'java.lang.Object java.lang.invoke.DirectMethodHandle$Holder.newInvokeSpecial(java.lang.Object, java.lang.Object, int, int)'> (0x0000000629bc4d30) 
thrown [s\src\hotspot\share\interpreter\linkResolver.cpp, line 759]
Event: 1.693 Thread 0x000001a1e6af1190 Exception <a 'java/lang/NoSuchMethodError'{0x0000000629bc8f28}: 'java.lang.Object java.lang.invoke.DirectMethodHandle$Holder.invokeSpecial(java.lang.Object, java.lang.Object, java.lang.Object, int, int)'> (0x0000000629bc8f28) 
thrown [s\src\hotspot\share\interpreter\linkResolver.cpp, line 759]
Event: 1.705 Thread 0x000001a1e6af1190 Exception <a 'java/lang/NoSuchMethodError'{0x0000000629be5008}: 'java.lang.Object java.lang.invoke.DirectMethodHandle$Holder.newInvokeSpecial(java.lang.Object, java.lang.Object, int)'> (0x0000000629be5008) 
thrown [s\src\hotspot\share\interpreter\linkResolver.cpp, line 759]
Event: 1.762 Thread 0x000001a1e67fea30 Exception <a 'java/lang/NoSuchMethodError'{0x00000006296dbf60}: 'int java.lang.invoke.DirectMethodHandle$Holder.invokeStaticInit(java.lang.Object, java.lang.Object)'> (0x00000006296dbf60) 
thrown [s\src\hotspot\share\interpreter\linkResolver.cpp, line 759]
Event: 1.775 Thread 0x000001a1e6af1190 Exception <a 'java/lang/NoSuchMethodError'{0x0000000629734238}: 'long java.lang.invoke.DirectMethodHandle$Holder.invokeStatic(java.lang.Object, java.lang.Object, java.lang.Object)'> (0x0000000629734238) 
thrown [s\src\hotspot\share\interpreter\linkResolver.cpp, line 759]
Event: 1.775 Thread 0x000001a1e6af1190 Exception <a 'java/lang/NoSuchMethodError'{0x00000006297379d8}: 'long java.lang.invoke.DirectMethodHandle$Holder.invokeStaticInit(java.lang.Object, java.lang.Object, java.lang.Object)'> (0x00000006297379d8) 
thrown [s\src\hotspot\share\interpreter\linkResolver.cpp, line 759]
Event: 1.776 Thread 0x000001a1e6af1190 Exception <a 'java/lang/NoSuchMethodError'{0x0000000629750118}: 'java.lang.Object java.lang.invoke.DirectMethodHandle$Holder.newInvokeSpecial(java.lang.Object, java.lang.Object, long)'> (0x0000000629750118) 
thrown [s\src\hotspot\share\interpreter\linkResolver.cpp, line 759]
Event: 1.776 Thread 0x000001a1e6af1190 Exception <a 'java/lang/NoSuchMethodError'{0x0000000629753c90}: 'java.lang.Object java.lang.invoke.Invokers$Holder.linkToTargetMethod(java.lang.Object, long, java.lang.Object)'> (0x0000000629753c90) 
thrown [s\src\hotspot\share\interpreter\linkResolver.cpp, line 759]

VM Operations (20 events):
Event: 1.589 Executing VM operation: HandshakeAllThreads
Event: 1.589 Executing VM operation: HandshakeAllThreads done
Event: 1.671 Executing VM operation: ICBufferFull
Event: 1.671 Executing VM operation: ICBufferFull done
Event: 1.726 Executing VM operation: HandshakeAllThreads
Event: 1.726 Executing VM operation: HandshakeAllThreads done
Event: 1.825 Executing VM operation: ICBufferFull
Event: 1.826 Executing VM operation: ICBufferFull done
Event: 3.825 Executing VM operation: Cleanup
Event: 3.825 Executing VM operation: Cleanup done
Event: 4.826 Executing VM operation: Cleanup
Event: 4.826 Executing VM operation: Cleanup done
Event: 5.826 Executing VM operation: Cleanup
Event: 5.826 Executing VM operation: Cleanup done
Event: 6.826 Executing VM operation: Cleanup
Event: 6.826 Executing VM operation: Cleanup done
Event: 7.829 Executing VM operation: Cleanup
Event: 7.829 Executing VM operation: Cleanup done
Event: 8.833 Executing VM operation: Cleanup
Event: 8.834 Executing VM operation: Cleanup done

Events (20 events):
Event: 0.579 Thread 0x000001a1e0c63f80 Thread added: 0x000001a1e0c63f80
Event: 0.583 Thread 0x000001a1e0c63a70 Thread added: 0x000001a1e0c63a70
Event: 0.583 Thread 0x000001a1e0c61c10 Thread added: 0x000001a1e0c61c10
Event: 0.583 Thread 0x000001a1e0c64490 Thread added: 0x000001a1e0c64490
Event: 0.585 Thread 0x000001a1e0c62120 Thread added: 0x000001a1e0c62120
Event: 0.598 Thread 0x000001a1e0c64eb0 Thread added: 0x000001a1e0c64eb0
Event: 0.598 Thread 0x000001a1e0c61700 Thread added: 0x000001a1e0c61700
Event: 0.900 Loaded shared library C:\Users\kamyk\Documents\GitHub\Projects\SheetManagerForDnD\lib\javaFX\bin\javafx_font.dll
Event: 1.066 Thread 0x000001a1e0c61700 Thread exited: 0x000001a1e0c61700
Event: 1.381 Thread 0x000001a1ee428ca0 Thread added: 0x000001a1ee428ca0
Event: 1.782 Thread 0x000001a1ee4287d0 Thread added: 0x000001a1ee4287d0
Event: 1.918 Thread 0x000001a1e0c64eb0 Thread exited: 0x000001a1e0c64eb0
Event: 2.142 Thread 0x000001a1e0c62120 Thread exited: 0x000001a1e0c62120
Event: 2.158 Thread 0x000001a1e0c64490 Thread exited: 0x000001a1e0c64490
Event: 2.158 Thread 0x000001a1e0c61c10 Thread exited: 0x000001a1e0c61c10
Event: 2.158 Thread 0x000001a1e0c63a70 Thread exited: 0x000001a1e0c63a70
Event: 2.270 Thread 0x000001a1e0c63f80 Thread exited: 0x000001a1e0c63f80
Event: 4.751 Thread 0x000001a1e0c63050 Thread exited: 0x000001a1e0c63050
Event: 6.742 Thread 0x000001a1e0c62b40 Thread exited: 0x000001a1e0c62b40
Event: 9.116 Thread 0x000001a1e7588f40 Thread added: 0x000001a1e7588f40


Dynamic libraries:
0x00007ff6e90d0000 - 0x00007ff6e90dd000 	C:\Users\kamyk\.jdks\corretto-18.0.2\bin\java.exe
0x00007ffc254c0000 - 0x00007ffc25728000 	C:\WINDOWS\SYSTEM32\ntdll.dll
0x00007ffc23be0000 - 0x00007ffc23ca9000 	C:\WINDOWS\System32\KERNEL32.DLL
0x00007ffc22e70000 - 0x00007ffc2325d000 	C:\WINDOWS\System32\KERNELBASE.dll
0x00007ffc226d0000 - 0x00007ffc2281b000 	C:\WINDOWS\System32\ucrtbase.dll
0x00007ffc1ee50000 - 0x00007ffc1ee67000 	C:\Users\kamyk\.jdks\corretto-18.0.2\bin\jli.dll
0x00007ffc1ee30000 - 0x00007ffc1ee45000 	C:\Users\kamyk\.jdks\corretto-18.0.2\bin\VCRUNTIME140.dll
0x00007ffc24bd0000 - 0x00007ffc24d9c000 	C:\WINDOWS\System32\USER32.dll
0x00007ffc0bb30000 - 0x00007ffc0bdca000 	C:\WINDOWS\WinSxS\amd64_microsoft.windows.common-controls_6595b64144ccf1df_6.0.26100.4484_none_3e0e6d4ce32ef3b3\COMCTL32.dll
0x00007ffc22820000 - 0x00007ffc22847000 	C:\WINDOWS\System32\win32u.dll
0x00007ffc24ba0000 - 0x00007ffc24bcb000 	C:\WINDOWS\System32\GDI32.dll
0x00007ffc252f0000 - 0x00007ffc25399000 	C:\WINDOWS\System32\msvcrt.dll
0x00007ffc22850000 - 0x00007ffc22987000 	C:\WINDOWS\System32\gdi32full.dll
0x00007ffc22dc0000 - 0x00007ffc22e63000 	C:\WINDOWS\System32\msvcp_win.dll
0x00007ffc248f0000 - 0x00007ffc2491f000 	C:\WINDOWS\System32\IMM32.DLL
0x00007ffc1ed90000 - 0x00007ffc1ee2b000 	C:\Users\kamyk\.jdks\corretto-18.0.2\bin\msvcp140.dll
0x00007ffb21270000 - 0x00007ffb21ee1000 	C:\Users\kamyk\.jdks\corretto-18.0.2\bin\server\jvm.dll
0x00007ffc25230000 - 0x00007ffc252e4000 	C:\WINDOWS\System32\ADVAPI32.dll
0x00007ffc23660000 - 0x00007ffc23706000 	C:\WINDOWS\System32\sechost.dll
0x00007ffc238b0000 - 0x00007ffc239c8000 	C:\WINDOWS\System32\RPCRT4.dll
0x00007ffc23290000 - 0x00007ffc23298000 	C:\WINDOWS\System32\PSAPI.DLL
0x00007ffc15ed0000 - 0x00007ffc15f05000 	C:\WINDOWS\SYSTEM32\WINMM.dll
0x00007ffc00c60000 - 0x00007ffc00c6a000 	C:\WINDOWS\SYSTEM32\WSOCK32.dll
0x00007ffc1b520000 - 0x00007ffc1b52b000 	C:\WINDOWS\SYSTEM32\VERSION.dll
0x00007ffc234e0000 - 0x00007ffc23554000 	C:\WINDOWS\System32\WS2_32.dll
0x00007ffc21380000 - 0x00007ffc2139b000 	C:\WINDOWS\SYSTEM32\kernel.appcore.dll
0x00007ffc02950000 - 0x00007ffc0295a000 	C:\Users\kamyk\.jdks\corretto-18.0.2\bin\jimage.dll
0x00007ffc1fde0000 - 0x00007ffc20021000 	C:\WINDOWS\SYSTEM32\DBGHELP.DLL
0x00007ffc24560000 - 0x00007ffc248e6000 	C:\WINDOWS\System32\combase.dll
0x00007ffc24400000 - 0x00007ffc244e0000 	C:\WINDOWS\System32\OLEAUT32.dll
0x00007ffbff1b0000 - 0x00007ffbff1f3000 	C:\WINDOWS\SYSTEM32\dbgcore.DLL
0x00007ffc22b10000 - 0x00007ffc22ba9000 	C:\WINDOWS\System32\bcryptPrimitives.dll
0x00007ffbfb7a0000 - 0x00007ffbfb7ae000 	C:\Users\kamyk\.jdks\corretto-18.0.2\bin\instrument.dll
0x00007ffc02900000 - 0x00007ffc02925000 	C:\Users\kamyk\.jdks\corretto-18.0.2\bin\java.dll
0x00007ffbfb7c0000 - 0x00007ffbfb896000 	C:\Users\kamyk\.jdks\corretto-18.0.2\bin\jsvml.dll
0x00007ffc23cb0000 - 0x00007ffc243fa000 	C:\WINDOWS\System32\SHELL32.dll
0x00007ffc22990000 - 0x00007ffc22b04000 	C:\WINDOWS\System32\wintypes.dll
0x00007ffc200c0000 - 0x00007ffc2091b000 	C:\WINDOWS\SYSTEM32\windows.storage.dll
0x00007ffc23560000 - 0x00007ffc23655000 	C:\WINDOWS\System32\SHCORE.dll
0x00007ffc244f0000 - 0x00007ffc2455a000 	C:\WINDOWS\System32\shlwapi.dll
0x00007ffc22520000 - 0x00007ffc2254f000 	C:\WINDOWS\SYSTEM32\profapi.dll
0x00007ffc028e0000 - 0x00007ffc028f3000 	C:\Users\kamyk\.jdks\corretto-18.0.2\bin\net.dll
0x00007ffc1c050000 - 0x00007ffc1c16e000 	C:\WINDOWS\SYSTEM32\WINHTTP.dll
0x00007ffc21940000 - 0x00007ffc219aa000 	C:\WINDOWS\system32\mswsock.dll
0x00007ffbfd580000 - 0x00007ffbfd595000 	C:\Users\kamyk\.jdks\corretto-18.0.2\bin\nio.dll
0x00007ffbfc6a0000 - 0x00007ffbfc6b8000 	C:\Users\kamyk\.jdks\corretto-18.0.2\bin\zip.dll
0x00007ffbfb780000 - 0x00007ffbfb79a000 	F:\Program Files\JetBrains\IntelliJ IDEA 2024.1.1\bin\breakgen64.dll
0x000001a1e1b80000 - 0x000001a1e1b83000 	C:\Users\kamyk\Documents\GitHub\Projects\SheetManagerForDnD\lib\javaFX\bin\api-ms-win-core-console-l1-1-0.dll
0x000001a1e1b90000 - 0x000001a1e1b93000 	C:\Users\kamyk\Documents\GitHub\Projects\SheetManagerForDnD\lib\javaFX\bin\api-ms-win-core-console-l1-2-0.dll
0x000001a1e1ba0000 - 0x000001a1e1ba3000 	C:\Users\kamyk\Documents\GitHub\Projects\SheetManagerForDnD\lib\javaFX\bin\api-ms-win-core-datetime-l1-1-0.dll
0x000001a1e1bb0000 - 0x000001a1e1bb3000 	C:\Users\kamyk\Documents\GitHub\Projects\SheetManagerForDnD\lib\javaFX\bin\api-ms-win-core-debug-l1-1-0.dll
0x000001a1e1bc0000 - 0x000001a1e1bc3000 	C:\Users\kamyk\Documents\GitHub\Projects\SheetManagerForDnD\lib\javaFX\bin\api-ms-win-core-errorhandling-l1-1-0.dll
0x000001a1e1bd0000 - 0x000001a1e1bd4000 	C:\Users\kamyk\Documents\GitHub\Projects\SheetManagerForDnD\lib\javaFX\bin\api-ms-win-core-file-l1-1-0.dll
0x000001a1e1be0000 - 0x000001a1e1be3000 	C:\Users\kamyk\Documents\GitHub\Projects\SheetManagerForDnD\lib\javaFX\bin\api-ms-win-core-file-l1-2-0.dll
0x000001a1e1bf0000 - 0x000001a1e1bf3000 	C:\Users\kamyk\Documents\GitHub\Projects\SheetManagerForDnD\lib\javaFX\bin\api-ms-win-core-file-l2-1-0.dll
0x000001a1e77d0000 - 0x000001a1e77d3000 	C:\Users\kamyk\Documents\GitHub\Projects\SheetManagerForDnD\lib\javaFX\bin\api-ms-win-core-handle-l1-1-0.dll
0x000001a1e77e0000 - 0x000001a1e77e3000 	C:\Users\kamyk\Documents\GitHub\Projects\SheetManagerForDnD\lib\javaFX\bin\api-ms-win-core-heap-l1-1-0.dll
0x000001a1e77f0000 - 0x000001a1e77f3000 	C:\Users\kamyk\Documents\GitHub\Projects\SheetManagerForDnD\lib\javaFX\bin\api-ms-win-core-interlocked-l1-1-0.dll
0x000001a1e7800000 - 0x000001a1e7803000 	C:\Users\kamyk\Documents\GitHub\Projects\SheetManagerForDnD\lib\javaFX\bin\api-ms-win-core-libraryloader-l1-1-0.dll
0x000001a1e7810000 - 0x000001a1e7813000 	C:\Users\kamyk\Documents\GitHub\Projects\SheetManagerForDnD\lib\javaFX\bin\api-ms-win-core-localization-l1-2-0.dll
0x000001a1e7820000 - 0x000001a1e7823000 	C:\Users\kamyk\Documents\GitHub\Projects\SheetManagerForDnD\lib\javaFX\bin\api-ms-win-core-memory-l1-1-0.dll
0x000001a1e7830000 - 0x000001a1e7833000 	C:\Users\kamyk\Documents\GitHub\Projects\SheetManagerForDnD\lib\javaFX\bin\api-ms-win-core-namedpipe-l1-1-0.dll
0x000001a1e7840000 - 0x000001a1e7843000 	C:\Users\kamyk\Documents\GitHub\Projects\SheetManagerForDnD\lib\javaFX\bin\api-ms-win-core-processenvironment-l1-1-0.dll
0x000001a1e7850000 - 0x000001a1e7853000 	C:\Users\kamyk\Documents\GitHub\Projects\SheetManagerForDnD\lib\javaFX\bin\api-ms-win-core-processthreads-l1-1-0.dll
0x000001a1e7860000 - 0x000001a1e7863000 	C:\Users\kamyk\Documents\GitHub\Projects\SheetManagerForDnD\lib\javaFX\bin\api-ms-win-core-processthreads-l1-1-1.dll
0x000001a1e7870000 - 0x000001a1e7873000 	C:\Users\kamyk\Documents\GitHub\Projects\SheetManagerForDnD\lib\javaFX\bin\api-ms-win-core-profile-l1-1-0.dll
0x000001a1e7880000 - 0x000001a1e7883000 	C:\Users\kamyk\Documents\GitHub\Projects\SheetManagerForDnD\lib\javaFX\bin\api-ms-win-core-rtlsupport-l1-1-0.dll
0x000001a1e7890000 - 0x000001a1e7893000 	C:\Users\kamyk\Documents\GitHub\Projects\SheetManagerForDnD\lib\javaFX\bin\api-ms-win-core-string-l1-1-0.dll
0x000001a1e78a0000 - 0x000001a1e78a3000 	C:\Users\kamyk\Documents\GitHub\Projects\SheetManagerForDnD\lib\javaFX\bin\api-ms-win-core-synch-l1-1-0.dll
0x000001a1e78b0000 - 0x000001a1e78b3000 	C:\Users\kamyk\Documents\GitHub\Projects\SheetManagerForDnD\lib\javaFX\bin\api-ms-win-core-synch-l1-2-0.dll
0x000001a1e78c0000 - 0x000001a1e78c3000 	C:\Users\kamyk\Documents\GitHub\Projects\SheetManagerForDnD\lib\javaFX\bin\api-ms-win-core-sysinfo-l1-1-0.dll
0x000001a1e78d0000 - 0x000001a1e78d3000 	C:\Users\kamyk\Documents\GitHub\Projects\SheetManagerForDnD\lib\javaFX\bin\api-ms-win-core-timezone-l1-1-0.dll
0x000001a1e78e0000 - 0x000001a1e78e3000 	C:\Users\kamyk\Documents\GitHub\Projects\SheetManagerForDnD\lib\javaFX\bin\api-ms-win-core-util-l1-1-0.dll
0x000001a1e78f0000 - 0x000001a1e78f3000 	C:\Users\kamyk\Documents\GitHub\Projects\SheetManagerForDnD\lib\javaFX\bin\api-ms-win-crt-conio-l1-1-0.dll
0x000001a1e7900000 - 0x000001a1e7904000 	C:\Users\kamyk\Documents\GitHub\Projects\SheetManagerForDnD\lib\javaFX\bin\api-ms-win-crt-convert-l1-1-0.dll
0x000001a1e7910000 - 0x000001a1e7913000 	C:\Users\kamyk\Documents\GitHub\Projects\SheetManagerForDnD\lib\javaFX\bin\api-ms-win-crt-environment-l1-1-0.dll
0x000001a1e7920000 - 0x000001a1e7923000 	C:\Users\kamyk\Documents\GitHub\Projects\SheetManagerForDnD\lib\javaFX\bin\api-ms-win-crt-filesystem-l1-1-0.dll
0x000001a1e7930000 - 0x000001a1e7933000 	C:\Users\kamyk\Documents\GitHub\Projects\SheetManagerForDnD\lib\javaFX\bin\api-ms-win-crt-heap-l1-1-0.dll
0x000001a1e7940000 - 0x000001a1e7943000 	C:\Users\kamyk\Documents\GitHub\Projects\SheetManagerForDnD\lib\javaFX\bin\api-ms-win-crt-locale-l1-1-0.dll
0x000001a1e7950000 - 0x000001a1e7955000 	C:\Users\kamyk\Documents\GitHub\Projects\SheetManagerForDnD\lib\javaFX\bin\api-ms-win-crt-math-l1-1-0.dll
0x000001a1e7960000 - 0x000001a1e7965000 	C:\Users\kamyk\Documents\GitHub\Projects\SheetManagerForDnD\lib\javaFX\bin\api-ms-win-crt-multibyte-l1-1-0.dll
0x000001a1e7970000 - 0x000001a1e7980000 	C:\Users\kamyk\Documents\GitHub\Projects\SheetManagerForDnD\lib\javaFX\bin\api-ms-win-crt-private-l1-1-0.dll
0x000001a1e7980000 - 0x000001a1e7983000 	C:\Users\kamyk\Documents\GitHub\Projects\SheetManagerForDnD\lib\javaFX\bin\api-ms-win-crt-process-l1-1-0.dll
0x000001a1e7990000 - 0x000001a1e7994000 	C:\Users\kamyk\Documents\GitHub\Projects\SheetManagerForDnD\lib\javaFX\bin\api-ms-win-crt-runtime-l1-1-0.dll
0x000001a1e79a0000 - 0x000001a1e79a4000 	C:\Users\kamyk\Documents\GitHub\Projects\SheetManagerForDnD\lib\javaFX\bin\api-ms-win-crt-stdio-l1-1-0.dll
0x000001a1e79b0000 - 0x000001a1e79b4000 	C:\Users\kamyk\Documents\GitHub\Projects\SheetManagerForDnD\lib\javaFX\bin\api-ms-win-crt-string-l1-1-0.dll
0x000001a1e79c0000 - 0x000001a1e79c3000 	C:\Users\kamyk\Documents\GitHub\Projects\SheetManagerForDnD\lib\javaFX\bin\api-ms-win-crt-time-l1-1-0.dll
0x000001a1e79d0000 - 0x000001a1e79d3000 	C:\Users\kamyk\Documents\GitHub\Projects\SheetManagerForDnD\lib\javaFX\bin\api-ms-win-crt-utility-l1-1-0.dll
0x00007ffb9abf0000 - 0x00007ffb9acec000 	C:\Users\kamyk\Documents\GitHub\Projects\SheetManagerForDnD\lib\javaFX\bin\ucrtbase.dll
0x00007ffbfb760000 - 0x00007ffbfb77b000 	C:\Users\kamyk\Documents\GitHub\Projects\SheetManagerForDnD\lib\javaFX\bin\vcruntime140.dll
0x00007ffbfb750000 - 0x00007ffbfb75c000 	C:\Users\kamyk\Documents\GitHub\Projects\SheetManagerForDnD\lib\javaFX\bin\vcruntime140_1.dll
0x00007ffbf5440000 - 0x00007ffbf54ce000 	C:\Users\kamyk\Documents\GitHub\Projects\SheetManagerForDnD\lib\javaFX\bin\msvcp140.dll
0x00007ffbfb740000 - 0x00007ffbfb749000 	C:\Users\kamyk\Documents\GitHub\Projects\SheetManagerForDnD\lib\javaFX\bin\msvcp140_1.dll
0x00007ffbfb6f0000 - 0x00007ffbfb731000 	C:\Users\kamyk\Documents\GitHub\Projects\SheetManagerForDnD\lib\javaFX\bin\msvcp140_2.dll
0x00007ffbfaea0000 - 0x00007ffbfaed0000 	C:\Users\kamyk\Documents\GitHub\Projects\SheetManagerForDnD\lib\javaFX\bin\prism_d3d.dll
0x00007ffbf2600000 - 0x00007ffbf27ba000 	C:\WINDOWS\system32\d3d9.dll
0x00007ffc1f660000 - 0x00007ffc1f696000 	C:\WINDOWS\SYSTEM32\dwmapi.dll
0x00007ffc1f610000 - 0x00007ffc1f65d000 	C:\WINDOWS\SYSTEM32\dxcore.dll
0x00007ffc1f300000 - 0x00007ffc1f3af000 	C:\WINDOWS\system32\uxtheme.dll
0x00007ffc1b390000 - 0x00007ffc1b452000 	C:\WINDOWS\System32\DriverStore\FileRepository\nv_dispi.inf_amd64_3f8b32ec1762de58\nvldumdx.dll
0x00007ffc21c60000 - 0x00007ffc21c73000 	C:\WINDOWS\SYSTEM32\msasn1.dll
0x00007ffc1b4e0000 - 0x00007ffc1b51b000 	C:\WINDOWS\SYSTEM32\cryptnet.dll
0x00007ffc22bb0000 - 0x00007ffc22d27000 	C:\WINDOWS\System32\CRYPT32.dll
0x00007ffc21bf0000 - 0x00007ffc21bfc000 	C:\WINDOWS\SYSTEM32\cryptbase.dll
0x00007ffc21cd0000 - 0x00007ffc21d3b000 	C:\WINDOWS\SYSTEM32\wldp.dll
0x00007ffc1a870000 - 0x00007ffc1a9ec000 	C:\WINDOWS\SYSTEM32\drvstore.dll
0x00007ffc22260000 - 0x00007ffc2228d000 	C:\WINDOWS\SYSTEM32\devobj.dll
0x00007ffc221e0000 - 0x00007ffc22237000 	C:\WINDOWS\SYSTEM32\CFGMGR32.dll
0x00007ffc22d30000 - 0x00007ffc22db4000 	C:\WINDOWS\System32\wintrust.dll
0x00007ffc239d0000 - 0x00007ffc239f0000 	C:\WINDOWS\System32\imagehlp.dll
0x00007ffc21c00000 - 0x00007ffc21c1b000 	C:\WINDOWS\SYSTEM32\CRYPTSP.dll
0x00007ffc212e0000 - 0x00007ffc2131b000 	C:\WINDOWS\system32\rsaenh.dll
0x00007ffc224f0000 - 0x00007ffc22516000 	C:\WINDOWS\SYSTEM32\bcrypt.dll
0x00007ffc16b00000 - 0x00007ffc1a5b3000 	C:\WINDOWS\System32\DriverStore\FileRepository\nv_dispi.inf_amd64_3f8b32ec1762de58\nvgpucomp64.dll
0x00007ffc23330000 - 0x00007ffc234ce000 	C:\WINDOWS\System32\ole32.dll
0x00007ffc15f10000 - 0x00007ffc15fed000 	C:\WINDOWS\System32\DriverStore\FileRepository\nv_dispi.inf_amd64_3f8b32ec1762de58\NvMemMapStoragex.dll
0x00007ffc222c0000 - 0x00007ffc2231e000 	C:\WINDOWS\SYSTEM32\POWRPROF.dll
0x00007ffc22240000 - 0x00007ffc22254000 	C:\WINDOWS\SYSTEM32\UMPDC.dll
0x00007ffba8ca0000 - 0x00007ffbaaf2d000 	C:\WINDOWS\System32\DriverStore\FileRepository\nv_dispi.inf_amd64_3f8b32ec1762de58\nvd3dumx.dll
0x00007ffc1c420000 - 0x00007ffc1c484000 	C:\WINDOWS\SYSTEM32\directxdatabasehelper.dll
0x00007ffbfacc0000 - 0x00007ffbfad05000 	C:\Users\kamyk\Documents\GitHub\Projects\SheetManagerForDnD\lib\javaFX\bin\glass.dll
0x00007ffc24aa0000 - 0x00007ffc24b98000 	C:\WINDOWS\System32\COMDLG32.dll
0x0000000180000000 - 0x0000000188144000 	C:\Program Files (x86)\ASUS\GPUTweakIII\GTIII-OSD\x64\GTIII-OSD64-VK.dll
0x00007ffbfb560000 - 0x00007ffbfb6e5000 	C:\WINDOWS\SYSTEM32\vulkan-1.dll
0x00007ffc24930000 - 0x00007ffc24a90000 	C:\WINDOWS\System32\MSCTF.dll
0x00007ffbecfa0000 - 0x00007ffbed2b4000 	C:\WINDOWS\system32\nvspcap64.dll
0x00007ffc214c0000 - 0x00007ffc214f6000 	C:\WINDOWS\SYSTEM32\ntmarta.dll
0x00007ffc219b0000 - 0x00007ffc219d7000 	C:\WINDOWS\SYSTEM32\gpapi.dll

dbghelp: loaded successfully - version: 4.0.5 - missing functions: none
symbol engine: initialized successfully - sym options: 0x614 - pdb path: .;C:\Users\kamyk\.jdks\corretto-18.0.2\bin;C:\WINDOWS\SYSTEM32;C:\WINDOWS\WinSxS\amd64_microsoft.windows.common-controls_6595b64144ccf1df_6.0.26100.4484_none_3e0e6d4ce32ef3b3;C:\Users\kamyk\.jdks\corretto-18.0.2\bin\server;F:\Program Files\JetBrains\IntelliJ IDEA 2024.1.1\bin;C:\Users\kamyk\Documents\GitHub\Projects\SheetManagerForDnD\lib\javaFX\bin;C:\WINDOWS\System32\DriverStore\FileRepository\nv_dispi.inf_amd64_3f8b32ec1762de58;C:\Program Files (x86)\ASUS\GPUTweakIII\GTIII-OSD\x64;C:\Program Files\Common Files\Microsoft Shared\Ink

VM Arguments:
jvm_args: --module-path=lib\javaFX\lib --add-modules=javafx.controls,javafx.web,javafx.fxml -javaagent:F:\Program Files\JetBrains\IntelliJ IDEA 2024.1.1\lib\idea_rt.jar=50508:F:\Program Files\JetBrains\IntelliJ IDEA 2024.1.1\bin -Dfile.encoding=UTF-8 -Dsun.stdout.encoding=UTF-8 -Dsun.stderr.encoding=UTF-8 
java_command: sample.Main
java_class_path (initial): C:\Users\kamyk\Documents\GitHub\Projects\SheetManagerForDnD\out\production\SheetManager;C:\Users\kamyk\Documents\GitHub\Projects\SheetManagerForDnD\lib\javaFX\lib\javafx-swt.jar;C:\Users\kamyk\Documents\GitHub\Projects\SheetManagerForDnD\lib\javaFX\lib\javafx.web.jar;C:\Users\kamyk\Documents\GitHub\Projects\SheetManagerForDnD\lib\javaFX\lib\javafx.base.jar;C:\Users\kamyk\Documents\GitHub\Projects\SheetManagerForDnD\lib\javaFX\lib\javafx.fxml.jar;C:\Users\kamyk\Documents\GitHub\Projects\SheetManagerForDnD\lib\javaFX\lib\javafx.media.jar;C:\Users\kamyk\Documents\GitHub\Projects\SheetManagerForDnD\lib\javaFX\lib\javafx.swing.jar;C:\Users\kamyk\Documents\GitHub\Projects\SheetManagerForDnD\lib\javaFX\lib\javafx.controls.jar;C:\Users\kamyk\Documents\GitHub\Projects\SheetManagerForDnD\lib\javaFX\lib\javafx.graphics.jar
Launcher Type: SUN_STANDARD

[Global flags]
     intx CICompilerCount                          = 12                                        {product} {ergonomic}
     uint ConcGCThreads                            = 3                                         {product} {ergonomic}
     uint G1ConcRefinementThreads                  = 13                                        {product} {ergonomic}
   size_t G1HeapRegionSize                         = 4194304                                   {product} {ergonomic}
    uintx GCDrainStackTargetSize                   = 64                                        {product} {ergonomic}
   size_t InitialHeapSize                          = 524288000                                 {product} {ergonomic}
   size_t MarkStackSize                            = 4194304                                   {product} {ergonomic}
   size_t MaxHeapSize                              = 8359247872                                {product} {ergonomic}
   size_t MaxNewSize                               = 5012193280                                {product} {ergonomic}
   size_t MinHeapDeltaBytes                        = 4194304                                   {product} {ergonomic}
   size_t MinHeapSize                              = 8388608                                   {product} {ergonomic}
    uintx NonNMethodCodeHeapSize                   = 7602480                                {pd product} {ergonomic}
    uintx NonProfiledCodeHeapSize                  = 122027880                              {pd product} {ergonomic}
    uintx ProfiledCodeHeapSize                     = 122027880                              {pd product} {ergonomic}
    uintx ReservedCodeCacheSize                    = 251658240                              {pd product} {ergonomic}
     bool SegmentedCodeCache                       = true                                      {product} {ergonomic}
   size_t SoftMaxHeapSize                          = 8359247872                             {manageable} {ergonomic}
     bool UseCompressedClassPointers               = true                           {product lp64_product} {ergonomic}
     bool UseCompressedOops                        = true                           {product lp64_product} {ergonomic}
     bool UseG1GC                                  = true                                      {product} {ergonomic}
     bool UseLargePagesIndividualAllocation        = false                                  {pd product} {ergonomic}

Logging:
Log output configuration:
 #0: stdout all=warning uptime,level,tags foldmultilines=false
 #1: stderr all=off uptime,level,tags foldmultilines=false

Environment Variables:
PATH=C:\Program Files\Microsoft SDKs\Azure\CLI2\wbin;C:\WINDOWS\system32;C:\WINDOWS;C:\WINDOWS\System32\Wbem;C:\WINDOWS\System32\WindowsPowerShell\v1.0\;C:\WINDOWS\System32\OpenSSH\;C:\Program Files\dotnet\;C:\Program Files\NVIDIA Corporation\NVIDIA App\NvDLISR;C:\Program Files (x86)\NVIDIA Corporation\PhysX\Common;C:\Program Files\Git\cmd;C:\Users\kamyk\AppData\Local\Programs\Python\Launcher\;C:\Users\kamyk\AppData\Local\Microsoft\WindowsApps;C:\Users\kamyk\AppData\Local\GitHubDesktop\bin;F:\Program Files\GitHubDesktop\bin;C:\Users\kamyk\AppData\Local\Pandoc\
USERNAME=kamyk
OS=Windows_NT
PROCESSOR_IDENTIFIER=AMD64 Family 25 Model 97 Stepping 2, AuthenticAMD



---------------  S Y S T E M  ---------------

OS:
 Windows 11 , 64 bit Build 26100 (10.0.26100.4484)
OS uptime: 0 days 0:20 hours
Hyper-V role detected

CPU: total 16 (initial active 16) (16 cores per cpu, 2 threads per core) family 25 model 97 stepping 2 microcode 0xa601209, cx8, cmov, fxsr, ht, mmx, 3dnowpref, sse, sse2, sse3, ssse3, sse4a, sse4.1, sse4.2, popcnt, lzcnt, tsc, tscinvbit, avx, avx2, aes, erms, clmul, bmi1, bmi2, adx, avx512f, avx512dq, avx512cd, avx512bw, avx512vl, sha, fma, vzeroupper, avx512_vpopcntdq, avx512_vpclmulqdq, avx512_vaes, avx512_vnni, clflush, clflushopt, avx512_vbmi2, avx512_vbmi, hv

Memory: 4k page, system-wide physical 31882M (15141M free)
TotalPageFile size 81034M (AvailPageFile size 56731M)
current process WorkingSet (physical memory assigned to process): 225M, peak: 259M
current process commit charge ("private bytes"): 1157M, peak: 1172M

vm_info: OpenJDK 64-Bit Server VM (18.0.2+9-FR) for windows-amd64 JRE (18.0.2+9-FR), built on Jul 15 2022 20:03:03 by "Administrator" with MS VC++ 15.9 (VS2017)

END.
