#
# A fatal error has been detected by the Java Runtime Environment:
#
#  EXCEPTION_ACCESS_VIOLATION (0xc0000005) at pc=0x0000023269453fc1, pid=34424, tid=39200
#
# JRE version: OpenJDK Runtime Environment Corretto-18.0.2.9.1 (18.0.2+9) (build 18.0.2+9-FR)
# Java VM: OpenJDK 64-Bit Server VM Corretto-18.0.2.9.1 (18.0.2+9-FR, mixed mode, sharing, tiered, compressed oops, compressed class ptrs, g1 gc, windows-amd64)
# Problematic frame:
# C  [GTIII-OSD64.dll+0x3fc1]
#
# No core dump will be written. Minidumps are not enabled by default on client versions of Windows
#
# If you would like to submit a bug report, please visit:
#   https://github.com/corretto/corretto-18/issues/
#

---------------  S U M M A R Y ------------

Command Line: -javaagent:F:\Program Files\JetBrains\IntelliJ IDEA 2024.1.1\lib\idea_rt.jar=50913:F:\Program Files\JetBrains\IntelliJ IDEA 2024.1.1\bin -Dfile.encoding=UTF-8 -Dsun.stdout.encoding=UTF-8 -Dsun.stderr.encoding=UTF-8 Game.Game

Host: AMD Ryzen 7 7800X3D 8-Core Processor           , 16 cores, 31G,  Windows 11 , 64 bit Build 26100 (10.0.26100.4484)
Time: Tue Jul 29 20:53:43 2025  Windows 11 , 64 bit Build 26100 (10.0.26100.4484) elapsed time: 10.608793 seconds (0d 0h 0m 10s)

---------------  T H R E A D  ---------------

Current thread (0x0000023259441f70):  VMThread "VM Thread" [stack: 0x000000ceba400000,0x000000ceba500000] [id=39200]

Stack: [0x000000ceba400000,0x000000ceba500000],  sp=0x000000ceba4fecd0,  free space=1019k
Native frames: (J=compiled Java code, j=interpreted, Vv=VM code, C=native code)
C  [GTIII-OSD64.dll+0x3fc1]


siginfo: EXCEPTION_ACCESS_VIOLATION (0xc0000005), reading address 0x00007ffbf2664070


Register to memory mapping:

RIP=0x0000023269453fc1 GTIII-OSD64.dll
RAX=0x0 is NULL
RBX=0x00000232717b09e0 points into unknown readable memory: 0x0000000000000001 | 01 00 00 00 00 00 00 00
RCX=0x0000000000000006 is an unknown value
RDX=0x0 is NULL
RSP=0x000000ceba4fecd0 points into unknown readable memory: 0x0000023269450000 | 00 00 45 69 32 02 00 00
RBP=0x0000000000000006 is an unknown value
RSI=0x0 is NULL
RDI=0x00007ffbf2664070 is an unknown value
R8 =0x000000ceba4fed40 points into unknown readable memory: 0x0000000000000000 | 00 00 00 00 00 00 00 00
R9 =0x0 is NULL
R10=0x0 is NULL
R11=0x000000ceba4fecd0 points into unknown readable memory: 0x0000023269450000 | 00 00 45 69 32 02 00 00
R12=0x0000000000000001 is an unknown value
R13=0x000002326952f684 GTIII-OSD64.dll
R14=0x0000000000000005 is an unknown value
R15=0x000000ceba4fed40 points into unknown readable memory: 0x0000000000000000 | 00 00 00 00 00 00 00 00


Registers:
RAX=0x0000000000000000, RBX=0x00000232717b09e0, RCX=0x0000000000000006, RDX=0x0000000000000000
RSP=0x000000ceba4fecd0, RBP=0x0000000000000006, RSI=0x0000000000000000, RDI=0x00007ffbf2664070
R8 =0x000000ceba4fed40, R9 =0x0000000000000000, R10=0x0000000000000000, R11=0x000000ceba4fecd0
R12=0x0000000000000001, R13=0x000002326952f684, R14=0x0000000000000005, R15=0x000000ceba4fed40
RIP=0x0000023269453fc1, EFLAGS=0x0000000000010246

Top of Stack: (sp=0x000000ceba4fecd0)
0x000000ceba4fecd0:   0000023269450000 0000023269450000
0x000000ceba4fece0:   0000000000000002 0000023269453e0f
0x000000ceba4fecf0:   0000000000000000 0000000000000000
0x000000ceba4fed00:   0000023269450000 0000023269450000
0x000000ceba4fed10:   0000000000000002 000002326945495c
0x000000ceba4fed20:   0000000000000001 0000000000000006
0x000000ceba4fed30:   000000ceba4ff130 0000000000000000
0x000000ceba4fed40:   0000000000000000 0000000000000000
0x000000ceba4fed50:   0000000000000001 0000023269485aab
0x000000ceba4fed60:   0000000000000001 0000023269450000
0x000000ceba4fed70:   000000ceba4fece8 0000000000000000
0x000000ceba4fed80:   0000000000000001 0000023269488a30
0x000000ceba4fed90:   000002326952f684 0000000000009920
0x000000ceba4feda0:   00000232714f13d4 0000000000008678
0x000000ceba4fedb0:   0000000000008678 000002326948173a
0x000000ceba4fedc0:   000002322d330000 0000000000000000 

Instructions: (pc=0x0000023269453fc1)
0x0000023269453ec1:   08 08 c7 44 24 30 22 00 00 00 48 8b 43 08 48 89
0x0000023269453ed1:   44 24 20 48 8b 43 18 48 83 c0 1e 48 89 44 24 28
0x0000023269453ee1:   e8 ee 0a 00 00 85 c0 75 07 b8 08 00 00 00 eb 60
0x0000023269453ef1:   8b 54 24 34 48 8b 4b 08 85 d2 74 16 8b 41 fb 89
0x0000023269453f01:   43 20 0f b7 41 ff 66 89 43 24 8a 41 01 88 43 26
0x0000023269453f11:   eb 0b 8b 01 89 43 20 8a 41 04 88 43 24 8a 43 28
0x0000023269453f21:   80 e2 01 8b 4b 2c 24 fe 0a c2 83 e1 f0 88 43 28
0x0000023269453f31:   8b 44 24 38 83 e0 0f 0b c8 48 8b 44 24 3c 48 89
0x0000023269453f41:   43 30 48 8b 44 24 44 48 89 43 38 33 c0 89 4b 2c
0x0000023269453f51:   48 8b 4c 24 50 48 33 cc e8 32 a8 0d 00 48 83 c4
0x0000023269453f61:   60 5b c3 48 89 5c 24 10 48 89 6c 24 18 48 89 74
0x0000023269453f71:   24 20 57 41 56 41 57 48 83 ec 30 8b d9 4d 8b f8
0x0000023269453f81:   48 c1 e3 06 8b f2 48 03 1d a2 76 08 08 8b e9 48
0x0000023269453f91:   8b 7b 08 85 d2 74 0f 8b cd e8 fd fe ff ff 85 c0
0x0000023269453fa1:   0f 85 11 01 00 00 8a 43 28 24 01 74 04 48 83 c7
0x0000023269453fb1:   fb 0f b6 c0 4c 8d 34 45 05 00 00 00 85 f6 75 35
0x0000023269453fc1:   80 3f e9 75 30 4c 63 57 01 49 83 c2 f5 4c 03 d7
0x0000023269453fd1:   4c 39 53 18 74 1f 48 8b 53 08 4c 8d 0d 82 ff ff
0x0000023269453fe1:   ff 49 8b 4a 08 44 8b c5 4c 89 7c 24 20 41 ff 12
0x0000023269453ff1:   e9 c2 00 00 00 4c 8d 4c 24 50 41 b8 40 00 00 00
0x0000023269454001:   49 8b d6 48 8b cf ff 15 7b f3 10 00 85 c0 75 0a
0x0000023269454011:   b8 0a 00 00 00 e9 9d 00 00 00 85 f6 74 1f c6 07
0x0000023269454021:   e9 8b 43 18 2b c7 83 c0 0b 89 47 01 f6 43 28 01
0x0000023269454031:   74 2c 48 8b 43 08 66 c7 00 eb f9 eb 21 8b 43 20
0x0000023269454041:   f6 43 28 01 89 07 74 10 0f b7 43 24 66 89 47 04
0x0000023269454051:   8a 43 26 88 47 06 eb 06 8a 43 24 88 47 04 44 8b
0x0000023269454061:   44 24 50 4c 8d 4c 24 50 49 8b d6 48 8b cf ff 15
0x0000023269454071:   13 f3 10 00 ff 15 dd f0 10 00 4d 8b c6 48 8b d7
0x0000023269454081:   48 8b c8 ff 15 0e f2 10 00 44 8b c6 8b d5 49 8b
0x0000023269454091:   cf e8 e1 fb ff ff 40 8a c6 40 c0 e6 02 02 c0 32
0x00000232694540a1:   43 28 24 02 32 43 28 40 32 f0 40 80 e6 04 40 32
0x00000232694540b1:   f0 40 88 73 28 33 c0 48 8b 5c 24 58 48 8b 6c 24 


Stack slot to memory mapping:
stack at sp + 0 slots: 0x0000023269450000 GTIII-OSD64.dll
stack at sp + 1 slots: 0x0000023269450000 GTIII-OSD64.dll
stack at sp + 2 slots: 0x0000000000000002 is an unknown value
stack at sp + 3 slots: 0x0000023269453e0f GTIII-OSD64.dll
stack at sp + 4 slots: 0x0 is NULL
stack at sp + 5 slots: 0x0 is NULL
stack at sp + 6 slots: 0x0000023269450000 GTIII-OSD64.dll
stack at sp + 7 slots: 0x0000023269450000 GTIII-OSD64.dll

VM_Operation (0x000000cebb8feae0): Exit, mode: safepoint, requested by thread 0x00000232607ea0e0


---------------  P R O C E S S  ---------------

Threads class SMR info:
_java_thread_list=0x0000023267996b00, length=16, elements={
0x0000023259446810, 0x0000023259447d20, 0x00000232594618a0, 0x0000023259462240,
0x0000023259463750, 0x0000023259466c70, 0x0000023259474520, 0x0000023259481cf0,
0x0000023259488620, 0x000002325942e6f0, 0x0000023260594a30, 0x00000232605963e0,
0x00000232607b76b0, 0x00000232606f85e0, 0x00000232607ea0e0, 0x000002322d828060
}

Java Threads: ( => current thread )
  0x0000023259446810 JavaThread "Reference Handler" daemon [_thread_blocked, id=39384, stack(0x000000ceba500000,0x000000ceba600000)]
  0x0000023259447d20 JavaThread "Finalizer" daemon [_thread_blocked, id=38168, stack(0x000000ceba600000,0x000000ceba700000)]
  0x00000232594618a0 JavaThread "Signal Dispatcher" daemon [_thread_blocked, id=39776, stack(0x000000ceba700000,0x000000ceba800000)]
  0x0000023259462240 JavaThread "Attach Listener" daemon [_thread_blocked, id=39716, stack(0x000000ceba800000,0x000000ceba900000)]
  0x0000023259463750 JavaThread "Service Thread" daemon [_thread_blocked, id=39836, stack(0x000000ceba900000,0x000000cebaa00000)]
  0x0000023259466c70 JavaThread "Monitor Deflation Thread" daemon [_thread_blocked, id=39844, stack(0x000000cebaa00000,0x000000cebab00000)]
  0x0000023259474520 JavaThread "C2 CompilerThread0" daemon [_thread_blocked, id=36512, stack(0x000000cebab00000,0x000000cebac00000)]
  0x0000023259481cf0 JavaThread "C1 CompilerThread0" daemon [_thread_blocked, id=39876, stack(0x000000cebac00000,0x000000cebad00000)]
  0x0000023259488620 JavaThread "Sweeper thread" daemon [_thread_blocked, id=32108, stack(0x000000cebad00000,0x000000cebae00000)]
  0x000002325942e6f0 JavaThread "Common-Cleaner" daemon [_thread_blocked, id=39204, stack(0x000000cebae00000,0x000000cebaf00000)]
  0x0000023260594a30 JavaThread "Monitor Ctrl-Break" daemon [_thread_in_native, id=39196, stack(0x000000cebb200000,0x000000cebb300000)]
  0x00000232605963e0 JavaThread "Notification Thread" daemon [_thread_blocked, id=38608, stack(0x000000cebb300000,0x000000cebb400000)]
  0x00000232607b76b0 JavaThread "Java2D Disposer" daemon [_thread_blocked, id=38936, stack(0x000000cebb500000,0x000000cebb600000)]
  0x00000232606f85e0 JavaThread "AWT-Shutdown" [_thread_blocked, id=37580, stack(0x000000cebb600000,0x000000cebb700000)]
  0x00000232607ea0e0 JavaThread "AWT-EventQueue-0" [_thread_blocked, id=37216, stack(0x000000cebb800000,0x000000cebb900000)]
  0x000002322d828060 JavaThread "DestroyJavaVM" [_thread_blocked, id=37432, stack(0x000000ceb9e00000,0x000000ceb9f00000)]

Other Threads:
=>0x0000023259441f70 VMThread "VM Thread" [stack: 0x000000ceba400000,0x000000ceba500000] [id=39200]
  0x000002322d8da390 WorkerThread "GC Thread#0" [stack: 0x000000ceb9f00000,0x000000ceba000000] [id=39144]
  0x000002322d8eb8a0 ConcurrentGCThread "G1 Main Marker" terminated
  0x000002322d8eda40 WorkerThread "G1 Conc#0" [stack: 0x000000ceba100000,0x000000ceba200000] [id=38780]
  0x00000232592f7c50 ConcurrentGCThread "G1 Refine#0" terminated
  0x00000232592f8560 ConcurrentGCThread "G1 Service" terminated

Threads with active compile tasks:

VM state: at safepoint (shutting down)

VM Mutex/Monitor currently owned by a thread:  ([mutex/lock_event])
[0x000002322d825f50] Threads_lock - owner thread: 0x0000023259441f70
[0x000002322d825d10] Heap_lock - owner thread: 0x00000232607ea0e0

Heap address: 0x000000060dc00000, size: 7972 MB, Compressed Oops mode: Zero based, Oop shift amount: 3

CDS archive(s) mapped at: [0x0000000800000000-0x0000000800ba0000-0x0000000800ba0000), size 12189696, SharedBaseAddress: 0x0000000800000000, ArchiveRelocationMode: 0.
Compressed class space mapped at: 0x0000000800c00000-0x0000000840c00000, reserved size: 1073741824
Narrow klass base: 0x0000000800000000, Narrow klass shift: 0, Narrow klass range: 0x100000000

GC Precious Log:
 CardTable entry size: 512
 Card Set container configuration: InlinePtr #cards 4 size 8 Array Of Cards #cards 32 size 80 Howl #buckets 8 coarsen threshold 7372 Howl Bitmap #cards 1024 size 144 coarsen threshold 921 Card regions per heap region 1 cards per card region 8192
 CPUs: 16 total, 16 available
 Memory: 31882M
 Large Page Support: Disabled
 NUMA Support: Disabled
 Compressed Oops: Enabled (Zero based)
 Heap Region Size: 4M
 Heap Min Capacity: 8M
 Heap Initial Capacity: 500M
 Heap Max Capacity: 7972M
 Pre-touch: Disabled
 Parallel Workers: 13
 Concurrent Workers: 3
 Concurrent Refinement Workers: 13
 Periodic GC: Disabled

Heap:
 garbage-first heap   total 512000K, used 8192K [0x000000060dc00000, 0x0000000800000000)
  region size 4096K, 3 young (12288K), 0 survivors (0K)
 Metaspace       used 7305K, committed 7552K, reserved 1114112K
  class space    used 774K, committed 896K, reserved 1048576K

Heap Regions: E=young(eden), S=young(survivor), O=old, HS=humongous(starts), HC=humongous(continues), CS=collection set, F=free, OA=open archive, CA=closed archive, TAMS=top-at-mark-start (previous, next)
|   0|0x000000060dc00000, 0x000000060dc00000, 0x000000060e000000|  0%| F|  |TAMS 0x000000060dc00000, 0x000000060dc00000| Untracked 
|   1|0x000000060e000000, 0x000000060e000000, 0x000000060e400000|  0%| F|  |TAMS 0x000000060e000000, 0x000000060e000000| Untracked 
|   2|0x000000060e400000, 0x000000060e400000, 0x000000060e800000|  0%| F|  |TAMS 0x000000060e400000, 0x000000060e400000| Untracked 
|   3|0x000000060e800000, 0x000000060e800000, 0x000000060ec00000|  0%| F|  |TAMS 0x000000060e800000, 0x000000060e800000| Untracked 
|   4|0x000000060ec00000, 0x000000060ec00000, 0x000000060f000000|  0%| F|  |TAMS 0x000000060ec00000, 0x000000060ec00000| Untracked 
|   5|0x000000060f000000, 0x000000060f000000, 0x000000060f400000|  0%| F|  |TAMS 0x000000060f000000, 0x000000060f000000| Untracked 
|   6|0x000000060f400000, 0x000000060f400000, 0x000000060f800000|  0%| F|  |TAMS 0x000000060f400000, 0x000000060f400000| Untracked 
|   7|0x000000060f800000, 0x000000060f800000, 0x000000060fc00000|  0%| F|  |TAMS 0x000000060f800000, 0x000000060f800000| Untracked 
|   8|0x000000060fc00000, 0x000000060fc00000, 0x0000000610000000|  0%| F|  |TAMS 0x000000060fc00000, 0x000000060fc00000| Untracked 
|   9|0x0000000610000000, 0x0000000610000000, 0x0000000610400000|  0%| F|  |TAMS 0x0000000610000000, 0x0000000610000000| Untracked 
|  10|0x0000000610400000, 0x0000000610400000, 0x0000000610800000|  0%| F|  |TAMS 0x0000000610400000, 0x0000000610400000| Untracked 
|  11|0x0000000610800000, 0x0000000610800000, 0x0000000610c00000|  0%| F|  |TAMS 0x0000000610800000, 0x0000000610800000| Untracked 
|  12|0x0000000610c00000, 0x0000000610c00000, 0x0000000611000000|  0%| F|  |TAMS 0x0000000610c00000, 0x0000000610c00000| Untracked 
|  13|0x0000000611000000, 0x0000000611000000, 0x0000000611400000|  0%| F|  |TAMS 0x0000000611000000, 0x0000000611000000| Untracked 
|  14|0x0000000611400000, 0x0000000611400000, 0x0000000611800000|  0%| F|  |TAMS 0x0000000611400000, 0x0000000611400000| Untracked 
|  15|0x0000000611800000, 0x0000000611800000, 0x0000000611c00000|  0%| F|  |TAMS 0x0000000611800000, 0x0000000611800000| Untracked 
|  16|0x0000000611c00000, 0x0000000611c00000, 0x0000000612000000|  0%| F|  |TAMS 0x0000000611c00000, 0x0000000611c00000| Untracked 
|  17|0x0000000612000000, 0x0000000612000000, 0x0000000612400000|  0%| F|  |TAMS 0x0000000612000000, 0x0000000612000000| Untracked 
|  18|0x0000000612400000, 0x0000000612400000, 0x0000000612800000|  0%| F|  |TAMS 0x0000000612400000, 0x0000000612400000| Untracked 
|  19|0x0000000612800000, 0x0000000612800000, 0x0000000612c00000|  0%| F|  |TAMS 0x0000000612800000, 0x0000000612800000| Untracked 
|  20|0x0000000612c00000, 0x0000000612c00000, 0x0000000613000000|  0%| F|  |TAMS 0x0000000612c00000, 0x0000000612c00000| Untracked 
|  21|0x0000000613000000, 0x0000000613000000, 0x0000000613400000|  0%| F|  |TAMS 0x0000000613000000, 0x0000000613000000| Untracked 
|  22|0x0000000613400000, 0x0000000613400000, 0x0000000613800000|  0%| F|  |TAMS 0x0000000613400000, 0x0000000613400000| Untracked 
|  23|0x0000000613800000, 0x0000000613800000, 0x0000000613c00000|  0%| F|  |TAMS 0x0000000613800000, 0x0000000613800000| Untracked 
|  24|0x0000000613c00000, 0x0000000613c00000, 0x0000000614000000|  0%| F|  |TAMS 0x0000000613c00000, 0x0000000613c00000| Untracked 
|  25|0x0000000614000000, 0x0000000614000000, 0x0000000614400000|  0%| F|  |TAMS 0x0000000614000000, 0x0000000614000000| Untracked 
|  26|0x0000000614400000, 0x0000000614400000, 0x0000000614800000|  0%| F|  |TAMS 0x0000000614400000, 0x0000000614400000| Untracked 
|  27|0x0000000614800000, 0x0000000614800000, 0x0000000614c00000|  0%| F|  |TAMS 0x0000000614800000, 0x0000000614800000| Untracked 
|  28|0x0000000614c00000, 0x0000000614c00000, 0x0000000615000000|  0%| F|  |TAMS 0x0000000614c00000, 0x0000000614c00000| Untracked 
|  29|0x0000000615000000, 0x0000000615000000, 0x0000000615400000|  0%| F|  |TAMS 0x0000000615000000, 0x0000000615000000| Untracked 
|  30|0x0000000615400000, 0x0000000615400000, 0x0000000615800000|  0%| F|  |TAMS 0x0000000615400000, 0x0000000615400000| Untracked 
|  31|0x0000000615800000, 0x0000000615800000, 0x0000000615c00000|  0%| F|  |TAMS 0x0000000615800000, 0x0000000615800000| Untracked 
|  32|0x0000000615c00000, 0x0000000615c00000, 0x0000000616000000|  0%| F|  |TAMS 0x0000000615c00000, 0x0000000615c00000| Untracked 
|  33|0x0000000616000000, 0x0000000616000000, 0x0000000616400000|  0%| F|  |TAMS 0x0000000616000000, 0x0000000616000000| Untracked 
|  34|0x0000000616400000, 0x0000000616400000, 0x0000000616800000|  0%| F|  |TAMS 0x0000000616400000, 0x0000000616400000| Untracked 
|  35|0x0000000616800000, 0x0000000616800000, 0x0000000616c00000|  0%| F|  |TAMS 0x0000000616800000, 0x0000000616800000| Untracked 
|  36|0x0000000616c00000, 0x0000000616c00000, 0x0000000617000000|  0%| F|  |TAMS 0x0000000616c00000, 0x0000000616c00000| Untracked 
|  37|0x0000000617000000, 0x0000000617000000, 0x0000000617400000|  0%| F|  |TAMS 0x0000000617000000, 0x0000000617000000| Untracked 
|  38|0x0000000617400000, 0x0000000617400000, 0x0000000617800000|  0%| F|  |TAMS 0x0000000617400000, 0x0000000617400000| Untracked 
|  39|0x0000000617800000, 0x0000000617800000, 0x0000000617c00000|  0%| F|  |TAMS 0x0000000617800000, 0x0000000617800000| Untracked 
|  40|0x0000000617c00000, 0x0000000617c00000, 0x0000000618000000|  0%| F|  |TAMS 0x0000000617c00000, 0x0000000617c00000| Untracked 
|  41|0x0000000618000000, 0x0000000618000000, 0x0000000618400000|  0%| F|  |TAMS 0x0000000618000000, 0x0000000618000000| Untracked 
|  42|0x0000000618400000, 0x0000000618400000, 0x0000000618800000|  0%| F|  |TAMS 0x0000000618400000, 0x0000000618400000| Untracked 
|  43|0x0000000618800000, 0x0000000618800000, 0x0000000618c00000|  0%| F|  |TAMS 0x0000000618800000, 0x0000000618800000| Untracked 
|  44|0x0000000618c00000, 0x0000000618c00000, 0x0000000619000000|  0%| F|  |TAMS 0x0000000618c00000, 0x0000000618c00000| Untracked 
|  45|0x0000000619000000, 0x0000000619000000, 0x0000000619400000|  0%| F|  |TAMS 0x0000000619000000, 0x0000000619000000| Untracked 
|  46|0x0000000619400000, 0x0000000619400000, 0x0000000619800000|  0%| F|  |TAMS 0x0000000619400000, 0x0000000619400000| Untracked 
|  47|0x0000000619800000, 0x0000000619800000, 0x0000000619c00000|  0%| F|  |TAMS 0x0000000619800000, 0x0000000619800000| Untracked 
|  48|0x0000000619c00000, 0x0000000619c00000, 0x000000061a000000|  0%| F|  |TAMS 0x0000000619c00000, 0x0000000619c00000| Untracked 
|  49|0x000000061a000000, 0x000000061a000000, 0x000000061a400000|  0%| F|  |TAMS 0x000000061a000000, 0x000000061a000000| Untracked 
|  50|0x000000061a400000, 0x000000061a400000, 0x000000061a800000|  0%| F|  |TAMS 0x000000061a400000, 0x000000061a400000| Untracked 
|  51|0x000000061a800000, 0x000000061a800000, 0x000000061ac00000|  0%| F|  |TAMS 0x000000061a800000, 0x000000061a800000| Untracked 
|  52|0x000000061ac00000, 0x000000061ac00000, 0x000000061b000000|  0%| F|  |TAMS 0x000000061ac00000, 0x000000061ac00000| Untracked 
|  53|0x000000061b000000, 0x000000061b000000, 0x000000061b400000|  0%| F|  |TAMS 0x000000061b000000, 0x000000061b000000| Untracked 
|  54|0x000000061b400000, 0x000000061b400000, 0x000000061b800000|  0%| F|  |TAMS 0x000000061b400000, 0x000000061b400000| Untracked 
|  55|0x000000061b800000, 0x000000061b800000, 0x000000061bc00000|  0%| F|  |TAMS 0x000000061b800000, 0x000000061b800000| Untracked 
|  56|0x000000061bc00000, 0x000000061bc00000, 0x000000061c000000|  0%| F|  |TAMS 0x000000061bc00000, 0x000000061bc00000| Untracked 
|  57|0x000000061c000000, 0x000000061c000000, 0x000000061c400000|  0%| F|  |TAMS 0x000000061c000000, 0x000000061c000000| Untracked 
|  58|0x000000061c400000, 0x000000061c400000, 0x000000061c800000|  0%| F|  |TAMS 0x000000061c400000, 0x000000061c400000| Untracked 
|  59|0x000000061c800000, 0x000000061c800000, 0x000000061cc00000|  0%| F|  |TAMS 0x000000061c800000, 0x000000061c800000| Untracked 
|  60|0x000000061cc00000, 0x000000061cc00000, 0x000000061d000000|  0%| F|  |TAMS 0x000000061cc00000, 0x000000061cc00000| Untracked 
|  61|0x000000061d000000, 0x000000061d000000, 0x000000061d400000|  0%| F|  |TAMS 0x000000061d000000, 0x000000061d000000| Untracked 
|  62|0x000000061d400000, 0x000000061d400000, 0x000000061d800000|  0%| F|  |TAMS 0x000000061d400000, 0x000000061d400000| Untracked 
|  63|0x000000061d800000, 0x000000061d800000, 0x000000061dc00000|  0%| F|  |TAMS 0x000000061d800000, 0x000000061d800000| Untracked 
|  64|0x000000061dc00000, 0x000000061dc00000, 0x000000061e000000|  0%| F|  |TAMS 0x000000061dc00000, 0x000000061dc00000| Untracked 
|  65|0x000000061e000000, 0x000000061e000000, 0x000000061e400000|  0%| F|  |TAMS 0x000000061e000000, 0x000000061e000000| Untracked 
|  66|0x000000061e400000, 0x000000061e400000, 0x000000061e800000|  0%| F|  |TAMS 0x000000061e400000, 0x000000061e400000| Untracked 
|  67|0x000000061e800000, 0x000000061e800000, 0x000000061ec00000|  0%| F|  |TAMS 0x000000061e800000, 0x000000061e800000| Untracked 
|  68|0x000000061ec00000, 0x000000061ec00000, 0x000000061f000000|  0%| F|  |TAMS 0x000000061ec00000, 0x000000061ec00000| Untracked 
|  69|0x000000061f000000, 0x000000061f000000, 0x000000061f400000|  0%| F|  |TAMS 0x000000061f000000, 0x000000061f000000| Untracked 
|  70|0x000000061f400000, 0x000000061f400000, 0x000000061f800000|  0%| F|  |TAMS 0x000000061f400000, 0x000000061f400000| Untracked 
|  71|0x000000061f800000, 0x000000061f800000, 0x000000061fc00000|  0%| F|  |TAMS 0x000000061f800000, 0x000000061f800000| Untracked 
|  72|0x000000061fc00000, 0x000000061fc00000, 0x0000000620000000|  0%| F|  |TAMS 0x000000061fc00000, 0x000000061fc00000| Untracked 
|  73|0x0000000620000000, 0x0000000620000000, 0x0000000620400000|  0%| F|  |TAMS 0x0000000620000000, 0x0000000620000000| Untracked 
|  74|0x0000000620400000, 0x0000000620400000, 0x0000000620800000|  0%| F|  |TAMS 0x0000000620400000, 0x0000000620400000| Untracked 
|  75|0x0000000620800000, 0x0000000620800000, 0x0000000620c00000|  0%| F|  |TAMS 0x0000000620800000, 0x0000000620800000| Untracked 
|  76|0x0000000620c00000, 0x0000000620c00000, 0x0000000621000000|  0%| F|  |TAMS 0x0000000620c00000, 0x0000000620c00000| Untracked 
|  77|0x0000000621000000, 0x0000000621000000, 0x0000000621400000|  0%| F|  |TAMS 0x0000000621000000, 0x0000000621000000| Untracked 
|  78|0x0000000621400000, 0x0000000621400000, 0x0000000621800000|  0%| F|  |TAMS 0x0000000621400000, 0x0000000621400000| Untracked 
|  79|0x0000000621800000, 0x0000000621800000, 0x0000000621c00000|  0%| F|  |TAMS 0x0000000621800000, 0x0000000621800000| Untracked 
|  80|0x0000000621c00000, 0x0000000621c00000, 0x0000000622000000|  0%| F|  |TAMS 0x0000000621c00000, 0x0000000621c00000| Untracked 
|  81|0x0000000622000000, 0x0000000622000000, 0x0000000622400000|  0%| F|  |TAMS 0x0000000622000000, 0x0000000622000000| Untracked 
|  82|0x0000000622400000, 0x0000000622400000, 0x0000000622800000|  0%| F|  |TAMS 0x0000000622400000, 0x0000000622400000| Untracked 
|  83|0x0000000622800000, 0x0000000622800000, 0x0000000622c00000|  0%| F|  |TAMS 0x0000000622800000, 0x0000000622800000| Untracked 
|  84|0x0000000622c00000, 0x0000000622c00000, 0x0000000623000000|  0%| F|  |TAMS 0x0000000622c00000, 0x0000000622c00000| Untracked 
|  85|0x0000000623000000, 0x0000000623000000, 0x0000000623400000|  0%| F|  |TAMS 0x0000000623000000, 0x0000000623000000| Untracked 
|  86|0x0000000623400000, 0x0000000623400000, 0x0000000623800000|  0%| F|  |TAMS 0x0000000623400000, 0x0000000623400000| Untracked 
|  87|0x0000000623800000, 0x0000000623800000, 0x0000000623c00000|  0%| F|  |TAMS 0x0000000623800000, 0x0000000623800000| Untracked 
|  88|0x0000000623c00000, 0x0000000623c00000, 0x0000000624000000|  0%| F|  |TAMS 0x0000000623c00000, 0x0000000623c00000| Untracked 
|  89|0x0000000624000000, 0x0000000624000000, 0x0000000624400000|  0%| F|  |TAMS 0x0000000624000000, 0x0000000624000000| Untracked 
|  90|0x0000000624400000, 0x0000000624400000, 0x0000000624800000|  0%| F|  |TAMS 0x0000000624400000, 0x0000000624400000| Untracked 
|  91|0x0000000624800000, 0x0000000624800000, 0x0000000624c00000|  0%| F|  |TAMS 0x0000000624800000, 0x0000000624800000| Untracked 
|  92|0x0000000624c00000, 0x0000000624c00000, 0x0000000625000000|  0%| F|  |TAMS 0x0000000624c00000, 0x0000000624c00000| Untracked 
|  93|0x0000000625000000, 0x0000000625000000, 0x0000000625400000|  0%| F|  |TAMS 0x0000000625000000, 0x0000000625000000| Untracked 
|  94|0x0000000625400000, 0x0000000625400000, 0x0000000625800000|  0%| F|  |TAMS 0x0000000625400000, 0x0000000625400000| Untracked 
|  95|0x0000000625800000, 0x0000000625800000, 0x0000000625c00000|  0%| F|  |TAMS 0x0000000625800000, 0x0000000625800000| Untracked 
|  96|0x0000000625c00000, 0x0000000625c00000, 0x0000000626000000|  0%| F|  |TAMS 0x0000000625c00000, 0x0000000625c00000| Untracked 
|  97|0x0000000626000000, 0x0000000626000000, 0x0000000626400000|  0%| F|  |TAMS 0x0000000626000000, 0x0000000626000000| Untracked 
|  98|0x0000000626400000, 0x0000000626400000, 0x0000000626800000|  0%| F|  |TAMS 0x0000000626400000, 0x0000000626400000| Untracked 
|  99|0x0000000626800000, 0x0000000626800000, 0x0000000626c00000|  0%| F|  |TAMS 0x0000000626800000, 0x0000000626800000| Untracked 
| 100|0x0000000626c00000, 0x0000000626c00000, 0x0000000627000000|  0%| F|  |TAMS 0x0000000626c00000, 0x0000000626c00000| Untracked 
| 101|0x0000000627000000, 0x0000000627000000, 0x0000000627400000|  0%| F|  |TAMS 0x0000000627000000, 0x0000000627000000| Untracked 
| 102|0x0000000627400000, 0x0000000627400000, 0x0000000627800000|  0%| F|  |TAMS 0x0000000627400000, 0x0000000627400000| Untracked 
| 103|0x0000000627800000, 0x0000000627800000, 0x0000000627c00000|  0%| F|  |TAMS 0x0000000627800000, 0x0000000627800000| Untracked 
| 104|0x0000000627c00000, 0x0000000627c00000, 0x0000000628000000|  0%| F|  |TAMS 0x0000000627c00000, 0x0000000627c00000| Untracked 
| 105|0x0000000628000000, 0x0000000628000000, 0x0000000628400000|  0%| F|  |TAMS 0x0000000628000000, 0x0000000628000000| Untracked 
| 106|0x0000000628400000, 0x0000000628400000, 0x0000000628800000|  0%| F|  |TAMS 0x0000000628400000, 0x0000000628400000| Untracked 
| 107|0x0000000628800000, 0x0000000628800000, 0x0000000628c00000|  0%| F|  |TAMS 0x0000000628800000, 0x0000000628800000| Untracked 
| 108|0x0000000628c00000, 0x0000000628c00000, 0x0000000629000000|  0%| F|  |TAMS 0x0000000628c00000, 0x0000000628c00000| Untracked 
| 109|0x0000000629000000, 0x0000000629000000, 0x0000000629400000|  0%| F|  |TAMS 0x0000000629000000, 0x0000000629000000| Untracked 
| 110|0x0000000629400000, 0x0000000629400000, 0x0000000629800000|  0%| F|  |TAMS 0x0000000629400000, 0x0000000629400000| Untracked 
| 111|0x0000000629800000, 0x0000000629800000, 0x0000000629c00000|  0%| F|  |TAMS 0x0000000629800000, 0x0000000629800000| Untracked 
| 112|0x0000000629c00000, 0x0000000629c00000, 0x000000062a000000|  0%| F|  |TAMS 0x0000000629c00000, 0x0000000629c00000| Untracked 
| 113|0x000000062a000000, 0x000000062a000000, 0x000000062a400000|  0%| F|  |TAMS 0x000000062a000000, 0x000000062a000000| Untracked 
| 114|0x000000062a400000, 0x000000062a400000, 0x000000062a800000|  0%| F|  |TAMS 0x000000062a400000, 0x000000062a400000| Untracked 
| 115|0x000000062a800000, 0x000000062a800000, 0x000000062ac00000|  0%| F|  |TAMS 0x000000062a800000, 0x000000062a800000| Untracked 
| 116|0x000000062ac00000, 0x000000062ac00000, 0x000000062b000000|  0%| F|  |TAMS 0x000000062ac00000, 0x000000062ac00000| Untracked 
| 117|0x000000062b000000, 0x000000062b000000, 0x000000062b400000|  0%| F|  |TAMS 0x000000062b000000, 0x000000062b000000| Untracked 
| 118|0x000000062b400000, 0x000000062b400000, 0x000000062b800000|  0%| F|  |TAMS 0x000000062b400000, 0x000000062b400000| Untracked 
| 119|0x000000062b800000, 0x000000062b800000, 0x000000062bc00000|  0%| F|  |TAMS 0x000000062b800000, 0x000000062b800000| Untracked 
| 120|0x000000062bc00000, 0x000000062bc00000, 0x000000062c000000|  0%| F|  |TAMS 0x000000062bc00000, 0x000000062bc00000| Untracked 
| 121|0x000000062c000000, 0x000000062c000000, 0x000000062c400000|  0%| F|  |TAMS 0x000000062c000000, 0x000000062c000000| Untracked 
| 122|0x000000062c400000, 0x000000062c800000, 0x000000062c800000|100%| E|  |TAMS 0x000000062c400000, 0x000000062c400000| Complete 
| 123|0x000000062c800000, 0x000000062cc00000, 0x000000062cc00000|100%| E|CS|TAMS 0x000000062c800000, 0x000000062c800000| Complete 
| 124|0x000000062cc00000, 0x000000062d000000, 0x000000062d000000|100%| E|CS|TAMS 0x000000062cc00000, 0x000000062cc00000| Complete 

Card table byte_map: [0x0000023247970000,0x0000023248910000] _byte_map_base: 0x0000023244902000

Marking Bits (Prev, Next): (CMBitMap*) 0x000002322d8da990, (CMBitMap*) 0x000002322d8da9d0
 Prev Bits: [0x00000232498b0000, 0x0000023251540000)
 Next Bits: [0x0000023251540000, 0x00000232591d0000)

Polling page: 0x000002322d5c0000

Metaspace:

Usage:
  Non-class:      6.38 MB used.
      Class:    774.83 KB used.
       Both:      7.13 MB used.

Virtual space:
  Non-class space:       64.00 MB reserved,       6.50 MB ( 10%) committed,  1 nodes.
      Class space:        1.00 GB reserved,     896.00 KB ( <1%) committed,  1 nodes.
             Both:        1.06 GB reserved,       7.38 MB ( <1%) committed. 

Chunk freelists:
   Non-Class:  1022.00 KB
       Class:  3.11 MB
        Both:  4.11 MB

MaxMetaspaceSize: unlimited
CompressedClassSpaceSize: 1.00 GB
Initial GC threshold: 21.00 MB
Current GC threshold: 21.00 MB
CDS: on
MetaspaceReclaimPolicy: balanced
 - commit_granule_bytes: 65536.
 - commit_granule_words: 8192.
 - virtual_space_node_default_size: 8388608.
 - enlarge_chunks_in_place: 1.
 - new_chunks_are_fully_committed: 0.
 - uncommit_free_chunks: 1.
 - use_allocation_guard: 0.


Internal statistics:

num_allocs_failed_limit: 0.
num_arena_births: 132.
num_arena_deaths: 0.
num_vsnodes_births: 2.
num_vsnodes_deaths: 0.
num_space_committed: 118.
num_space_uncommitted: 0.
num_chunks_returned_to_freelist: 0.
num_chunks_taken_from_freelist: 186.
num_chunk_merges: 0.
num_chunk_splits: 102.
num_chunks_enlarged: 35.
num_inconsistent_stats: 0.

CodeHeap 'non-profiled nmethods': size=119168Kb used=285Kb max_used=285Kb free=118882Kb
 bounds [0x000002323e5b0000, 0x000002323e820000, 0x0000023245a10000]
CodeHeap 'profiled nmethods': size=119104Kb used=1788Kb max_used=1788Kb free=117315Kb
 bounds [0x0000023237160000, 0x00000232373d0000, 0x000002323e5b0000]
CodeHeap 'non-nmethods': size=7488Kb used=1283Kb max_used=2974Kb free=6204Kb
 bounds [0x0000023236a10000, 0x0000023236d00000, 0x0000023237160000]
 total_blobs=1608 nmethods=1023 adapters=498
 compilation: enabled
              stopped_count=0, restarted_count=0
 full_count=0

Compilation events (20 events):
Event: 5.531 Thread 0x0000023259474520 1014       4       java.security.AccessControlContext::optimize (319 bytes)
Event: 5.533 Thread 0x0000023259474520 nmethod 1014 0x000002323e5f5190 code [0x000002323e5f5340, 0x000002323e5f55a8]
Event: 5.584 Thread 0x0000023259474520 1015       4       java.util.concurrent.locks.ReentrantLock::unlock (10 bytes)
Event: 5.585 Thread 0x0000023259474520 nmethod 1015 0x000002323e5f5910 code [0x000002323e5f5aa0, 0x000002323e5f5cc8]
Event: 5.585 Thread 0x0000023259474520 1016       4       sun.awt.AppContext::getAppContext (51 bytes)
Event: 5.585 Thread 0x0000023259474520 nmethod 1016 0x000002323e5f5f10 code [0x000002323e5f6080, 0x000002323e5f6138]
Event: 5.834 Thread 0x0000023259474520 1017       4       java.awt.Component::getCursor_NoClientCode (30 bytes)
Event: 5.835 Thread 0x0000023259474520 nmethod 1017 0x000002323e5f6210 code [0x000002323e5f63a0, 0x000002323e5f6488]
Event: 6.782 Thread 0x0000023259481cf0 1018       3       java.lang.StringConcatHelper::newString (67 bytes)
Event: 6.783 Thread 0x0000023259481cf0 nmethod 1018 0x000002323731dc90 code [0x000002323731df00, 0x000002323731e988]
Event: 7.002 Thread 0x0000023259481cf0 1019       3       java.lang.Module::isNamed (13 bytes)
Event: 7.002 Thread 0x0000023259481cf0 nmethod 1019 0x000002323731ed10 code [0x000002323731eea0, 0x000002323731f018]
Event: 8.097 Thread 0x0000023259481cf0 1020       1       sun.java2d.SurfaceData::isValid (5 bytes)
Event: 8.097 Thread 0x0000023259481cf0 nmethod 1020 0x000002323e5f6590 code [0x000002323e5f6720, 0x000002323e5f67f8]
Event: 8.969 Thread 0x0000023259474520 1021       4       java.util.HashMap::getNode (150 bytes)
Event: 8.971 Thread 0x0000023259474520 nmethod 1021 0x000002323e5f6890 code [0x000002323e5f6a60, 0x000002323e5f6e08]
Event: 9.045 Thread 0x0000023259474520 1022       4       java.security.AccessControlContext::combine (205 bytes)
Event: 9.046 Thread 0x0000023259474520 nmethod 1022 0x000002323e5f7110 code [0x000002323e5f7280, 0x000002323e5f7338]
Event: 9.831 Thread 0x0000023259481cf0 1023       1       sun.java2d.SurfaceData::isSurfaceLost (5 bytes)
Event: 9.831 Thread 0x0000023259481cf0 nmethod 1023 0x000002323e5f7490 code [0x000002323e5f7620, 0x000002323e5f76f8]

GC Heap History (0 events):
No events

Deoptimization events (20 events):
Event: 1.113 Thread 0x0000023259462240 Uncommon trap: trap_request=0xffffffc6 fr.pc=0x000002323e5e0130 relative=0x0000000000000ab0
Event: 1.113 Thread 0x0000023259462240 Uncommon trap: reason=bimorphic_or_optimized_type_check action=maybe_recompile pc=0x000002323e5e0130 method=java.util.HashMap.putVal(ILjava/lang/Object;Ljava/lang/Object;ZZ)Ljava/lang/Object; @ 152 c2
Event: 1.113 Thread 0x0000023259462240 DEOPT PACKING pc=0x000002323e5e0130 sp=0x000000ceba8feae0
Event: 1.113 Thread 0x0000023259462240 DEOPT UNPACKING pc=0x0000023236a65c23 sp=0x000000ceba8fea08 mode 2
Event: 6.490 Thread 0x00000232607ea0e0 Uncommon trap: trap_request=0xffffffde fr.pc=0x000002323e5ef324 relative=0x00000000000002e4
Event: 6.490 Thread 0x00000232607ea0e0 Uncommon trap: reason=class_check action=maybe_recompile pc=0x000002323e5ef324 method=java.util.HashMap.getNode(Ljava/lang/Object;)Ljava/util/HashMap$Node; @ 128 c2
Event: 6.490 Thread 0x00000232607ea0e0 DEOPT PACKING pc=0x000002323e5ef324 sp=0x000000cebb8fe5f0
Event: 6.490 Thread 0x00000232607ea0e0 DEOPT UNPACKING pc=0x0000023236a65c23 sp=0x000000cebb8fe558 mode 2
Event: 6.523 Thread 0x00000232607ea0e0 Uncommon trap: trap_request=0xffffffde fr.pc=0x000002323e5ef324 relative=0x00000000000002e4
Event: 6.523 Thread 0x00000232607ea0e0 Uncommon trap: reason=class_check action=maybe_recompile pc=0x000002323e5ef324 method=java.util.HashMap.getNode(Ljava/lang/Object;)Ljava/util/HashMap$Node; @ 128 c2
Event: 6.523 Thread 0x00000232607ea0e0 DEOPT PACKING pc=0x000002323e5ef324 sp=0x000000cebb8fe4f0
Event: 6.523 Thread 0x00000232607ea0e0 DEOPT UNPACKING pc=0x0000023236a65c23 sp=0x000000cebb8fe458 mode 2
Event: 6.615 Thread 0x00000232607ea0e0 Uncommon trap: trap_request=0xffffffde fr.pc=0x000002323e5ef324 relative=0x00000000000002e4
Event: 6.615 Thread 0x00000232607ea0e0 Uncommon trap: reason=class_check action=maybe_recompile pc=0x000002323e5ef324 method=java.util.HashMap.getNode(Ljava/lang/Object;)Ljava/util/HashMap$Node; @ 128 c2
Event: 6.615 Thread 0x00000232607ea0e0 DEOPT PACKING pc=0x000002323e5ef324 sp=0x000000cebb8fe4f0
Event: 6.615 Thread 0x00000232607ea0e0 DEOPT UNPACKING pc=0x0000023236a65c23 sp=0x000000cebb8fe458 mode 2
Event: 6.615 Thread 0x00000232607ea0e0 Uncommon trap: trap_request=0xffffffde fr.pc=0x000002323e5ef324 relative=0x00000000000002e4
Event: 6.615 Thread 0x00000232607ea0e0 Uncommon trap: reason=class_check action=maybe_recompile pc=0x000002323e5ef324 method=java.util.HashMap.getNode(Ljava/lang/Object;)Ljava/util/HashMap$Node; @ 128 c2
Event: 6.615 Thread 0x00000232607ea0e0 DEOPT PACKING pc=0x000002323e5ef324 sp=0x000000cebb8fe5f0
Event: 6.615 Thread 0x00000232607ea0e0 DEOPT UNPACKING pc=0x0000023236a65c23 sp=0x000000cebb8fe558 mode 2

Classes loaded (20 events):
Event: 6.456 Loading class java/applet/Applet
Event: 6.465 Loading class java/awt/Panel
Event: 6.465 Loading class java/awt/Panel done
Event: 6.465 Loading class java/applet/Applet done
Event: 6.465 Loading class javax/swing/KeyboardManager
Event: 6.465 Loading class javax/swing/KeyboardManager done
Event: 6.465 Loading class javax/swing/Popup$HeavyWeightWindow
Event: 6.465 Loading class sun/awt/ModalExclude
Event: 6.465 Loading class sun/awt/ModalExclude done
Event: 6.465 Loading class javax/swing/JWindow
Event: 6.465 Loading class javax/swing/JWindow done
Event: 6.465 Loading class javax/swing/Popup$HeavyWeightWindow done
Event: 6.993 Loading class java/lang/InterruptedException
Event: 6.993 Loading class java/lang/InterruptedException done
Event: 6.993 Loading class java/lang/Throwable$WrappedPrintStream
Event: 6.993 Loading class java/lang/Throwable$PrintStreamOrWriter
Event: 6.993 Loading class java/lang/Throwable$PrintStreamOrWriter done
Event: 6.993 Loading class java/lang/Throwable$WrappedPrintStream done
Event: 7.002 Loading class java/lang/StackTraceElement$HashedModules
Event: 7.002 Loading class java/lang/StackTraceElement$HashedModules done

Classes unloaded (0 events):
No events

Classes redefined (0 events):
No events

Internal exceptions (17 events):
Event: 0.039 Thread 0x000002322d828060 Exception <a 'java/lang/NoSuchMethodError'{0x000000062ceaab60}: 'void java.lang.invoke.DirectMethodHandle$Holder.invokeStatic(java.lang.Object, java.lang.Object, java.lang.Object)'> (0x000000062ceaab60) 
thrown [s\src\hotspot\share\interpreter\linkResolver.cpp, line 759]
Event: 0.042 Thread 0x000002322d828060 Exception <a 'java/lang/NoSuchMethodError'{0x000000062cec3878}: 'java.lang.Object java.lang.invoke.Invokers$Holder.invokeExact_MT(java.lang.Object, java.lang.Object, java.lang.Object, java.lang.Object, java.lang.Object)'> (0x000000062cec3878) 
thrown [s\src\hotspot\share\interpreter\linkResolver.cpp, line 759]
Event: 0.047 Thread 0x0000023260594a30 Exception <a 'java/lang/NoSuchMethodError'{0x000000062cee83c0}: 'void java.lang.invoke.DirectMethodHandle$Holder.invokeStatic(java.lang.Object, java.lang.Object)'> (0x000000062cee83c0) 
thrown [s\src\hotspot\share\interpreter\linkResolver.cpp, line 759]
Event: 0.064 Thread 0x000002322d828060 Exception <a 'java/lang/ClassNotFoundException'{0x000000062cfdce10}: sun/awt/resources/spi/awtProvider> (0x000000062cfdce10) 
thrown [s\src\hotspot\share\classfile\systemDictionary.cpp, line 255]
Event: 0.083 Thread 0x000002322d828060 Exception <a 'java/io/FileNotFoundException'{0x000000062c82e8d8}> (0x000000062c82e8d8) 
thrown [s\src\hotspot\share\prims\jni.cpp, line 516]
Event: 0.087 Thread 0x000002322d828060 Exception <a 'java/io/FileNotFoundException'{0x000000062c85ba18}> (0x000000062c85ba18) 
thrown [s\src\hotspot\share\prims\jni.cpp, line 516]
Event: 0.116 Thread 0x000002322d828060 Exception <a 'java/lang/NoSuchMethodError'{0x000000062c907270}: 'java.lang.Object java.lang.invoke.DirectMethodHandle$Holder.invokeStaticInit(java.lang.Object)'> (0x000000062c907270) 
thrown [s\src\hotspot\share\interpreter\linkResolver.cpp, line 759]
Event: 0.303 Thread 0x00000232607ea0e0 Exception <a 'java/lang/NoSuchMethodError'{0x000000062ca37ef0}: 'void java.lang.invoke.DirectMethodHandle$Holder.invokeSpecial(java.lang.Object, java.lang.Object, java.lang.Object)'> (0x000000062ca37ef0) 
thrown [s\src\hotspot\share\interpreter\linkResolver.cpp, line 759]
Event: 0.308 Thread 0x00000232607ea0e0 Exception <a 'java/lang/NoSuchMethodError'{0x000000062ca62ca8}: 'java.lang.Object java.lang.invoke.DirectMethodHandle$Holder.newInvokeSpecial(java.lang.Object, java.lang.Object, java.lang.Object, java.lang.Object, java.lang.Object)'> (0x000000062ca62ca8) 
thrown [s\src\hotspot\share\interpreter\linkResolver.cpp, line 759]
Event: 0.312 Thread 0x00000232607ea0e0 Exception <a 'java/lang/NoSuchMethodError'{0x000000062cb0f788}: 'java.lang.Object java.lang.invoke.DirectMethodHandle$Holder.invokeStatic(java.lang.Object, int, java.lang.Object)'> (0x000000062cb0f788) 
thrown [s\src\hotspot\share\interpreter\linkResolver.cpp, line 759]
Event: 0.328 Thread 0x00000232607ea0e0 Exception <a 'java/lang/ClassNotFoundException'{0x000000062cbcc300}: com/sun/swing/internal/plaf/metal/resources/spi/metalProvider> (0x000000062cbcc300) 
thrown [s\src\hotspot\share\classfile\systemDictionary.cpp, line 255]
Event: 0.329 Thread 0x00000232607ea0e0 Exception <a 'java/lang/ClassNotFoundException'{0x000000062cbd0338}: com/sun/swing/internal/plaf/basic/resources/spi/basicProvider> (0x000000062cbd0338) 
thrown [s\src\hotspot\share\classfile\systemDictionary.cpp, line 255]
Event: 0.335 Thread 0x00000232607ea0e0 Exception <a 'java/lang/NoSuchMethodError'{0x000000062cbed558}: 'int java.lang.invoke.Invokers$Holder.invokeExact_MT(java.lang.Object, java.lang.Object)'> (0x000000062cbed558) 
thrown [s\src\hotspot\share\interpreter\linkResolver.cpp, line 759]
Event: 0.380 Thread 0x00000232607ccfa0 Exception <a 'java/lang/NoSuchMethodError'{0x000000062c980ae0}: 'void java.lang.invoke.DirectMethodHandle$Holder.invokeVirtual(java.lang.Object, java.lang.Object)'> (0x000000062c980ae0) 
thrown [s\src\hotspot\share\interpreter\linkResolver.cpp, line 759]
Event: 0.391 Thread 0x00000232607ea0e0 Exception <a 'java/lang/NoSuchMethodError'{0x000000062c420f68}: 'void java.lang.invoke.DirectMethodHandle$Holder.invokeStaticInit(java.lang.Object)'> (0x000000062c420f68) 
thrown [s\src\hotspot\share\interpreter\linkResolver.cpp, line 759]
Event: 1.119 Thread 0x0000023259462240 Exception <a 'java/lang/NoSuchMethodError'{0x000000062c66d8f0}: 'java.lang.Object java.lang.invoke.Invokers$Holder.invokeExact_MT(java.lang.Object, java.lang.Object, java.lang.Object, java.lang.Object, java.lang.Object, java.lang.Object)'> (0x000000062c66d8f0) 
thrown [s\src\hotspot\share\interpreter\linkResolver.cpp, line 759]
Event: 6.993 Thread 0x00000232607ea0e0 Exception <a 'java/lang/NullPointerException'{0x000000062c7527f0}> (0x000000062c7527f0) 
thrown [s\src\hotspot\share\interpreter\linkResolver.cpp, line 1350]

VM Operations (20 events):
Event: 0.026 Executing VM operation: HandshakeAllThreads done
Event: 0.045 Executing VM operation: HandshakeAllThreads
Event: 0.045 Executing VM operation: HandshakeAllThreads done
Event: 0.346 Executing VM operation: HandshakeAllThreads
Event: 0.346 Executing VM operation: HandshakeAllThreads done
Event: 0.496 Executing VM operation: HandshakeAllThreads
Event: 0.496 Executing VM operation: HandshakeAllThreads done
Event: 1.510 Executing VM operation: Cleanup
Event: 1.510 Executing VM operation: Cleanup done
Event: 2.520 Executing VM operation: Cleanup
Event: 2.520 Executing VM operation: Cleanup done
Event: 4.534 Executing VM operation: Cleanup
Event: 4.534 Executing VM operation: Cleanup done
Event: 5.543 Executing VM operation: Cleanup
Event: 5.543 Executing VM operation: Cleanup done
Event: 6.551 Executing VM operation: Cleanup
Event: 6.551 Executing VM operation: Cleanup done
Event: 7.558 Executing VM operation: Cleanup
Event: 7.558 Executing VM operation: Cleanup done
Event: 10.098 Executing VM operation: Exit

Events (20 events):
Event: 0.116 Thread 0x00000232607b76b0 Thread added: 0x00000232607b76b0
Event: 0.117 Thread 0x00000232606f85e0 Thread added: 0x00000232606f85e0
Event: 0.117 Thread 0x00000232607ccfa0 Thread added: 0x00000232607ccfa0
Event: 0.128 Thread 0x00000232607ea0e0 Thread added: 0x00000232607ea0e0
Event: 0.128 Thread 0x000002322d828060 Thread exited: 0x000002322d828060
Event: 0.128 Thread 0x000002322d828060 Thread added: 0x000002322d828060
Event: 0.399 Loaded shared library C:\Users\kamyk\.jdks\corretto-18.0.2\bin\freetype.dll
Event: 0.404 Loaded shared library C:\Users\kamyk\.jdks\corretto-18.0.2\bin\fontmanager.dll
Event: 0.483 Thread 0x0000023267bcb500 Thread added: 0x0000023267bcb500
Event: 1.107 Thread 0x00000232594803a0 Thread exited: 0x00000232594803a0
Event: 1.107 Thread 0x0000023259480dc0 Thread exited: 0x0000023259480dc0
Event: 1.115 Thread 0x00000232594817e0 Thread added: 0x00000232594817e0
Event: 1.733 Thread 0x00000232594817e0 Thread exited: 0x00000232594817e0
Event: 1.733 Thread 0x0000023259482c20 Thread exited: 0x0000023259482c20
Event: 9.992 Thread 0x0000023267cfa8e0 Thread added: 0x0000023267cfa8e0
Event: 9.992 Thread 0x0000023267cfada0 Thread added: 0x0000023267cfada0
Event: 9.992 Thread 0x0000023267cfada0 Thread exited: 0x0000023267cfada0
Event: 9.992 Thread 0x0000023267bcb500 Thread exited: 0x0000023267bcb500
Event: 10.027 Thread 0x00000232607ccfa0 Thread exited: 0x00000232607ccfa0
Event: 10.098 Thread 0x0000023267cfa8e0 Thread exited: 0x0000023267cfa8e0


Dynamic libraries:
0x00007ff6e90d0000 - 0x00007ff6e90dd000 	C:\Users\kamyk\.jdks\corretto-18.0.2\bin\java.exe
0x00007ffc254c0000 - 0x00007ffc25728000 	C:\WINDOWS\SYSTEM32\ntdll.dll
0x00007ffc23be0000 - 0x00007ffc23ca9000 	C:\WINDOWS\System32\KERNEL32.DLL
0x00007ffc22e70000 - 0x00007ffc2325d000 	C:\WINDOWS\System32\KERNELBASE.dll
0x00007ffc226d0000 - 0x00007ffc2281b000 	C:\WINDOWS\System32\ucrtbase.dll
0x00007ffc1ee50000 - 0x00007ffc1ee67000 	C:\Users\kamyk\.jdks\corretto-18.0.2\bin\jli.dll
0x00007ffc1ee30000 - 0x00007ffc1ee45000 	C:\Users\kamyk\.jdks\corretto-18.0.2\bin\VCRUNTIME140.dll
0x00007ffc24bd0000 - 0x00007ffc24d9c000 	C:\WINDOWS\System32\USER32.dll
0x00007ffc0bb30000 - 0x00007ffc0bdca000 	C:\WINDOWS\WinSxS\amd64_microsoft.windows.common-controls_6595b64144ccf1df_6.0.26100.4484_none_3e0e6d4ce32ef3b3\COMCTL32.dll
0x00007ffc22820000 - 0x00007ffc22847000 	C:\WINDOWS\System32\win32u.dll
0x00007ffc252f0000 - 0x00007ffc25399000 	C:\WINDOWS\System32\msvcrt.dll
0x00007ffc24ba0000 - 0x00007ffc24bcb000 	C:\WINDOWS\System32\GDI32.dll
0x00007ffc22850000 - 0x00007ffc22987000 	C:\WINDOWS\System32\gdi32full.dll
0x00007ffc22dc0000 - 0x00007ffc22e63000 	C:\WINDOWS\System32\msvcp_win.dll
0x00007ffc248f0000 - 0x00007ffc2491f000 	C:\WINDOWS\System32\IMM32.DLL
0x00007ffc1ed90000 - 0x00007ffc1ee2b000 	C:\Users\kamyk\.jdks\corretto-18.0.2\bin\msvcp140.dll
0x00007ffb21270000 - 0x00007ffb21ee1000 	C:\Users\kamyk\.jdks\corretto-18.0.2\bin\server\jvm.dll
0x00007ffc25230000 - 0x00007ffc252e4000 	C:\WINDOWS\System32\ADVAPI32.dll
0x00007ffc23660000 - 0x00007ffc23706000 	C:\WINDOWS\System32\sechost.dll
0x00007ffc238b0000 - 0x00007ffc239c8000 	C:\WINDOWS\System32\RPCRT4.dll
0x00007ffc23290000 - 0x00007ffc23298000 	C:\WINDOWS\System32\PSAPI.DLL
0x00007ffc15ed0000 - 0x00007ffc15f05000 	C:\WINDOWS\SYSTEM32\WINMM.dll
0x00007ffc00c60000 - 0x00007ffc00c6a000 	C:\WINDOWS\SYSTEM32\WSOCK32.dll
0x00007ffc1b520000 - 0x00007ffc1b52b000 	C:\WINDOWS\SYSTEM32\VERSION.dll
0x00007ffc234e0000 - 0x00007ffc23554000 	C:\WINDOWS\System32\WS2_32.dll
0x00007ffc21380000 - 0x00007ffc2139b000 	C:\WINDOWS\SYSTEM32\kernel.appcore.dll
0x00007ffc02950000 - 0x00007ffc0295a000 	C:\Users\kamyk\.jdks\corretto-18.0.2\bin\jimage.dll
0x00007ffc1fde0000 - 0x00007ffc20021000 	C:\WINDOWS\SYSTEM32\DBGHELP.DLL
0x00007ffc24560000 - 0x00007ffc248e6000 	C:\WINDOWS\System32\combase.dll
0x00007ffc24400000 - 0x00007ffc244e0000 	C:\WINDOWS\System32\OLEAUT32.dll
0x00007ffbff1b0000 - 0x00007ffbff1f3000 	C:\WINDOWS\SYSTEM32\dbgcore.DLL
0x00007ffc22b10000 - 0x00007ffc22ba9000 	C:\WINDOWS\System32\bcryptPrimitives.dll
0x00007ffc07a50000 - 0x00007ffc07a5e000 	C:\Users\kamyk\.jdks\corretto-18.0.2\bin\instrument.dll
0x00007ffc02900000 - 0x00007ffc02925000 	C:\Users\kamyk\.jdks\corretto-18.0.2\bin\java.dll
0x00007ffbfb7c0000 - 0x00007ffbfb896000 	C:\Users\kamyk\.jdks\corretto-18.0.2\bin\jsvml.dll
0x00007ffc23cb0000 - 0x00007ffc243fa000 	C:\WINDOWS\System32\SHELL32.dll
0x00007ffc22990000 - 0x00007ffc22b04000 	C:\WINDOWS\System32\wintypes.dll
0x00007ffc200c0000 - 0x00007ffc2091b000 	C:\WINDOWS\SYSTEM32\windows.storage.dll
0x00007ffc23560000 - 0x00007ffc23655000 	C:\WINDOWS\System32\SHCORE.dll
0x00007ffc244f0000 - 0x00007ffc2455a000 	C:\WINDOWS\System32\shlwapi.dll
0x00007ffc22520000 - 0x00007ffc2254f000 	C:\WINDOWS\SYSTEM32\profapi.dll
0x00007ffbfc6a0000 - 0x00007ffbfc6b8000 	C:\Users\kamyk\.jdks\corretto-18.0.2\bin\zip.dll
0x00007ffc028e0000 - 0x00007ffc028f3000 	C:\Users\kamyk\.jdks\corretto-18.0.2\bin\net.dll
0x00007ffc1c050000 - 0x00007ffc1c16e000 	C:\WINDOWS\SYSTEM32\WINHTTP.dll
0x00007ffc21940000 - 0x00007ffc219aa000 	C:\WINDOWS\system32\mswsock.dll
0x00007ffbfd580000 - 0x00007ffbfd595000 	C:\Users\kamyk\.jdks\corretto-18.0.2\bin\nio.dll
0x00007ffc06e40000 - 0x00007ffc06e5a000 	F:\Program Files\JetBrains\IntelliJ IDEA 2024.1.1\bin\breakgen64.dll
0x00007ffbe9850000 - 0x00007ffbe99f7000 	C:\Users\kamyk\.jdks\corretto-18.0.2\bin\awt.dll
0x00007ffc1f1b0000 - 0x00007ffc1f24e000 	C:\WINDOWS\SYSTEM32\apphelp.dll
0x00007ffc1f300000 - 0x00007ffc1f3af000 	C:\WINDOWS\system32\uxtheme.dll
0x0000000180000000 - 0x0000000188144000 	C:\Program Files (x86)\ASUS\GPUTweakIII\GTIII-OSD\x64\GTIII-OSD64-VK.dll
0x00007ffc23330000 - 0x00007ffc234ce000 	C:\WINDOWS\System32\ole32.dll
0x00007ffbfb560000 - 0x00007ffbfb6e5000 	C:\WINDOWS\SYSTEM32\vulkan-1.dll
0x00007ffc221e0000 - 0x00007ffc22237000 	C:\WINDOWS\SYSTEM32\CFGMGR32.dll
0x00007ffc24930000 - 0x00007ffc24a90000 	C:\WINDOWS\System32\MSCTF.dll
0x00007ffc1f660000 - 0x00007ffc1f696000 	C:\WINDOWS\system32\DWMAPI.DLL
0x00000232612d0000 - 0x00000232613e8000 	C:\WINDOWS\system32\opengl32.dll
0x00007ffc05ce0000 - 0x00007ffc05d0d000 	C:\WINDOWS\SYSTEM32\GLU32.dll
0x00007ffc1f610000 - 0x00007ffc1f65d000 	C:\WINDOWS\SYSTEM32\dxcore.dll
0x00007ffc21c60000 - 0x00007ffc21c73000 	C:\WINDOWS\SYSTEM32\msasn1.dll
0x00007ffc1b4e0000 - 0x00007ffc1b51b000 	C:\WINDOWS\SYSTEM32\cryptnet.dll
0x00007ffc22bb0000 - 0x00007ffc22d27000 	C:\WINDOWS\System32\CRYPT32.dll
0x00007ffc21bf0000 - 0x00007ffc21bfc000 	C:\WINDOWS\SYSTEM32\cryptbase.dll
0x00007ffc21cd0000 - 0x00007ffc21d3b000 	C:\WINDOWS\SYSTEM32\wldp.dll
0x00007ffc1a870000 - 0x00007ffc1a9ec000 	C:\WINDOWS\SYSTEM32\drvstore.dll
0x00007ffc22260000 - 0x00007ffc2228d000 	C:\WINDOWS\SYSTEM32\devobj.dll
0x00007ffc22d30000 - 0x00007ffc22db4000 	C:\WINDOWS\System32\wintrust.dll
0x00007ffc239d0000 - 0x00007ffc239f0000 	C:\WINDOWS\System32\imagehlp.dll
0x00007ffc21c00000 - 0x00007ffc21c1b000 	C:\WINDOWS\SYSTEM32\CRYPTSP.dll
0x00007ffc212e0000 - 0x00007ffc2131b000 	C:\WINDOWS\system32\rsaenh.dll
0x00007ffc224f0000 - 0x00007ffc22516000 	C:\WINDOWS\SYSTEM32\bcrypt.dll
0x00007ffc1c420000 - 0x00007ffc1c484000 	C:\WINDOWS\SYSTEM32\directxdatabasehelper.dll
0x00007ffbecfa0000 - 0x00007ffbed2b4000 	C:\WINDOWS\system32\nvspcap64.dll
0x00007ffc214c0000 - 0x00007ffc214f6000 	C:\WINDOWS\SYSTEM32\ntmarta.dll
0x00007ffc219b0000 - 0x00007ffc219d7000 	C:\WINDOWS\SYSTEM32\gpapi.dll
0x00007ffbec510000 - 0x00007ffbec6c4000 	C:\WINDOWS\System32\DriverStore\FileRepository\nv_dispi.inf_amd64_3f8b32ec1762de58\nvppex.dll
0x00007ffbeab80000 - 0x00007ffbeac03000 	C:\Users\kamyk\.jdks\corretto-18.0.2\bin\freetype.dll
0x00007ffbe9ac0000 - 0x00007ffbe9b65000 	C:\Users\kamyk\.jdks\corretto-18.0.2\bin\fontmanager.dll
0x00007ffc0ca00000 - 0x00007ffc0cb50000 	C:\WINDOWS\SYSTEM32\textinputframework.dll
0x00007ffc1eeb0000 - 0x00007ffc1efd5000 	C:\WINDOWS\SYSTEM32\CoreMessaging.dll
0x00007ffc1b910000 - 0x00007ffc1bbf3000 	C:\WINDOWS\SYSTEM32\CoreUIComponents.dll
0x0000023269450000 - 0x00000232716b6000 	C:\Program Files (x86)\ASUS\GPUTweakIII\GTIII-OSD\x64\GTIII-OSD64.dll
0x00007ffbae580000 - 0x00007ffbae5a3000 	C:\WINDOWS\SYSTEM32\d3d12.dll
0x00007ffc1cbb0000 - 0x00007ffc1cbe4000 	C:\WINDOWS\SYSTEM32\d3d10_1.dll
0x00007ffc1d360000 - 0x00007ffc1d7df000 	C:\WINDOWS\SYSTEM32\D3DCOMPILER_47.dll
0x00007ffb873a0000 - 0x00007ffb87603000 	C:\WINDOWS\SYSTEM32\d3dx9_43.dll
0x00007ffc1c6d0000 - 0x00007ffc1c6de000 	C:\WINDOWS\SYSTEM32\d3d10_1core.dll
0x00007ffc1e300000 - 0x00007ffc1e567000 	C:\WINDOWS\SYSTEM32\d3d11.dll
0x00007ffc1f490000 - 0x00007ffc1f5c8000 	C:\WINDOWS\SYSTEM32\dxgi.dll
0x00000232717c0000 - 0x00000232798ef000 	C:\Program Files (x86)\ASUS\GPUTweakIII\GTIII-OSD\x64\GTIII-OSD64-GL.dll
0x0000000054900000 - 0x0000000054963000 	C:\Program Files (x86)\ASUS\GPUTweakIII\GTIII-OSD\x64\glew32.dll

dbghelp: loaded successfully - version: 4.0.5 - missing functions: none
symbol engine: initialized successfully - sym options: 0x614 - pdb path: .;C:\Users\kamyk\.jdks\corretto-18.0.2\bin;C:\WINDOWS\SYSTEM32;C:\WINDOWS\WinSxS\amd64_microsoft.windows.common-controls_6595b64144ccf1df_6.0.26100.4484_none_3e0e6d4ce32ef3b3;C:\Users\kamyk\.jdks\corretto-18.0.2\bin\server;F:\Program Files\JetBrains\IntelliJ IDEA 2024.1.1\bin;C:\Program Files (x86)\ASUS\GPUTweakIII\GTIII-OSD\x64;C:\WINDOWS\System32\DriverStore\FileRepository\nv_dispi.inf_amd64_3f8b32ec1762de58

VM Arguments:
jvm_args: -javaagent:F:\Program Files\JetBrains\IntelliJ IDEA 2024.1.1\lib\idea_rt.jar=50913:F:\Program Files\JetBrains\IntelliJ IDEA 2024.1.1\bin -Dfile.encoding=UTF-8 -Dsun.stdout.encoding=UTF-8 -Dsun.stderr.encoding=UTF-8 
java_command: Game.Game
java_class_path (initial): C:\Users\kamyk\Documents\GitHub\Projects\MyTetrisGame\out\production\MyTetrisGame
Launcher Type: SUN_STANDARD

[Global flags]
     intx CICompilerCount                          = 12                                        {product} {ergonomic}
     uint ConcGCThreads                            = 3                                         {product} {ergonomic}
     uint G1ConcRefinementThreads                  = 13                                        {product} {ergonomic}
   size_t G1HeapRegionSize                         = 4194304                                   {product} {ergonomic}
    uintx GCDrainStackTargetSize                   = 64                                        {product} {ergonomic}
   size_t InitialHeapSize                          = 524288000                                 {product} {ergonomic}
   size_t MarkStackSize                            = 4194304                                   {product} {ergonomic}
   size_t MaxHeapSize                              = 8359247872                                {product} {ergonomic}
   size_t MaxNewSize                               = 5012193280                                {product} {ergonomic}
   size_t MinHeapDeltaBytes                        = 4194304                                   {product} {ergonomic}
   size_t MinHeapSize                              = 8388608                                   {product} {ergonomic}
    uintx NonNMethodCodeHeapSize                   = 7602480                                {pd product} {ergonomic}
    uintx NonProfiledCodeHeapSize                  = 122027880                              {pd product} {ergonomic}
    uintx ProfiledCodeHeapSize                     = 122027880                              {pd product} {ergonomic}
    uintx ReservedCodeCacheSize                    = 251658240                              {pd product} {ergonomic}
     bool SegmentedCodeCache                       = true                                      {product} {ergonomic}
   size_t SoftMaxHeapSize                          = 8359247872                             {manageable} {ergonomic}
     bool UseCompressedClassPointers               = true                           {product lp64_product} {ergonomic}
     bool UseCompressedOops                        = true                           {product lp64_product} {ergonomic}
     bool UseG1GC                                  = true                                      {product} {ergonomic}
     bool UseLargePagesIndividualAllocation        = false                                  {pd product} {ergonomic}

Logging:
Log output configuration:
 #0: stdout all=off uptime,level,tags foldmultilines=false
 #1: stderr all=off uptime,level,tags foldmultilines=false

Environment Variables:
PATH=C:\Program Files\Microsoft SDKs\Azure\CLI2\wbin;C:\WINDOWS\system32;C:\WINDOWS;C:\WINDOWS\System32\Wbem;C:\WINDOWS\System32\WindowsPowerShell\v1.0\;C:\WINDOWS\System32\OpenSSH\;C:\Program Files\dotnet\;C:\Program Files\NVIDIA Corporation\NVIDIA App\NvDLISR;C:\Program Files (x86)\NVIDIA Corporation\PhysX\Common;C:\Program Files\Git\cmd;C:\Users\kamyk\AppData\Local\Programs\Python\Launcher\;C:\Users\kamyk\AppData\Local\Microsoft\WindowsApps;C:\Users\kamyk\AppData\Local\GitHubDesktop\bin;F:\Program Files\GitHubDesktop\bin;C:\Users\kamyk\AppData\Local\Pandoc\
USERNAME=kamyk
OS=Windows_NT
PROCESSOR_IDENTIFIER=AMD64 Family 25 Model 97 Stepping 2, AuthenticAMD



---------------  S Y S T E M  ---------------

OS:
 Windows 11 , 64 bit Build 26100 (10.0.26100.4484)
OS uptime: 0 days 0:52 hours
Hyper-V role detected

CPU: total 16 (initial active 16) (16 cores per cpu, 2 threads per core) family 25 model 97 stepping 2 microcode 0xa601209, cx8, cmov, fxsr, ht, mmx, 3dnowpref, sse, sse2, sse3, ssse3, sse4a, sse4.1, sse4.2, popcnt, lzcnt, tsc, tscinvbit, avx, avx2, aes, erms, clmul, bmi1, bmi2, adx, avx512f, avx512dq, avx512cd, avx512bw, avx512vl, sha, fma, vzeroupper, avx512_vpopcntdq, avx512_vpclmulqdq, avx512_vaes, avx512_vnni, clflush, clflushopt, avx512_vbmi2, avx512_vbmi, hv

Memory: 4k page, system-wide physical 31882M (16073M free)
TotalPageFile size 81034M (AvailPageFile size 52818M)
current process WorkingSet (physical memory assigned to process): 89M, peak: 110M
current process commit charge ("private bytes"): 1025M, peak: 1066M

vm_info: OpenJDK 64-Bit Server VM (18.0.2+9-FR) for windows-amd64 JRE (18.0.2+9-FR), built on Jul 15 2022 20:03:03 by "Administrator" with MS VC++ 15.9 (VS2017)

END.
